info: ::1 - - [24/Feb/2022:18:30:04 +0000] "GET /api/v1/books/newArr HTTP/1.1" 200 1101 "http://localhost:4200/" "Mozilla/5.0 (Windows NT 6.3; Win64; x64) AppleWebKit/537.36 (KHTML, like Gecko) Chrome/98.0.4758.102 Safari/537.36"

info: ::1 - - [24/Feb/2022:18:30:14 +0000] "GET /api/v1/books/priceLtoH HTTP/1.1" 304 - "http://localhost:4200/" "Mozilla/5.0 (Windows NT 6.3; Win64; x64) AppleWebKit/537.36 (KHTML, like Gecko) Chrome/98.0.4758.102 Safari/537.36"

info: ::1 - - [24/Feb/2022:18:31:42 +0000] "GET /api/v1/books/ HTTP/1.1" 304 - "http://localhost:4200/" "Mozilla/5.0 (Windows NT 6.3; Win64; x64) AppleWebKit/537.36 (KHTML, like Gecko) Chrome/98.0.4758.102 Safari/537.36"

info: ::1 - - [24/Feb/2022:18:33:34 +0000] "GET /api/v1/books/ HTTP/1.1" 304 - "http://localhost:4200/" "Mozilla/5.0 (Windows NT 6.3; Win64; x64) AppleWebKit/537.36 (KHTML, like Gecko) Chrome/98.0.4758.102 Safari/537.36"

info: ::1 - - [24/Feb/2022:18:43:02 +0000] "GET /api/v1/books/ HTTP/1.1" 304 - "http://localhost:4200/" "Mozilla/5.0 (Windows NT 6.3; Win64; x64) AppleWebKit/537.36 (KHTML, like Gecko) Chrome/98.0.4758.102 Safari/537.36"

info: ::ffff:127.0.0.1 - - [24/Feb/2022:18:47:19 +0000] "POST /api/v1/cart HTTP/1.1" 500 146 "-" "Thunder Client (https://www.thunderclient.com)"

info: ::ffff:127.0.0.1 - - [24/Feb/2022:18:48:53 +0000] "POST /api/v1/cart HTTP/1.1" 500 72 "-" "Thunder Client (https://www.thunderclient.com)"

info: ::ffff:127.0.0.1 - - [24/Feb/2022:18:49:13 +0000] "POST /api/v1/cart HTTP/1.1" 500 146 "-" "Thunder Client (https://www.thunderclient.com)"

info: ::1 - - [25/Feb/2022:05:50:38 +0000] "GET /api/v1/books/ HTTP/1.1" 304 - "http://localhost:4200/" "Mozilla/5.0 (Windows NT 6.3; Win64; x64) AppleWebKit/537.36 (KHTML, like Gecko) Chrome/98.0.4758.102 Safari/537.36"

info: ::1 - - [25/Feb/2022:05:55:15 +0000] "GET /api/v1/books/priceHtoL HTTP/1.1" 304 - "http://localhost:4200/" "Mozilla/5.0 (Windows NT 6.3; Win64; x64) AppleWebKit/537.36 (KHTML, like Gecko) Chrome/98.0.4758.102 Safari/537.36"

info: ::1 - - [25/Feb/2022:05:55:21 +0000] "GET /api/v1/books/priceLtoH HTTP/1.1" 304 - "http://localhost:4200/" "Mozilla/5.0 (Windows NT 6.3; Win64; x64) AppleWebKit/537.36 (KHTML, like Gecko) Chrome/98.0.4758.102 Safari/537.36"

info: ::1 - - [25/Feb/2022:05:55:25 +0000] "GET /api/v1/books/newArr HTTP/1.1" 304 - "http://localhost:4200/" "Mozilla/5.0 (Windows NT 6.3; Win64; x64) AppleWebKit/537.36 (KHTML, like Gecko) Chrome/98.0.4758.102 Safari/537.36"

info: ::ffff:127.0.0.1 - - [25/Feb/2022:06:26:12 +0000] "POST /api/v1/cart HTTP/1.1" 500 146 "-" "Thunder Client (https://www.thunderclient.com)"

info: ::ffff:127.0.0.1 - - [25/Feb/2022:06:53:56 +0000] "POST /api/v1/cart HTTP/1.1" 500 72 "-" "Thunder Client (https://www.thunderclient.com)"

info: ::ffff:127.0.0.1 - - [25/Feb/2022:06:56:11 +0000] "POST /api/v1/cart HTTP/1.1" 500 72 "-" "Thunder Client (https://www.thunderclient.com)"

info: ::ffff:127.0.0.1 - - [25/Feb/2022:06:57:58 +0000] "POST /api/v1/cart HTTP/1.1" 500 72 "-" "Thunder Client (https://www.thunderclient.com)"

info: ::ffff:127.0.0.1 - - [25/Feb/2022:06:59:49 +0000] "POST /api/v1/cart HTTP/1.1" 201 235 "-" "Thunder Client (https://www.thunderclient.com)"

info: ::ffff:127.0.0.1 - - [25/Feb/2022:07:00:09 +0000] "POST /api/v1/cart HTTP/1.1" 201 235 "-" "Thunder Client (https://www.thunderclient.com)"

info: ::1 - - [25/Feb/2022:09:17:04 +0000] "GET /api/v1/books/ HTTP/1.1" 304 - "http://localhost:4200/" "Mozilla/5.0 (Windows NT 6.3; Win64; x64) AppleWebKit/537.36 (KHTML, like Gecko) Chrome/98.0.4758.102 Safari/537.36"

info: ::1 - - [25/Feb/2022:09:20:00 +0000] "GET /api/v1/books/ HTTP/1.1" 304 - "http://localhost:4200/" "Mozilla/5.0 (Windows NT 6.3; Win64; x64) AppleWebKit/537.36 (KHTML, like Gecko) Chrome/98.0.4758.102 Safari/537.36"

info: ::1 - - [25/Feb/2022:09:25:30 +0000] "GET /api/v1/books/ HTTP/1.1" 304 - "http://localhost:4200/" "Mozilla/5.0 (Windows NT 6.3; Win64; x64) AppleWebKit/537.36 (KHTML, like Gecko) Chrome/98.0.4758.102 Safari/537.36"

info: ::1 - - [25/Feb/2022:09:26:13 +0000] "GET /api/v1/books/ HTTP/1.1" 304 - "http://localhost:4200/" "Mozilla/5.0 (Windows NT 6.3; Win64; x64) AppleWebKit/537.36 (KHTML, like Gecko) Chrome/98.0.4758.102 Safari/537.36"

info: ::1 - - [25/Feb/2022:09:26:58 +0000] "GET /api/v1/books/ HTTP/1.1" 304 - "http://localhost:4200/" "Mozilla/5.0 (Windows NT 6.3; Win64; x64) AppleWebKit/537.36 (KHTML, like Gecko) Chrome/98.0.4758.102 Safari/537.36"

info: ::1 - - [25/Feb/2022:09:27:45 +0000] "GET /api/v1/books/ HTTP/1.1" 304 - "http://localhost:4200/" "Mozilla/5.0 (Windows NT 6.3; Win64; x64) AppleWebKit/537.36 (KHTML, like Gecko) Chrome/98.0.4758.102 Safari/537.36"

info: ::1 - - [25/Feb/2022:09:28:29 +0000] "GET /api/v1/books/ HTTP/1.1" 304 - "http://localhost:4200/" "Mozilla/5.0 (Windows NT 6.3; Win64; x64) AppleWebKit/537.36 (KHTML, like Gecko) Chrome/98.0.4758.102 Safari/537.36"

info: ::1 - - [25/Feb/2022:09:28:36 +0000] "GET /api/v1/books/ HTTP/1.1" 304 - "http://localhost:4200/" "Mozilla/5.0 (Windows NT 6.3; Win64; x64) AppleWebKit/537.36 (KHTML, like Gecko) Chrome/98.0.4758.102 Safari/537.36"

info: ::1 - - [25/Feb/2022:09:29:40 +0000] "GET /api/v1/books/ HTTP/1.1" 304 - "http://localhost:4200/" "Mozilla/5.0 (Windows NT 6.3; Win64; x64) AppleWebKit/537.36 (KHTML, like Gecko) Chrome/98.0.4758.102 Safari/537.36"

info: ::1 - - [25/Feb/2022:09:30:00 +0000] "GET /api/v1/books/ HTTP/1.1" 304 - "http://localhost:4200/" "Mozilla/5.0 (Windows NT 6.3; Win64; x64) AppleWebKit/537.36 (KHTML, like Gecko) Chrome/98.0.4758.102 Safari/537.36"

info: ::1 - - [25/Feb/2022:09:32:30 +0000] "GET /api/v1/books/ HTTP/1.1" 304 - "http://localhost:4200/" "Mozilla/5.0 (Windows NT 6.3; Win64; x64) AppleWebKit/537.36 (KHTML, like Gecko) Chrome/98.0.4758.102 Safari/537.36"

info: ::1 - - [25/Feb/2022:09:33:56 +0000] "GET /api/v1/books/ HTTP/1.1" 304 - "http://localhost:4200/" "Mozilla/5.0 (Windows NT 6.3; Win64; x64) AppleWebKit/537.36 (KHTML, like Gecko) Chrome/98.0.4758.102 Safari/537.36"

info: ::1 - - [25/Feb/2022:09:35:11 +0000] "GET /api/v1/books/ HTTP/1.1" 304 - "http://localhost:4200/" "Mozilla/5.0 (Windows NT 6.3; Win64; x64) AppleWebKit/537.36 (KHTML, like Gecko) Chrome/98.0.4758.102 Safari/537.36"

info: ::1 - - [25/Feb/2022:09:40:41 +0000] "GET /api/v1/books/ HTTP/1.1" 304 - "http://localhost:4200/" "Mozilla/5.0 (Windows NT 6.3; Win64; x64) AppleWebKit/537.36 (KHTML, like Gecko) Chrome/98.0.4758.102 Safari/537.36"

info: ::1 - - [25/Feb/2022:09:43:14 +0000] "GET /api/v1/books/ HTTP/1.1" 304 - "http://localhost:4200/" "Mozilla/5.0 (Windows NT 6.3; Win64; x64) AppleWebKit/537.36 (KHTML, like Gecko) Chrome/98.0.4758.102 Safari/537.36"

info: ::1 - - [25/Feb/2022:09:46:23 +0000] "GET /api/v1/books/ HTTP/1.1" 304 - "http://localhost:4200/" "Mozilla/5.0 (Windows NT 6.3; Win64; x64) AppleWebKit/537.36 (KHTML, like Gecko) Chrome/98.0.4758.102 Safari/537.36"

info: ::1 - - [25/Feb/2022:09:48:14 +0000] "GET /api/v1/books/ HTTP/1.1" 304 - "http://localhost:4200/" "Mozilla/5.0 (Windows NT 6.3; Win64; x64) AppleWebKit/537.36 (KHTML, like Gecko) Chrome/98.0.4758.102 Safari/537.36"

info: ::1 - - [25/Feb/2022:09:48:30 +0000] "GET /api/v1/books/ HTTP/1.1" 304 - "http://localhost:4200/" "Mozilla/5.0 (Windows NT 6.3; Win64; x64) AppleWebKit/537.36 (KHTML, like Gecko) Chrome/98.0.4758.102 Safari/537.36"

info: ::1 - - [25/Feb/2022:09:50:50 +0000] "GET /api/v1/books/ HTTP/1.1" 304 - "http://localhost:4200/" "Mozilla/5.0 (Windows NT 6.3; Win64; x64) AppleWebKit/537.36 (KHTML, like Gecko) Chrome/98.0.4758.102 Safari/537.36"

info: ::1 - - [25/Feb/2022:09:51:10 +0000] "GET /api/v1/books/ HTTP/1.1" 304 - "http://localhost:4200/" "Mozilla/5.0 (Windows NT 6.3; Win64; x64) AppleWebKit/537.36 (KHTML, like Gecko) Chrome/98.0.4758.102 Safari/537.36"

info: ::1 - - [25/Feb/2022:09:53:34 +0000] "GET /api/v1/books/ HTTP/1.1" 304 - "http://localhost:4200/" "Mozilla/5.0 (Windows NT 6.3; Win64; x64) AppleWebKit/537.36 (KHTML, like Gecko) Chrome/98.0.4758.102 Safari/537.36"

info: ::1 - - [25/Feb/2022:09:59:33 +0000] "GET /api/v1/books/ HTTP/1.1" 304 - "http://localhost:4200/" "Mozilla/5.0 (Windows NT 6.3; Win64; x64) AppleWebKit/537.36 (KHTML, like Gecko) Chrome/98.0.4758.102 Safari/537.36"

info: ::1 - - [25/Feb/2022:10:00:57 +0000] "GET /api/v1/books/ HTTP/1.1" 304 - "http://localhost:4200/" "Mozilla/5.0 (Windows NT 6.3; Win64; x64) AppleWebKit/537.36 (KHTML, like Gecko) Chrome/98.0.4758.102 Safari/537.36"

info: ::1 - - [25/Feb/2022:10:01:28 +0000] "GET /api/v1/books/ HTTP/1.1" 304 - "http://localhost:4200/" "Mozilla/5.0 (Windows NT 6.3; Win64; x64) AppleWebKit/537.36 (KHTML, like Gecko) Chrome/98.0.4758.102 Safari/537.36"

info: ::1 - - [25/Feb/2022:10:05:14 +0000] "GET /api/v1/books/ HTTP/1.1" 304 - "http://localhost:4200/" "Mozilla/5.0 (Windows NT 6.3; Win64; x64) AppleWebKit/537.36 (KHTML, like Gecko) Chrome/98.0.4758.102 Safari/537.36"

info: ::1 - - [25/Feb/2022:10:08:44 +0000] "GET /api/v1/books/ HTTP/1.1" 304 - "http://localhost:4200/" "Mozilla/5.0 (Windows NT 6.3; Win64; x64) AppleWebKit/537.36 (KHTML, like Gecko) Chrome/98.0.4758.102 Safari/537.36"

info: ::1 - - [25/Feb/2022:10:10:41 +0000] "GET /api/v1/books/ HTTP/1.1" 304 - "http://localhost:4200/" "Mozilla/5.0 (Windows NT 6.3; Win64; x64) AppleWebKit/537.36 (KHTML, like Gecko) Chrome/98.0.4758.102 Safari/537.36"

info: ::1 - - [25/Feb/2022:10:12:06 +0000] "GET /api/v1/books/ HTTP/1.1" 304 - "http://localhost:4200/" "Mozilla/5.0 (Windows NT 6.3; Win64; x64) AppleWebKit/537.36 (KHTML, like Gecko) Chrome/98.0.4758.102 Safari/537.36"

info: ::1 - - [25/Feb/2022:10:12:39 +0000] "GET /api/v1/books/ HTTP/1.1" 304 - "http://localhost:4200/" "Mozilla/5.0 (Windows NT 6.3; Win64; x64) AppleWebKit/537.36 (KHTML, like Gecko) Chrome/98.0.4758.102 Safari/537.36"

info: ::1 - - [25/Feb/2022:10:12:58 +0000] "GET /api/v1/books/ HTTP/1.1" 304 - "http://localhost:4200/" "Mozilla/5.0 (Windows NT 6.3; Win64; x64) AppleWebKit/537.36 (KHTML, like Gecko) Chrome/98.0.4758.102 Safari/537.36"

info: ::1 - - [25/Feb/2022:10:13:29 +0000] "GET /api/v1/books/ HTTP/1.1" 304 - "http://localhost:4200/" "Mozilla/5.0 (Windows NT 6.3; Win64; x64) AppleWebKit/537.36 (KHTML, like Gecko) Chrome/98.0.4758.102 Safari/537.36"

info: ::1 - - [25/Feb/2022:10:14:57 +0000] "GET /api/v1/books/ HTTP/1.1" 304 - "http://localhost:4200/" "Mozilla/5.0 (Windows NT 6.3; Win64; x64) AppleWebKit/537.36 (KHTML, like Gecko) Chrome/98.0.4758.102 Safari/537.36"

info: ::1 - - [25/Feb/2022:10:15:44 +0000] "GET /api/v1/books/ HTTP/1.1" 304 - "http://localhost:4200/" "Mozilla/5.0 (Windows NT 6.3; Win64; x64) AppleWebKit/537.36 (KHTML, like Gecko) Chrome/98.0.4758.102 Safari/537.36"

info: ::1 - - [25/Feb/2022:10:16:24 +0000] "GET /api/v1/books/ HTTP/1.1" 304 - "http://localhost:4200/" "Mozilla/5.0 (Windows NT 6.3; Win64; x64) AppleWebKit/537.36 (KHTML, like Gecko) Chrome/98.0.4758.102 Safari/537.36"

info: ::1 - - [25/Feb/2022:10:16:36 +0000] "GET /api/v1/books/ HTTP/1.1" 304 - "http://localhost:4200/" "Mozilla/5.0 (Windows NT 6.3; Win64; x64) AppleWebKit/537.36 (KHTML, like Gecko) Chrome/98.0.4758.102 Safari/537.36"

info: ::1 - - [25/Feb/2022:10:16:53 +0000] "GET /api/v1/books/ HTTP/1.1" 304 - "http://localhost:4200/" "Mozilla/5.0 (Windows NT 6.3; Win64; x64) AppleWebKit/537.36 (KHTML, like Gecko) Chrome/98.0.4758.102 Safari/537.36"

info: ::1 - - [25/Feb/2022:10:17:18 +0000] "GET /api/v1/books/ HTTP/1.1" 304 - "http://localhost:4200/" "Mozilla/5.0 (Windows NT 6.3; Win64; x64) AppleWebKit/537.36 (KHTML, like Gecko) Chrome/98.0.4758.102 Safari/537.36"

info: ::1 - - [25/Feb/2022:10:17:53 +0000] "GET /api/v1/books/ HTTP/1.1" 304 - "http://localhost:4200/" "Mozilla/5.0 (Windows NT 6.3; Win64; x64) AppleWebKit/537.36 (KHTML, like Gecko) Chrome/98.0.4758.102 Safari/537.36"

info: ::1 - - [25/Feb/2022:10:18:59 +0000] "GET /api/v1/books/ HTTP/1.1" 304 - "http://localhost:4200/" "Mozilla/5.0 (Windows NT 6.3; Win64; x64) AppleWebKit/537.36 (KHTML, like Gecko) Chrome/98.0.4758.102 Safari/537.36"

info: ::1 - - [25/Feb/2022:10:20:34 +0000] "GET /api/v1/books/ HTTP/1.1" 304 - "http://localhost:4200/" "Mozilla/5.0 (Windows NT 6.3; Win64; x64) AppleWebKit/537.36 (KHTML, like Gecko) Chrome/98.0.4758.102 Safari/537.36"

info: ::1 - - [25/Feb/2022:10:22:19 +0000] "GET /api/v1/books/ HTTP/1.1" 304 - "http://localhost:4200/" "Mozilla/5.0 (Windows NT 6.3; Win64; x64) AppleWebKit/537.36 (KHTML, like Gecko) Chrome/98.0.4758.102 Safari/537.36"

info: ::1 - - [25/Feb/2022:10:23:34 +0000] "GET /api/v1/books/ HTTP/1.1" 304 - "http://localhost:4200/" "Mozilla/5.0 (Windows NT 6.3; Win64; x64) AppleWebKit/537.36 (KHTML, like Gecko) Chrome/98.0.4758.102 Safari/537.36"

info: ::1 - - [25/Feb/2022:10:24:31 +0000] "GET /api/v1/books/ HTTP/1.1" 304 - "http://localhost:4200/" "Mozilla/5.0 (Windows NT 6.3; Win64; x64) AppleWebKit/537.36 (KHTML, like Gecko) Chrome/98.0.4758.102 Safari/537.36"

info: ::1 - - [25/Feb/2022:10:25:25 +0000] "GET /api/v1/books/ HTTP/1.1" 304 - "http://localhost:4200/" "Mozilla/5.0 (Windows NT 6.3; Win64; x64) AppleWebKit/537.36 (KHTML, like Gecko) Chrome/98.0.4758.102 Safari/537.36"

info: ::1 - - [25/Feb/2022:10:28:22 +0000] "GET /api/v1/books/ HTTP/1.1" 304 - "http://localhost:4200/" "Mozilla/5.0 (Windows NT 6.3; Win64; x64) AppleWebKit/537.36 (KHTML, like Gecko) Chrome/98.0.4758.102 Safari/537.36"

info: ::1 - - [25/Feb/2022:10:29:31 +0000] "GET /api/v1/books/ HTTP/1.1" 304 - "http://localhost:4200/" "Mozilla/5.0 (Windows NT 6.3; Win64; x64) AppleWebKit/537.36 (KHTML, like Gecko) Chrome/98.0.4758.102 Safari/537.36"

info: ::1 - - [25/Feb/2022:10:30:10 +0000] "GET /api/v1/books/ HTTP/1.1" 304 - "http://localhost:4200/" "Mozilla/5.0 (Windows NT 6.3; Win64; x64) AppleWebKit/537.36 (KHTML, like Gecko) Chrome/98.0.4758.102 Safari/537.36"

info: ::1 - - [25/Feb/2022:10:31:24 +0000] "GET /api/v1/books/ HTTP/1.1" 304 - "http://localhost:4200/" "Mozilla/5.0 (Windows NT 6.3; Win64; x64) AppleWebKit/537.36 (KHTML, like Gecko) Chrome/98.0.4758.102 Safari/537.36"

info: ::1 - - [25/Feb/2022:10:38:04 +0000] "GET /api/v1/books/ HTTP/1.1" 304 - "http://localhost:4200/" "Mozilla/5.0 (Windows NT 6.3; Win64; x64) AppleWebKit/537.36 (KHTML, like Gecko) Chrome/98.0.4758.102 Safari/537.36"

info: ::1 - - [25/Feb/2022:10:57:08 +0000] "GET /api/v1/books/ HTTP/1.1" 304 - "http://localhost:4200/" "Mozilla/5.0 (Windows NT 6.3; Win64; x64) AppleWebKit/537.36 (KHTML, like Gecko) Chrome/98.0.4758.102 Safari/537.36"

info: ::1 - - [25/Feb/2022:11:00:20 +0000] "GET /api/v1/books/ HTTP/1.1" 304 - "http://localhost:4200/" "Mozilla/5.0 (Windows NT 6.3; Win64; x64) AppleWebKit/537.36 (KHTML, like Gecko) Chrome/98.0.4758.102 Safari/537.36"

info: ::1 - - [25/Feb/2022:11:05:46 +0000] "GET /api/v1/books/ HTTP/1.1" 304 - "http://localhost:4200/" "Mozilla/5.0 (Windows NT 6.3; Win64; x64) AppleWebKit/537.36 (KHTML, like Gecko) Chrome/98.0.4758.102 Safari/537.36"

info: ::1 - - [25/Feb/2022:11:07:23 +0000] "GET /api/v1/books/ HTTP/1.1" 304 - "http://localhost:4200/" "Mozilla/5.0 (Windows NT 6.3; Win64; x64) AppleWebKit/537.36 (KHTML, like Gecko) Chrome/98.0.4758.102 Safari/537.36"

info: ::1 - - [25/Feb/2022:11:08:37 +0000] "GET /api/v1/books/ HTTP/1.1" 304 - "http://localhost:4200/" "Mozilla/5.0 (Windows NT 6.3; Win64; x64) AppleWebKit/537.36 (KHTML, like Gecko) Chrome/98.0.4758.102 Safari/537.36"

info: ::1 - - [25/Feb/2022:11:09:10 +0000] "GET /api/v1/books/ HTTP/1.1" 304 - "http://localhost:4200/" "Mozilla/5.0 (Windows NT 6.3; Win64; x64) AppleWebKit/537.36 (KHTML, like Gecko) Chrome/98.0.4758.102 Safari/537.36"

info: ::1 - - [25/Feb/2022:11:09:58 +0000] "GET /api/v1/books/ HTTP/1.1" 304 - "http://localhost:4200/" "Mozilla/5.0 (Windows NT 6.3; Win64; x64) AppleWebKit/537.36 (KHTML, like Gecko) Chrome/98.0.4758.102 Safari/537.36"

info: ::1 - - [25/Feb/2022:11:12:34 +0000] "GET /api/v1/books/ HTTP/1.1" 304 - "http://localhost:4200/" "Mozilla/5.0 (Windows NT 6.3; Win64; x64) AppleWebKit/537.36 (KHTML, like Gecko) Chrome/98.0.4758.102 Safari/537.36"

info: ::1 - - [25/Feb/2022:11:13:12 +0000] "GET /api/v1/books/ HTTP/1.1" 304 - "http://localhost:4200/" "Mozilla/5.0 (Windows NT 6.3; Win64; x64) AppleWebKit/537.36 (KHTML, like Gecko) Chrome/98.0.4758.102 Safari/537.36"

info: ::1 - - [25/Feb/2022:11:17:07 +0000] "GET /api/v1/books/ HTTP/1.1" 304 - "http://localhost:4200/" "Mozilla/5.0 (Windows NT 6.3; Win64; x64) AppleWebKit/537.36 (KHTML, like Gecko) Chrome/98.0.4758.102 Safari/537.36"

info: ::1 - - [25/Feb/2022:11:18:31 +0000] "GET /api/v1/books/ HTTP/1.1" 304 - "http://localhost:4200/" "Mozilla/5.0 (Windows NT 6.3; Win64; x64) AppleWebKit/537.36 (KHTML, like Gecko) Chrome/98.0.4758.102 Safari/537.36"

info: ::1 - - [25/Feb/2022:11:18:32 +0000] "GET /api/v1/books/ HTTP/1.1" 304 - "http://localhost:4200/" "Mozilla/5.0 (Windows NT 6.3; Win64; x64) AppleWebKit/537.36 (KHTML, like Gecko) Chrome/98.0.4758.102 Safari/537.36"

info: ::1 - - [25/Feb/2022:11:22:25 +0000] "GET /api/v1/books/ HTTP/1.1" 304 - "http://localhost:4200/" "Mozilla/5.0 (Windows NT 6.3; Win64; x64) AppleWebKit/537.36 (KHTML, like Gecko) Chrome/98.0.4758.102 Safari/537.36"

info: ::1 - - [25/Feb/2022:11:25:24 +0000] "GET /api/v1/books/ HTTP/1.1" 304 - "http://localhost:4200/" "Mozilla/5.0 (Windows NT 6.3; Win64; x64) AppleWebKit/537.36 (KHTML, like Gecko) Chrome/98.0.4758.102 Safari/537.36"

info: ::1 - - [25/Feb/2022:11:28:46 +0000] "GET /api/v1/books/ HTTP/1.1" 304 - "http://localhost:4200/" "Mozilla/5.0 (Windows NT 6.3; Win64; x64) AppleWebKit/537.36 (KHTML, like Gecko) Chrome/98.0.4758.102 Safari/537.36"

info: ::1 - - [25/Feb/2022:11:29:04 +0000] "GET /api/v1/books/ HTTP/1.1" 304 - "http://localhost:4200/" "Mozilla/5.0 (Windows NT 6.3; Win64; x64) AppleWebKit/537.36 (KHTML, like Gecko) Chrome/98.0.4758.102 Safari/537.36"

info: ::1 - - [25/Feb/2022:11:30:15 +0000] "GET /api/v1/books/ HTTP/1.1" 304 - "http://localhost:4200/" "Mozilla/5.0 (Windows NT 6.3; Win64; x64) AppleWebKit/537.36 (KHTML, like Gecko) Chrome/98.0.4758.102 Safari/537.36"

info: ::1 - - [25/Feb/2022:11:31:08 +0000] "GET /api/v1/books/ HTTP/1.1" 304 - "http://localhost:4200/" "Mozilla/5.0 (Windows NT 6.3; Win64; x64) AppleWebKit/537.36 (KHTML, like Gecko) Chrome/98.0.4758.102 Safari/537.36"

info: ::1 - - [25/Feb/2022:11:31:23 +0000] "GET /api/v1/books/ HTTP/1.1" 304 - "http://localhost:4200/" "Mozilla/5.0 (Windows NT 6.3; Win64; x64) AppleWebKit/537.36 (KHTML, like Gecko) Chrome/98.0.4758.102 Safari/537.36"

info: ::1 - - [25/Feb/2022:11:31:30 +0000] "GET /api/v1/books/ HTTP/1.1" 304 - "http://localhost:4200/" "Mozilla/5.0 (Windows NT 6.3; Win64; x64) AppleWebKit/537.36 (KHTML, like Gecko) Chrome/98.0.4758.102 Safari/537.36"

info: ::1 - - [25/Feb/2022:11:33:31 +0000] "GET /api/v1/books/ HTTP/1.1" 304 - "http://localhost:4200/" "Mozilla/5.0 (Windows NT 6.3; Win64; x64) AppleWebKit/537.36 (KHTML, like Gecko) Chrome/98.0.4758.102 Safari/537.36"

info: ::1 - - [25/Feb/2022:11:36:01 +0000] "GET /api/v1/books/ HTTP/1.1" 304 - "http://localhost:4200/" "Mozilla/5.0 (Windows NT 6.3; Win64; x64) AppleWebKit/537.36 (KHTML, like Gecko) Chrome/98.0.4758.102 Safari/537.36"

info: ::1 - - [25/Feb/2022:11:40:00 +0000] "GET /api/v1/books/ HTTP/1.1" 304 - "http://localhost:4200/" "Mozilla/5.0 (Windows NT 6.3; Win64; x64) AppleWebKit/537.36 (KHTML, like Gecko) Chrome/98.0.4758.102 Safari/537.36"

info: ::1 - - [25/Feb/2022:11:42:39 +0000] "GET /api/v1/books/ HTTP/1.1" 304 - "http://localhost:4200/" "Mozilla/5.0 (Windows NT 6.3; Win64; x64) AppleWebKit/537.36 (KHTML, like Gecko) Chrome/98.0.4758.102 Safari/537.36"

info: ::ffff:127.0.0.1 - - [25/Feb/2022:12:06:31 +0000] "POST /api/v1/wishlist HTTP/1.1" 400 62 "-" "Thunder Client (https://www.thunderclient.com)"

info: ::ffff:127.0.0.1 - - [25/Feb/2022:12:07:56 +0000] "POST /api/v1/wishlist HTTP/1.1" 201 329 "-" "Thunder Client (https://www.thunderclient.com)"

info: ::1 - - [25/Feb/2022:12:13:47 +0000] "GET /api/v1/books/ HTTP/1.1" 304 - "http://localhost:4200/" "Mozilla/5.0 (Windows NT 6.3; Win64; x64) AppleWebKit/537.36 (KHTML, like Gecko) Chrome/98.0.4758.102 Safari/537.36"

info: ::1 - - [25/Feb/2022:12:15:14 +0000] "GET /api/v1/books/ HTTP/1.1" 304 - "http://localhost:4200/" "Mozilla/5.0 (Windows NT 6.3; Win64; x64) AppleWebKit/537.36 (KHTML, like Gecko) Chrome/98.0.4758.102 Safari/537.36"

info: ::1 - - [25/Feb/2022:12:15:29 +0000] "POST /api/v1/wishlist HTTP/1.1" 400 56 "http://localhost:4200/" "Mozilla/5.0 (Windows NT 6.3; Win64; x64) AppleWebKit/537.36 (KHTML, like Gecko) Chrome/98.0.4758.102 Safari/537.36"

info: ::1 - - [25/Feb/2022:12:17:13 +0000] "GET /api/v1/books/ HTTP/1.1" 304 - "http://localhost:4200/" "Mozilla/5.0 (Windows NT 6.3; Win64; x64) AppleWebKit/537.36 (KHTML, like Gecko) Chrome/98.0.4758.102 Safari/537.36"

info: ::1 - - [25/Feb/2022:12:17:37 +0000] "POST /api/v1/wishlist HTTP/1.1" 400 56 "http://localhost:4200/" "Mozilla/5.0 (Windows NT 6.3; Win64; x64) AppleWebKit/537.36 (KHTML, like Gecko) Chrome/98.0.4758.102 Safari/537.36"

info: ::1 - - [25/Feb/2022:12:23:20 +0000] "GET /api/v1/books/ HTTP/1.1" 304 - "http://localhost:4200/" "Mozilla/5.0 (Windows NT 6.3; Win64; x64) AppleWebKit/537.36 (KHTML, like Gecko) Chrome/98.0.4758.102 Safari/537.36"

info: ::1 - - [25/Feb/2022:12:23:28 +0000] "POST /api/v1/wishlist HTTP/1.1" 400 56 "http://localhost:4200/" "Mozilla/5.0 (Windows NT 6.3; Win64; x64) AppleWebKit/537.36 (KHTML, like Gecko) Chrome/98.0.4758.102 Safari/537.36"

info: ::1 - - [25/Feb/2022:12:27:01 +0000] "GET /api/v1/books/ HTTP/1.1" 304 - "http://localhost:4200/" "Mozilla/5.0 (Windows NT 6.3; Win64; x64) AppleWebKit/537.36 (KHTML, like Gecko) Chrome/98.0.4758.102 Safari/537.36"

info: ::1 - - [25/Feb/2022:12:27:06 +0000] "POST /api/v1/wishlist HTTP/1.1" 201 329 "http://localhost:4200/" "Mozilla/5.0 (Windows NT 6.3; Win64; x64) AppleWebKit/537.36 (KHTML, like Gecko) Chrome/98.0.4758.102 Safari/537.36"

info: ::1 - - [25/Feb/2022:12:27:28 +0000] "POST /api/v1/wishlist HTTP/1.1" 400 62 "http://localhost:4200/" "Mozilla/5.0 (Windows NT 6.3; Win64; x64) AppleWebKit/537.36 (KHTML, like Gecko) Chrome/98.0.4758.102 Safari/537.36"

info: ::1 - - [25/Feb/2022:12:28:00 +0000] "GET /api/v1/books/ HTTP/1.1" 304 - "http://localhost:4200/" "Mozilla/5.0 (Windows NT 6.3; Win64; x64) AppleWebKit/537.36 (KHTML, like Gecko) Chrome/98.0.4758.102 Safari/537.36"

info: ::1 - - [25/Feb/2022:12:28:02 +0000] "GET /api/v1/books/ HTTP/1.1" 304 - "http://localhost:4200/" "Mozilla/5.0 (Windows NT 6.3; Win64; x64) AppleWebKit/537.36 (KHTML, like Gecko) Chrome/98.0.4758.102 Safari/537.36"

info: ::1 - - [25/Feb/2022:12:28:05 +0000] "POST /api/v1/wishlist HTTP/1.1" 201 329 "http://localhost:4200/" "Mozilla/5.0 (Windows NT 6.3; Win64; x64) AppleWebKit/537.36 (KHTML, like Gecko) Chrome/98.0.4758.102 Safari/537.36"

info: ::ffff:127.0.0.1 - - [25/Feb/2022:12:34:28 +0000] "GET /api/v1/wishlist/ HTTP/1.1" 200 329 "-" "Thunder Client (https://www.thunderclient.com)"

info: ::ffff:127.0.0.1 - - [25/Feb/2022:12:35:42 +0000] "GET /api/v1/wishlist/ HTTP/1.1" 200 329 "-" "Thunder Client (https://www.thunderclient.com)"

info: ::ffff:127.0.0.1 - - [25/Feb/2022:12:37:45 +0000] "GET /api/v1/wishlist/ HTTP/1.1" 200 329 "-" "Thunder Client (https://www.thunderclient.com)"

info: ::1 - - [25/Feb/2022:12:39:02 +0000] "GET /api/v1/books/ HTTP/1.1" 304 - "http://localhost:4200/" "Mozilla/5.0 (Windows NT 6.3; Win64; x64) AppleWebKit/537.36 (KHTML, like Gecko) Chrome/98.0.4758.102 Safari/537.36"

info: ::1 - - [25/Feb/2022:12:46:03 +0000] "GET /api/v1/books/ HTTP/1.1" 304 - "http://localhost:4200/" "Mozilla/5.0 (Windows NT 6.3; Win64; x64) AppleWebKit/537.36 (KHTML, like Gecko) Chrome/98.0.4758.102 Safari/537.36"

info: ::ffff:127.0.0.1 - - [25/Feb/2022:12:56:01 +0000] "POST /api/v1/books HTTP/1.1" 201 314 "-" "Thunder Client (https://www.thunderclient.com)"

info: ::ffff:127.0.0.1 - - [25/Feb/2022:12:56:40 +0000] "POST /api/v1/books HTTP/1.1" 201 314 "-" "Thunder Client (https://www.thunderclient.com)"

info: ::ffff:127.0.0.1 - - [25/Feb/2022:12:57:46 +0000] "POST /api/v1/books HTTP/1.1" 201 316 "-" "Thunder Client (https://www.thunderclient.com)"

info: ::ffff:127.0.0.1 - - [25/Feb/2022:12:58:19 +0000] "POST /api/v1/books HTTP/1.1" 201 314 "-" "Thunder Client (https://www.thunderclient.com)"

info: ::ffff:127.0.0.1 - - [25/Feb/2022:12:58:32 +0000] "GET /api/v1/books/ HTTP/1.1" 200 1102 "-" "Thunder Client (https://www.thunderclient.com)"

info: ::ffff:127.0.0.1 - - [25/Feb/2022:13:01:17 +0000] "POST /api/v1/books HTTP/1.1" 201 328 "-" "Thunder Client (https://www.thunderclient.com)"

info: ::ffff:127.0.0.1 - - [25/Feb/2022:13:01:50 +0000] "POST /api/v1/books HTTP/1.1" 201 330 "-" "Thunder Client (https://www.thunderclient.com)"

info: ::ffff:127.0.0.1 - - [25/Feb/2022:13:02:43 +0000] "POST /api/v1/books HTTP/1.1" 201 330 "-" "Thunder Client (https://www.thunderclient.com)"

info: ::ffff:127.0.0.1 - - [25/Feb/2022:13:03:18 +0000] "POST /api/v1/books HTTP/1.1" 201 330 "-" "Thunder Client (https://www.thunderclient.com)"

info: ::1 - - [25/Feb/2022:13:09:04 +0000] "GET /api/v1/books/ HTTP/1.1" 200 1162 "http://localhost:4200/" "Mozilla/5.0 (Windows NT 6.3; Win64; x64) AppleWebKit/537.36 (KHTML, like Gecko) Chrome/98.0.4758.102 Safari/537.36"

info: ::1 - - [25/Feb/2022:13:09:18 +0000] "GET /api/v1/books/ HTTP/1.1" 304 - "http://localhost:4200/" "Mozilla/5.0 (Windows NT 6.3; Win64; x64) AppleWebKit/537.36 (KHTML, like Gecko) Chrome/98.0.4758.102 Safari/537.36"

info: ::1 - - [25/Feb/2022:13:09:38 +0000] "POST /api/v1/wishlist HTTP/1.1" 201 329 "http://localhost:4200/" "Mozilla/5.0 (Windows NT 6.3; Win64; x64) AppleWebKit/537.36 (KHTML, like Gecko) Chrome/98.0.4758.102 Safari/537.36"

info: ::1 - - [25/Feb/2022:13:11:24 +0000] "GET /api/v1/books/ HTTP/1.1" 304 - "http://localhost:4200/" "Mozilla/5.0 (Windows NT 6.3; Win64; x64) AppleWebKit/537.36 (KHTML, like Gecko) Chrome/98.0.4758.102 Safari/537.36"

info: ::1 - - [25/Feb/2022:13:11:54 +0000] "GET /api/v1/books/ HTTP/1.1" 304 - "http://localhost:4200/" "Mozilla/5.0 (Windows NT 6.3; Win64; x64) AppleWebKit/537.36 (KHTML, like Gecko) Chrome/98.0.4758.102 Safari/537.36"

info: ::1 - - [25/Feb/2022:13:18:41 +0000] "GET /api/v1/books/ HTTP/1.1" 304 - "http://localhost:4200/" "Mozilla/5.0 (Windows NT 6.3; Win64; x64) AppleWebKit/537.36 (KHTML, like Gecko) Chrome/98.0.4758.102 Safari/537.36"

info: ::1 - - [25/Feb/2022:13:19:08 +0000] "GET /api/v1/books/ HTTP/1.1" 304 - "http://localhost:4200/" "Mozilla/5.0 (Windows NT 6.3; Win64; x64) AppleWebKit/537.36 (KHTML, like Gecko) Chrome/98.0.4758.102 Safari/537.36"

info: ::1 - - [25/Feb/2022:13:23:34 +0000] "GET /api/v1/books/ HTTP/1.1" 304 - "http://localhost:4200/" "Mozilla/5.0 (Windows NT 6.3; Win64; x64) AppleWebKit/537.36 (KHTML, like Gecko) Chrome/98.0.4758.102 Safari/537.36"

info: ::1 - - [25/Feb/2022:13:24:03 +0000] "GET /api/v1/books/ HTTP/1.1" 304 - "http://localhost:4200/" "Mozilla/5.0 (Windows NT 6.3; Win64; x64) AppleWebKit/537.36 (KHTML, like Gecko) Chrome/98.0.4758.102 Safari/537.36"

info: ::1 - - [25/Feb/2022:14:09:02 +0000] "GET /api/v1/books/ HTTP/1.1" 304 - "http://localhost:4200/" "Mozilla/5.0 (Windows NT 6.3; Win64; x64) AppleWebKit/537.36 (KHTML, like Gecko) Chrome/98.0.4758.102 Safari/537.36"

info: ::1 - - [25/Feb/2022:14:14:15 +0000] "GET /api/v1/books/ HTTP/1.1" 304 - "http://localhost:4200/" "Mozilla/5.0 (Windows NT 6.3; Win64; x64) AppleWebKit/537.36 (KHTML, like Gecko) Chrome/98.0.4758.102 Safari/537.36"

info: ::1 - - [25/Feb/2022:14:28:36 +0000] "POST /api/v1/users/login HTTP/1.1" 200 370 "http://localhost:4200/" "Mozilla/5.0 (Windows NT 6.3; Win64; x64) AppleWebKit/537.36 (KHTML, like Gecko) Chrome/98.0.4758.102 Safari/537.36"

info: ::1 - - [25/Feb/2022:14:28:36 +0000] "GET /api/v1/books/ HTTP/1.1" 304 - "http://localhost:4200/" "Mozilla/5.0 (Windows NT 6.3; Win64; x64) AppleWebKit/537.36 (KHTML, like Gecko) Chrome/98.0.4758.102 Safari/537.36"

info: ::1 - - [25/Feb/2022:14:28:48 +0000] "GET /api/v1/books/ HTTP/1.1" 304 - "http://localhost:4200/" "Mozilla/5.0 (Windows NT 6.3; Win64; x64) AppleWebKit/537.36 (KHTML, like Gecko) Chrome/98.0.4758.102 Safari/537.36"

info: ::ffff:127.0.0.1 - - [25/Feb/2022:14:40:57 +0000] "GET /api/v1/cart/ HTTP/1.1" 200 57 "-" "Thunder Client (https://www.thunderclient.com)"

info: ::1 - - [25/Feb/2022:14:41:30 +0000] "GET /api/v1/books/ HTTP/1.1" 304 - "http://localhost:4200/" "Mozilla/5.0 (Windows NT 6.3; Win64; x64) AppleWebKit/537.36 (KHTML, like Gecko) Chrome/98.0.4758.102 Safari/537.36"

info: ::1 - - [25/Feb/2022:14:41:41 +0000] "GET /api/v1/books/ HTTP/1.1" 304 - "http://localhost:4200/" "Mozilla/5.0 (Windows NT 6.3; Win64; x64) AppleWebKit/537.36 (KHTML, like Gecko) Chrome/98.0.4758.102 Safari/537.36"

