info: ::1 - - [14/Feb/2022:18:39:13 +0000] "POST /api/v1/users/login HTTP/1.1" 401 37 "-" "PostmanRuntime/7.29.0"

info: ::1 - - [14/Feb/2022:18:41:56 +0000] "GET /api/v1/ HTTP/1.1" 200 9 "-" "Mozilla/5.0 (Windows NT 6.3; Win64; x64) AppleWebKit/537.36 (KHTML, like Gecko) Chrome/98.0.4758.82 Safari/537.36"

info: ::1 - - [14/Feb/2022:18:41:57 +0000] "GET /favicon.ico HTTP/1.1" 404 47 "-" "Mozilla/5.0 (Windows NT 6.3; Win64; x64) AppleWebKit/537.36 (KHTML, like Gecko) Chrome/98.0.4758.82 Safari/537.36"

info: ::1 - - [14/Feb/2022:18:43:34 +0000] "POST /api/v1/users/registrationUser HTTP/1.1" 201 331 "-" "PostmanRuntime/7.29.0"

info: ::1 - - [14/Feb/2022:18:43:48 +0000] "POST /api/v1/users/login HTTP/1.1" 200 381 "-" "PostmanRuntime/7.29.0"

info: ::ffff:127.0.0.1 - - [15/Feb/2022:03:21:10 +0000] "POST /api/v1/users/registrationUser HTTP/1.1" 201 333 "-" "Thunder Client (https://www.thunderclient.com)"

info: ::ffff:127.0.0.1 - - [15/Feb/2022:03:21:54 +0000] "POST /api/v1/users/registrationAdmin HTTP/1.1" 500 61 "-" "Thunder Client (https://www.thunderclient.com)"

info: ::ffff:127.0.0.1 - - [15/Feb/2022:03:22:07 +0000] "POST /api/v1/users/registrationAdmin HTTP/1.1" 201 335 "-" "Thunder Client (https://www.thunderclient.com)"

info: ::ffff:127.0.0.1 - - [15/Feb/2022:07:21:49 +0000] "GET /api/v1/users/login HTTP/1.1" 404 47 "-" "Thunder Client (https://www.thunderclient.com)"

info: ::ffff:127.0.0.1 - - [15/Feb/2022:07:22:14 +0000] "GET /api/v1/users/login HTTP/1.1" 404 47 "-" "Thunder Client (https://www.thunderclient.com)"

info: ::ffff:127.0.0.1 - - [15/Feb/2022:07:22:41 +0000] "POST /api/v1/users/login HTTP/1.1" 200 385 "-" "Thunder Client (https://www.thunderclient.com)"

info: ::ffff:127.0.0.1 - - [15/Feb/2022:10:15:02 +0000] "POST /api/v1/users/login HTTP/1.1" 200 405 "-" "Thunder Client (https://www.thunderclient.com)"

info: ::ffff:127.0.0.1 - - [15/Feb/2022:10:50:57 +0000] "POST /api/v1/books/ HTTP/1.1" 400 56 "-" "Thunder Client (https://www.thunderclient.com)"

info: ::ffff:127.0.0.1 - - [15/Feb/2022:10:52:19 +0000] "POST /api/v1/books/ HTTP/1.1" 401 52 "-" "Thunder Client (https://www.thunderclient.com)"

info: ::1 - - [15/Feb/2022:14:54:37 +0000] "POST /api/v1/users/registrationUser HTTP/1.1" 201 337 "-" "PostmanRuntime/7.29.0"

info: ::1 - - [15/Feb/2022:14:56:59 +0000] "POST /api/v1/users/login HTTP/1.1" 200 363 "-" "PostmanRuntime/7.29.0"

info: ::1 - - [15/Feb/2022:15:00:21 +0000] "GET /api/v1//books/ HTTP/1.1" 404 47 "-" "PostmanRuntime/7.29.0"

info: ::1 - - [15/Feb/2022:15:01:03 +0000] "POST /api/v1//books/ HTTP/1.1" 401 48 "-" "PostmanRuntime/7.29.0"

info: ::1 - - [15/Feb/2022:15:02:09 +0000] "POST /api/v1//books/ HTTP/1.1" 401 48 "-" "PostmanRuntime/7.29.0"

info: ::1 - - [15/Feb/2022:15:03:41 +0000] "POST /api/v1//books/ HTTP/1.1" 401 48 "-" "PostmanRuntime/7.29.0"

info: ::1 - - [15/Feb/2022:15:05:21 +0000] "POST /api/v1//books/ HTTP/1.1" 401 48 "-" "PostmanRuntime/7.29.0"

info: ::1 - - [15/Feb/2022:15:06:20 +0000] "POST /api/v1//books/ HTTP/1.1" 401 48 "-" "PostmanRuntime/7.29.0"

info: ::1 - - [15/Feb/2022:15:10:59 +0000] "POST /api/v1/users/registrationAdmin HTTP/1.1" 201 338 "-" "PostmanRuntime/7.29.0"

info: ::1 - - [15/Feb/2022:15:11:14 +0000] "POST /api/v1/users/login HTTP/1.1" 200 365 "-" "PostmanRuntime/7.29.0"

info: ::1 - - [15/Feb/2022:15:12:01 +0000] "POST /api/v1//books/ HTTP/1.1" 500 76 "-" "PostmanRuntime/7.29.0"

info: ::1 - - [15/Feb/2022:15:12:36 +0000] "POST /api/v1//books/ HTTP/1.1" 201 176 "-" "PostmanRuntime/7.29.0"

info: ::1 - - [15/Feb/2022:15:14:32 +0000] "POST /api/v1//books/ HTTP/1.1" 201 176 "-" "PostmanRuntime/7.29.0"

info: ::1 - - [15/Feb/2022:15:31:54 +0000] "POST /api/v1//books/ HTTP/1.1" 500 76 "-" "PostmanRuntime/7.29.0"

info: ::1 - - [15/Feb/2022:15:33:03 +0000] "POST /api/v1//books/ HTTP/1.1" 201 176 "-" "PostmanRuntime/7.29.0"

info: ::1 - - [15/Feb/2022:15:35:01 +0000] "POST /api/v1//books/ HTTP/1.1" 201 176 "-" "PostmanRuntime/7.29.0"

info: ::1 - - [15/Feb/2022:15:40:06 +0000] "POST /api/v1//books/ HTTP/1.1" 201 176 "-" "PostmanRuntime/7.29.0"

info: ::1 - - [15/Feb/2022:15:50:36 +0000] "POST /api/v1/books HTTP/1.1" 500 76 "-" "PostmanRuntime/7.29.0"

info: ::1 - - [15/Feb/2022:15:51:22 +0000] "POST /api/v1/books HTTP/1.1" 500 76 "-" "PostmanRuntime/7.29.0"

info: ::1 - - [15/Feb/2022:15:51:33 +0000] "POST /api/v1//books HTTP/1.1" 500 76 "-" "PostmanRuntime/7.29.0"

info: ::1 - - [15/Feb/2022:15:57:17 +0000] "POST /api/v1/books HTTP/1.1" 500 76 "-" "PostmanRuntime/7.29.0"

info: ::1 - - [15/Feb/2022:15:57:45 +0000] "GET /api/v1/books/?token=eyJhbGciOiJIUzI1NiIsInR5cCI6IkpXVCJ9.eyJpZCI6IjYyMGJjMjgzMDFmZmFiMWNkY2NkMzNiMSIsImVtYWlsIjoiYW50YXJhQGdtYWlsLmNvbSIsInJvbGUiOiJhZG1pbiIsImlhdCI6MTY0NDkzNzg3NH0.8q9JdyapvfgvGPHrPB8qb1e1e8z1Zv-7bDMUQslghxE HTTP/1.1" 400 56 "-" "PostmanRuntime/7.29.0"

info: ::1 - - [15/Feb/2022:15:58:01 +0000] "GET /api/v1/books/ HTTP/1.1" 400 56 "-" "PostmanRuntime/7.29.0"

info: ::1 - - [15/Feb/2022:15:58:24 +0000] "GET /api/v1/books/ HTTP/1.1" 500 76 "-" "PostmanRuntime/7.29.0"

info: ::1 - - [15/Feb/2022:16:02:31 +0000] "GET /api/v1/users/registrationUser HTTP/1.1" 404 47 "-" "PostmanRuntime/7.29.0"

info: ::1 - - [15/Feb/2022:16:03:19 +0000] "GET /api/v1/users/registrationUser HTTP/1.1" 404 47 "-" "PostmanRuntime/7.29.0"

info: ::1 - - [15/Feb/2022:16:03:29 +0000] "GET /api/v1/users//registrationUser HTTP/1.1" 404 47 "-" "PostmanRuntime/7.29.0"

info: ::1 - - [15/Feb/2022:16:03:44 +0000] "POST /api/v1/users/registrationUser HTTP/1.1" 201 333 "-" "PostmanRuntime/7.29.0"

info: ::1 - - [15/Feb/2022:16:05:08 +0000] "POST /api/v1/books HTTP/1.1" 500 76 "-" "PostmanRuntime/7.29.0"

info: ::1 - - [15/Feb/2022:16:07:51 +0000] "POST /api/v1/books HTTP/1.1" 500 76 "-" "PostmanRuntime/7.29.0"

info: ::1 - - [15/Feb/2022:16:08:03 +0000] "POST /api/v1/books HTTP/1.1" 401 52 "-" "PostmanRuntime/7.29.0"

info: ::1 - - [15/Feb/2022:16:08:13 +0000] "POST /api/v1/books HTTP/1.1" 500 76 "-" "PostmanRuntime/7.29.0"

info: ::1 - - [15/Feb/2022:16:09:32 +0000] "POST /api/v1/users/login HTTP/1.1" 200 365 "-" "PostmanRuntime/7.29.0"

info: ::1 - - [15/Feb/2022:16:10:11 +0000] "POST /api/v1/books HTTP/1.1" 500 76 "-" "PostmanRuntime/7.29.0"

info: ::1 - - [15/Feb/2022:16:13:58 +0000] "POST /api/v1/books HTTP/1.1" 201 176 "-" "PostmanRuntime/7.29.0"

info: ::1 - - [15/Feb/2022:16:21:35 +0000] "POST /api/v1/books HTTP/1.1" 201 176 "-" "PostmanRuntime/7.29.0"

info: ::1 - - [15/Feb/2022:16:21:46 +0000] "GET /api/v1/books/ HTTP/1.1" 200 1032 "-" "PostmanRuntime/7.29.0"

info: ::1 - - [15/Feb/2022:16:23:58 +0000] "POST /api/v1/books HTTP/1.1" 500 65 "-" "PostmanRuntime/7.29.0"

info: ::1 - - [15/Feb/2022:16:24:57 +0000] "POST /api/v1/books HTTP/1.1" 201 176 "-" "PostmanRuntime/7.29.0"

info: ::1 - - [15/Feb/2022:16:34:40 +0000] "POST /api/v1/books HTTP/1.1" 201 176 "-" "PostmanRuntime/7.29.0"

info: ::1 - - [15/Feb/2022:16:46:24 +0000] "POST /api/v1/books HTTP/1.1" 500 71 "-" "PostmanRuntime/7.29.0"

info: ::1 - - [15/Feb/2022:16:47:49 +0000] "POST /api/v1/books HTTP/1.1" 201 176 "-" "PostmanRuntime/7.29.0"

info: ::1 - - [15/Feb/2022:16:48:37 +0000] "POST /api/v1/books HTTP/1.1" 201 176 "-" "PostmanRuntime/7.29.0"

info: ::1 - - [15/Feb/2022:16:49:52 +0000] "POST /api/v1/users/registrationAdmin HTTP/1.1" 201 338 "-" "PostmanRuntime/7.29.0"

info: ::1 - - [15/Feb/2022:16:50:14 +0000] "POST /api/v1/users/login HTTP/1.1" 200 365 "-" "PostmanRuntime/7.29.0"

info: ::1 - - [15/Feb/2022:16:51:02 +0000] "POST /api/v1/books HTTP/1.1" 201 176 "-" "PostmanRuntime/7.29.0"

