info: Server started at http://localhost:2000/api/v1/ {"timestamp":"2022-02-16T05:16:41.668Z"}
info: Connected to the database. {"timestamp":"2022-02-16T05:16:41.764Z"}
info: Server started at http://localhost:2000/api/v1/ {"timestamp":"2022-02-16T05:22:33.946Z"}
info: Connected to the database. {"timestamp":"2022-02-16T05:22:34.049Z"}
info: Server started at http://localhost:2000/api/v1/ {"timestamp":"2022-02-16T05:22:54.290Z"}
info: Connected to the database. {"timestamp":"2022-02-16T05:22:54.343Z"}
info: Server started at http://localhost:2000/api/v1/ {"timestamp":"2022-02-16T05:30:21.365Z"}
info: Connected to the database. {"timestamp":"2022-02-16T05:30:21.455Z"}
info: Server started at http://localhost:2000/api/v1/ {"timestamp":"2022-02-16T05:34:40.770Z"}
info: Connected to the database. {"timestamp":"2022-02-16T05:34:40.836Z"}
info: Server started at http://localhost:2000/api/v1/ {"timestamp":"2022-02-16T05:55:07.843Z"}
info: Connected to the database. {"timestamp":"2022-02-16T05:55:07.919Z"}
info: Server started at http://localhost:2000/api/v1/ {"timestamp":"2022-02-16T05:56:24.858Z"}
info: Connected to the database. {"timestamp":"2022-02-16T05:56:24.918Z"}
info: Server started at http://localhost:2000/api/v1/ {"timestamp":"2022-02-16T05:57:51.532Z"}
info: Connected to the database. {"timestamp":"2022-02-16T05:57:51.582Z"}
info: Server started at http://localhost:2000/api/v1/ {"timestamp":"2022-02-16T06:24:20.190Z"}
info: Connected to the database. {"timestamp":"2022-02-16T06:24:20.263Z"}
info: Server started at http://localhost:2000/api/v1/ {"timestamp":"2022-02-16T06:26:26.173Z"}
info: Connected to the database. {"timestamp":"2022-02-16T06:26:26.254Z"}
info: Server started at http://localhost:2000/api/v1/ {"timestamp":"2022-02-16T06:26:52.353Z"}
info: Connected to the database. {"timestamp":"2022-02-16T06:26:52.447Z"}
info: Server started at http://localhost:2000/api/v1/ {"timestamp":"2022-02-16T06:28:21.284Z"}
info: Connected to the database. {"timestamp":"2022-02-16T06:28:21.361Z"}
error: 
    status - 500 
    message - undefined 
    url - /api/v1/books 
    method - POST 
    IP - ::1
   {"timestamp":"2022-02-16T06:28:28.653Z"}
info: Server started at http://localhost:2000/api/v1/ {"timestamp":"2022-02-16T06:28:54.127Z"}
info: Connected to the database. {"timestamp":"2022-02-16T06:28:54.212Z"}
info: Server started at http://localhost:2000/api/v1/ {"timestamp":"2022-02-16T06:31:40.163Z"}
info: Connected to the database. {"timestamp":"2022-02-16T06:31:40.258Z"}
info: Server started at http://localhost:2000/api/v1/ {"timestamp":"2022-02-16T06:36:55.876Z"}
info: Connected to the database. {"timestamp":"2022-02-16T06:36:55.983Z"}
info: Server started at http://localhost:2000/api/v1/ {"timestamp":"2022-02-16T08:12:41.618Z"}
info: Connected to the database. {"timestamp":"2022-02-16T08:12:41.926Z"}
error: 
    status - 500 
    message - Error: ENOENT: no such file or directory, open 'E:\CFP_BZ\book_store\uploads\2022-02-16T08:19:47.358ZScreenshot (4).png' 
    url - /api/v1/books 
    method - POST 
    IP - ::1
   {"timestamp":"2022-02-16T08:19:47.414Z"}
info: Server started at http://localhost:2000/api/v1/ {"timestamp":"2022-02-16T08:21:48.341Z"}
info: Connected to the database. {"timestamp":"2022-02-16T08:21:48.404Z"}
info: Server started at http://localhost:2000/api/v1/ {"timestamp":"2022-02-16T08:23:07.524Z"}
info: Connected to the database. {"timestamp":"2022-02-16T08:23:07.589Z"}
info: Server started at http://localhost:2000/api/v1/ {"timestamp":"2022-02-16T08:25:26.578Z"}
info: Connected to the database. {"timestamp":"2022-02-16T08:25:26.660Z"}
info: Server started at http://localhost:2000/api/v1/ {"timestamp":"2022-02-16T08:29:00.680Z"}
info: Connected to the database. {"timestamp":"2022-02-16T08:29:00.802Z"}
info: Server started at http://localhost:2000/api/v1/ {"timestamp":"2022-02-16T08:29:10.945Z"}
info: Connected to the database. {"timestamp":"2022-02-16T08:29:11.018Z"}
info: Server started at http://localhost:2000/api/v1/ {"timestamp":"2022-02-16T08:29:41.743Z"}
info: Connected to the database. {"timestamp":"2022-02-16T08:29:41.801Z"}
info: Server started at http://localhost:2000/api/v1/ {"timestamp":"2022-02-16T08:30:54.378Z"}
info: Connected to the database. {"timestamp":"2022-02-16T08:30:54.439Z"}
