info: Server started at http://localhost:2000/api/v1/ {"timestamp":"2022-02-14T18:34:01.070Z"}
info: Connected to the database. {"timestamp":"2022-02-14T18:34:01.187Z"}
info: Server started at http://localhost:2000/api/v1/ {"timestamp":"2022-02-14T18:35:18.724Z"}
info: Connected to the database. {"timestamp":"2022-02-14T18:35:18.779Z"}
info: Server started at http://localhost:2000/api/v1/ {"timestamp":"2022-02-14T18:37:20.126Z"}
info: Connected to the database. {"timestamp":"2022-02-14T18:37:20.198Z"}
error: 
    status - 500 
    message - undefined 
    url - /api/v1/users/login 
    method - POST 
    IP - ::1
   {"timestamp":"2022-02-14T18:39:13.626Z"}
info: Server started at http://localhost:2000/api/v1/ {"timestamp":"2022-02-14T18:42:53.265Z"}
info: Connected to the database. {"timestamp":"2022-02-14T18:42:53.753Z"}
info: Login token  eyJhbGciOiJIUzI1NiIsInR5cCI6IkpXVCJ9.eyJpZCI6IjYyMGFhMmQ2YTA1NGUwMTk1NDdjYjcyOSIsImVtYWlsIjoiYWFhYWFAZ21haWwuY29tIiwiaWF0IjoxNjQ0ODY0MjI4fQ.CwEHOBHgHIV2PnX9510xhfwqf1hCJqUiVkDn2b_Ts-U {"timestamp":"2022-02-14T18:43:48.484Z"}
info: Server started at http://localhost:2000/api/v1/ {"timestamp":"2022-02-14T18:47:49.283Z"}
info: Connected to the database. {"timestamp":"2022-02-14T18:47:49.381Z"}
info: Server started at http://localhost:2000/api/v1/ {"timestamp":"2022-02-14T18:48:57.545Z"}
info: Connected to the database. {"timestamp":"2022-02-14T18:48:57.603Z"}
info: Server started at http://localhost:2000/api/v1/ {"timestamp":"2022-02-15T03:06:43.498Z"}
info: Connected to the database. {"timestamp":"2022-02-15T03:06:43.561Z"}
error: 
      status - 11000
      message - E11000 duplicate key error collection: BookStore.users index: email_1 dup key: { : "gjhv@gmail.com" } 
      url - /api/v1/users/registrationAdmin 
      method - POST 
      IP - ::ffff:127.0.0.1
     {"timestamp":"2022-02-15T03:21:54.672Z"}
error: 
    status - 500 
    message - RangeError [ERR_HTTP_INVALID_STATUS_CODE]: Invalid status code: 11000
    at ServerResponse.writeHead (_http_server.js:259:11)
    at ServerResponse.writeHead (E:\CFP_BZ\book_store\node_modules\on-headers\index.js:44:26)
    at ServerResponse._implicitHeader (_http_server.js:250:8)
    at write_ (_http_outgoing.js:711:9)
    at ServerResponse.end (_http_outgoing.js:825:5)
    at ServerResponse.send (E:\CFP_BZ\book_store\node_modules\express\lib\response.js:221:10)
    at ServerResponse.json (E:\CFP_BZ\book_store\node_modules\express\lib\response.js:267:15)
    at appErrorHandler (E:\CFP_BZ\book_store\src\middlewares\/error.middleware.js:36:26)
    at Layer.handle_error (E:\CFP_BZ\book_store\node_modules\express\lib\router\layer.js:71:5)
    at trim_prefix (E:\CFP_BZ\book_store\node_modules\express\lib\router\index.js:321:13) 
    url - /api/v1/users/registrationAdmin 
    method - POST 
    IP - ::ffff:127.0.0.1
   {"timestamp":"2022-02-15T03:21:54.703Z"}
info: Server started at http://localhost:2000/api/v1/ {"timestamp":"2022-02-15T04:11:39.280Z"}
info: Connected to the database. {"timestamp":"2022-02-15T04:11:39.346Z"}
info: Server started at http://localhost:2000/api/v1/ {"timestamp":"2022-02-15T05:15:53.293Z"}
info: Connected to the database. {"timestamp":"2022-02-15T05:15:53.357Z"}
info: Server started at http://localhost:2000/api/v1/ {"timestamp":"2022-02-15T05:25:17.084Z"}
info: Connected to the database. {"timestamp":"2022-02-15T05:25:17.145Z"}
info: Connected to the database. {"timestamp":"2022-02-15T05:25:41.042Z"}
info: Connected to the database. {"timestamp":"2022-02-15T05:50:51.847Z"}
info: Server started at http://localhost:2000/api/v1/ {"timestamp":"2022-02-15T07:18:21.193Z"}
info: Connected to the database. {"timestamp":"2022-02-15T07:18:21.290Z"}
info: Login token  eyJhbGciOiJIUzI1NiIsInR5cCI6IkpXVCJ9.eyJpZCI6IjYyMGIxYzVmMmFjZjRmMDc3Y2Y2MmI2MiIsImVtYWlsIjoidmh2amtAZ21haWwuY29tIiwiaWF0IjoxNjQ0OTA5NzYwfQ.Ov6dhFF4c5Zh28wyPnxmFnQHJWhF_BpYj9KccSui2xo {"timestamp":"2022-02-15T07:22:40.996Z"}
info: Server started at http://localhost:2000/api/v1/ {"timestamp":"2022-02-15T10:14:12.552Z"}
info: Connected to the database. {"timestamp":"2022-02-15T10:14:12.646Z"}
info: Login token  eyJhbGciOiJIUzI1NiIsInR5cCI6IkpXVCJ9.eyJpZCI6IjYyMGIxYzVmMmFjZjRmMDc3Y2Y2MmI2MiIsImVtYWlsIjoidmh2amtAZ21haWwuY29tIiwicm9sZSI6ImFkbWluIiwiaWF0IjoxNjQ0OTIwMTAyfQ.z3F3QZUboLy6UVrLez1wHYBxJeOllotc8OYaOwmYmrM {"timestamp":"2022-02-15T10:15:02.004Z"}
info: Server started at http://localhost:2000/api/v1/ {"timestamp":"2022-02-15T10:16:21.044Z"}
info: Connected to the database. {"timestamp":"2022-02-15T10:16:21.099Z"}
info: Server started at http://localhost:2000/api/v1/ {"timestamp":"2022-02-15T10:31:16.909Z"}
info: Connected to the database. {"timestamp":"2022-02-15T10:31:16.979Z"}
info: Server started at http://localhost:2000/api/v1/ {"timestamp":"2022-02-15T10:48:40.146Z"}
info: Connected to the database. {"timestamp":"2022-02-15T10:48:40.198Z"}
info: Server started at http://localhost:2000/api/v1/ {"timestamp":"2022-02-15T10:49:56.654Z"}
info: Connected to the database. {"timestamp":"2022-02-15T10:49:56.715Z"}
error: 
      status - 400
      message - Authorization token is required 
      url - /api/v1/books/ 
      method - POST 
      IP - ::ffff:127.0.0.1
     {"timestamp":"2022-02-15T10:50:57.475Z"}
info: Server started at http://localhost:2000/api/v1/ {"timestamp":"2022-02-15T10:52:36.988Z"}
info: Connected to the database. {"timestamp":"2022-02-15T10:52:37.028Z"}
info: Server started at http://localhost:2000/api/v1/ {"timestamp":"2022-02-15T14:36:49.642Z"}
info: Connected to the database. {"timestamp":"2022-02-15T14:36:49.711Z"}
info: Server started at http://localhost:2000/api/v1/ {"timestamp":"2022-02-15T14:53:24.746Z"}
info: Connected to the database. {"timestamp":"2022-02-15T14:53:24.801Z"}
info: Login token  eyJhbGciOiJIUzI1NiIsInR5cCI6IkpXVCJ9.eyJpZCI6IjYyMGJiZWFkM2Y1NTVmMWNjMDZiZjQ4ZCIsImVtYWlsIjoiYW50YXJhQGdtYWlsLmNvbSIsInJvbGUiOiJ1c2VyIiwiaWF0IjoxNjQ0OTM3MDE5fQ.xbj352gjEs2W9c6OtvXRHsV7FZ3yhbDWUs1SumKrg7g {"timestamp":"2022-02-15T14:56:59.426Z"}
info: Server started at http://localhost:2000/api/v1/ {"timestamp":"2022-02-15T15:03:36.011Z"}
info: Connected to the database. {"timestamp":"2022-02-15T15:03:36.063Z"}
info: Server started at http://localhost:2000/api/v1/ {"timestamp":"2022-02-15T15:05:18.680Z"}
info: Connected to the database. {"timestamp":"2022-02-15T15:05:18.733Z"}
info: Server started at http://localhost:2000/api/v1/ {"timestamp":"2022-02-15T15:06:17.517Z"}
info: Connected to the database. {"timestamp":"2022-02-15T15:06:17.571Z"}
info: Login token  eyJhbGciOiJIUzI1NiIsInR5cCI6IkpXVCJ9.eyJpZCI6IjYyMGJjMjgzMDFmZmFiMWNkY2NkMzNiMSIsImVtYWlsIjoiYW50YXJhQGdtYWlsLmNvbSIsInJvbGUiOiJhZG1pbiIsImlhdCI6MTY0NDkzNzg3NH0.8q9JdyapvfgvGPHrPB8qb1e1e8z1Zv-7bDMUQslghxE {"timestamp":"2022-02-15T15:11:14.798Z"}
error: 
    status - 500 
    message - TypeError: Cannot read property 'admin' of undefined
    at _callee3$ (E:\CFP_BZ\book_store\src\middlewares\/auth.middleware.js:46:13)
    at tryCatch (E:\CFP_BZ\book_store\node_modules\regenerator-runtime\runtime.js:63:40)
    at Generator.invoke [as _invoke] (E:\CFP_BZ\book_store\node_modules\regenerator-runtime\runtime.js:294:22)
    at Generator.next (E:\CFP_BZ\book_store\node_modules\regenerator-runtime\runtime.js:119:21)
    at asyncGeneratorStep (E:\CFP_BZ\book_store\node_modules\@babel\runtime\helpers\asyncToGenerator.js:3:24)
    at _next (E:\CFP_BZ\book_store\node_modules\@babel\runtime\helpers\asyncToGenerator.js:25:9)
    at processTicksAndRejections (internal/process/task_queues.js:95:5) 
    url - /api/v1//books/ 
    method - POST 
    IP - ::1
   {"timestamp":"2022-02-15T15:12:01.177Z"}
error: 
    status - 500 
    message - SyntaxError: Unexpected token } in JSON at position 148
    at JSON.parse (<anonymous>)
    at parse (E:\CFP_BZ\book_store\node_modules\body-parser\lib\types\json.js:89:19)
    at E:\CFP_BZ\book_store\node_modules\body-parser\lib\read.js:121:18
    at invokeCallback (E:\CFP_BZ\book_store\node_modules\raw-body\index.js:224:16)
    at done (E:\CFP_BZ\book_store\node_modules\raw-body\index.js:213:7)
    at IncomingMessage.onEnd (E:\CFP_BZ\book_store\node_modules\raw-body\index.js:273:7)
    at IncomingMessage.emit (events.js:387:35)
    at IncomingMessage.emit (domain.js:470:12)
    at endReadableNT (internal/streams/readable.js:1317:12)
    at processTicksAndRejections (internal/process/task_queues.js:82:21) 
    url - /api/v1//books/ 
    method - POST 
    IP - ::1
   {"timestamp":"2022-02-15T15:12:27.426Z"}
error: 
    status - 500 
    message - TypeError: Cannot read property 'admin' of undefined
    at _callee3$ (E:\CFP_BZ\book_store\src\middlewares\/auth.middleware.js:46:13)
    at tryCatch (E:\CFP_BZ\book_store\node_modules\regenerator-runtime\runtime.js:63:40)
    at Generator.invoke [as _invoke] (E:\CFP_BZ\book_store\node_modules\regenerator-runtime\runtime.js:294:22)
    at Generator.next (E:\CFP_BZ\book_store\node_modules\regenerator-runtime\runtime.js:119:21)
    at asyncGeneratorStep (E:\CFP_BZ\book_store\node_modules\@babel\runtime\helpers\asyncToGenerator.js:3:24)
    at _next (E:\CFP_BZ\book_store\node_modules\@babel\runtime\helpers\asyncToGenerator.js:25:9)
    at processTicksAndRejections (internal/process/task_queues.js:95:5) 
    url - /api/v1//books/ 
    method - POST 
    IP - ::1
   {"timestamp":"2022-02-15T15:12:36.591Z"}
error: 
    status - 500 
    message - TypeError: Cannot read property 'admin' of undefined
    at _callee3$ (E:\CFP_BZ\book_store\src\middlewares\/auth.middleware.js:46:13)
    at tryCatch (E:\CFP_BZ\book_store\node_modules\regenerator-runtime\runtime.js:63:40)
    at Generator.invoke [as _invoke] (E:\CFP_BZ\book_store\node_modules\regenerator-runtime\runtime.js:294:22)
    at Generator.next (E:\CFP_BZ\book_store\node_modules\regenerator-runtime\runtime.js:119:21)
    at asyncGeneratorStep (E:\CFP_BZ\book_store\node_modules\@babel\runtime\helpers\asyncToGenerator.js:3:24)
    at _next (E:\CFP_BZ\book_store\node_modules\@babel\runtime\helpers\asyncToGenerator.js:25:9)
    at processTicksAndRejections (internal/process/task_queues.js:95:5) 
    url - /api/v1//books/ 
    method - POST 
    IP - ::1
   {"timestamp":"2022-02-15T15:14:32.421Z"}
info: Server started at http://localhost:2000/api/v1/ {"timestamp":"2022-02-15T15:21:50.292Z"}
info: Connected to the database. {"timestamp":"2022-02-15T15:21:50.359Z"}
info: Server started at http://localhost:2000/api/v1/ {"timestamp":"2022-02-15T15:31:22.426Z"}
info: Connected to the database. {"timestamp":"2022-02-15T15:31:22.504Z"}
info: Server started at http://localhost:2000/api/v1/ {"timestamp":"2022-02-15T15:31:48.329Z"}
info: Connected to the database. {"timestamp":"2022-02-15T15:31:48.394Z"}
error: 
    status - 500 
    message - TypeError: Cannot read property 'admin' of undefined
    at _callee3$ (E:\CFP_BZ\book_store\src\middlewares\/auth.middleware.js:46:13)
    at tryCatch (E:\CFP_BZ\book_store\node_modules\regenerator-runtime\runtime.js:63:40)
    at Generator.invoke [as _invoke] (E:\CFP_BZ\book_store\node_modules\regenerator-runtime\runtime.js:294:22)
    at Generator.next (E:\CFP_BZ\book_store\node_modules\regenerator-runtime\runtime.js:119:21)
    at asyncGeneratorStep (E:\CFP_BZ\book_store\node_modules\@babel\runtime\helpers\asyncToGenerator.js:3:24)
    at _next (E:\CFP_BZ\book_store\node_modules\@babel\runtime\helpers\asyncToGenerator.js:25:9)
    at processTicksAndRejections (internal/process/task_queues.js:95:5) 
    url - /api/v1//books/ 
    method - POST 
    IP - ::1
   {"timestamp":"2022-02-15T15:31:54.963Z"}
error: 
    status - 500 
    message - TypeError: Cannot read property 'admin' of undefined
    at _callee3$ (E:\CFP_BZ\book_store\src\middlewares\/auth.middleware.js:46:13)
    at tryCatch (E:\CFP_BZ\book_store\node_modules\regenerator-runtime\runtime.js:63:40)
    at Generator.invoke [as _invoke] (E:\CFP_BZ\book_store\node_modules\regenerator-runtime\runtime.js:294:22)
    at Generator.next (E:\CFP_BZ\book_store\node_modules\regenerator-runtime\runtime.js:119:21)
    at asyncGeneratorStep (E:\CFP_BZ\book_store\node_modules\@babel\runtime\helpers\asyncToGenerator.js:3:24)
    at _next (E:\CFP_BZ\book_store\node_modules\@babel\runtime\helpers\asyncToGenerator.js:25:9)
    at processTicksAndRejections (internal/process/task_queues.js:95:5) 
    url - /api/v1//books/ 
    method - POST 
    IP - ::1
   {"timestamp":"2022-02-15T15:33:03.529Z"}
info: Server started at http://localhost:2000/api/v1/ {"timestamp":"2022-02-15T15:34:53.443Z"}
info: Connected to the database. {"timestamp":"2022-02-15T15:34:53.504Z"}
error: 
    status - 500 
    message - TypeError: Cannot read property 'admin' of undefined
    at _callee3$ (E:\CFP_BZ\book_store\src\middlewares\/auth.middleware.js:46:13)
    at tryCatch (E:\CFP_BZ\book_store\node_modules\regenerator-runtime\runtime.js:63:40)
    at Generator.invoke [as _invoke] (E:\CFP_BZ\book_store\node_modules\regenerator-runtime\runtime.js:294:22)
    at Generator.next (E:\CFP_BZ\book_store\node_modules\regenerator-runtime\runtime.js:119:21)
    at asyncGeneratorStep (E:\CFP_BZ\book_store\node_modules\@babel\runtime\helpers\asyncToGenerator.js:3:24)
    at _next (E:\CFP_BZ\book_store\node_modules\@babel\runtime\helpers\asyncToGenerator.js:25:9)
    at processTicksAndRejections (internal/process/task_queues.js:95:5) 
    url - /api/v1//books/ 
    method - POST 
    IP - ::1
   {"timestamp":"2022-02-15T15:35:01.349Z"}
info: Server started at http://localhost:2000/api/v1/ {"timestamp":"2022-02-15T15:39:54.271Z"}
info: Connected to the database. {"timestamp":"2022-02-15T15:39:54.334Z"}
error: 
    status - 500 
    message - TypeError: Cannot read property 'admin' of undefined
    at _callee3$ (E:\CFP_BZ\book_store\src\middlewares\/auth.middleware.js:46:13)
    at tryCatch (E:\CFP_BZ\book_store\node_modules\regenerator-runtime\runtime.js:63:40)
    at Generator.invoke [as _invoke] (E:\CFP_BZ\book_store\node_modules\regenerator-runtime\runtime.js:294:22)
    at Generator.next (E:\CFP_BZ\book_store\node_modules\regenerator-runtime\runtime.js:119:21)
    at asyncGeneratorStep (E:\CFP_BZ\book_store\node_modules\@babel\runtime\helpers\asyncToGenerator.js:3:24)
    at _next (E:\CFP_BZ\book_store\node_modules\@babel\runtime\helpers\asyncToGenerator.js:25:9)
    at processTicksAndRejections (internal/process/task_queues.js:95:5) 
    url - /api/v1//books/ 
    method - POST 
    IP - ::1
   {"timestamp":"2022-02-15T15:40:06.095Z"}
info: Server started at http://localhost:2000/api/v1/ {"timestamp":"2022-02-15T15:49:31.929Z"}
info: Connected to the database. {"timestamp":"2022-02-15T15:49:32.045Z"}
error: 
    status - 500 
    message - TypeError: Cannot read property 'admin' of undefined
    at _callee3$ (E:\CFP_BZ\book_store\src\middlewares\/auth.middleware.js:46:13)
    at tryCatch (E:\CFP_BZ\book_store\node_modules\regenerator-runtime\runtime.js:63:40)
    at Generator.invoke [as _invoke] (E:\CFP_BZ\book_store\node_modules\regenerator-runtime\runtime.js:294:22)
    at Generator.next (E:\CFP_BZ\book_store\node_modules\regenerator-runtime\runtime.js:119:21)
    at asyncGeneratorStep (E:\CFP_BZ\book_store\node_modules\@babel\runtime\helpers\asyncToGenerator.js:3:24)
    at _next (E:\CFP_BZ\book_store\node_modules\@babel\runtime\helpers\asyncToGenerator.js:25:9)
    at processTicksAndRejections (internal/process/task_queues.js:95:5) 
    url - /api/v1/books 
    method - POST 
    IP - ::1
   {"timestamp":"2022-02-15T15:50:36.493Z"}
error: 
    status - 500 
    message - TypeError: Cannot read property 'admin' of undefined
    at _callee3$ (E:\CFP_BZ\book_store\src\middlewares\/auth.middleware.js:46:13)
    at tryCatch (E:\CFP_BZ\book_store\node_modules\regenerator-runtime\runtime.js:63:40)
    at Generator.invoke [as _invoke] (E:\CFP_BZ\book_store\node_modules\regenerator-runtime\runtime.js:294:22)
    at Generator.next (E:\CFP_BZ\book_store\node_modules\regenerator-runtime\runtime.js:119:21)
    at asyncGeneratorStep (E:\CFP_BZ\book_store\node_modules\@babel\runtime\helpers\asyncToGenerator.js:3:24)
    at _next (E:\CFP_BZ\book_store\node_modules\@babel\runtime\helpers\asyncToGenerator.js:25:9)
    at processTicksAndRejections (internal/process/task_queues.js:95:5) 
    url - /api/v1/books 
    method - POST 
    IP - ::1
   {"timestamp":"2022-02-15T15:51:22.911Z"}
error: 
    status - 500 
    message - TypeError: Cannot read property 'admin' of undefined
    at _callee3$ (E:\CFP_BZ\book_store\src\middlewares\/auth.middleware.js:46:13)
    at tryCatch (E:\CFP_BZ\book_store\node_modules\regenerator-runtime\runtime.js:63:40)
    at Generator.invoke [as _invoke] (E:\CFP_BZ\book_store\node_modules\regenerator-runtime\runtime.js:294:22)
    at Generator.next (E:\CFP_BZ\book_store\node_modules\regenerator-runtime\runtime.js:119:21)
    at asyncGeneratorStep (E:\CFP_BZ\book_store\node_modules\@babel\runtime\helpers\asyncToGenerator.js:3:24)
    at _next (E:\CFP_BZ\book_store\node_modules\@babel\runtime\helpers\asyncToGenerator.js:25:9)
    at processTicksAndRejections (internal/process/task_queues.js:95:5) 
    url - /api/v1//books 
    method - POST 
    IP - ::1
   {"timestamp":"2022-02-15T15:51:33.288Z"}
error: 
    status - 500 
    message - TypeError: Cannot read property 'admin' of undefined
    at _callee3$ (E:\CFP_BZ\book_store\src\middlewares\/auth.middleware.js:46:13)
    at tryCatch (E:\CFP_BZ\book_store\node_modules\regenerator-runtime\runtime.js:63:40)
    at Generator.invoke [as _invoke] (E:\CFP_BZ\book_store\node_modules\regenerator-runtime\runtime.js:294:22)
    at Generator.next (E:\CFP_BZ\book_store\node_modules\regenerator-runtime\runtime.js:119:21)
    at asyncGeneratorStep (E:\CFP_BZ\book_store\node_modules\@babel\runtime\helpers\asyncToGenerator.js:3:24)
    at _next (E:\CFP_BZ\book_store\node_modules\@babel\runtime\helpers\asyncToGenerator.js:25:9)
    at processTicksAndRejections (internal/process/task_queues.js:95:5) 
    url - /api/v1/books 
    method - POST 
    IP - ::1
   {"timestamp":"2022-02-15T15:57:16.947Z"}
error: 
      status - 400
      message - Authorization token is required 
      url - /api/v1/books/?token=eyJhbGciOiJIUzI1NiIsInR5cCI6IkpXVCJ9.eyJpZCI6IjYyMGJjMjgzMDFmZmFiMWNkY2NkMzNiMSIsImVtYWlsIjoiYW50YXJhQGdtYWlsLmNvbSIsInJvbGUiOiJhZG1pbiIsImlhdCI6MTY0NDkzNzg3NH0.8q9JdyapvfgvGPHrPB8qb1e1e8z1Zv-7bDMUQslghxE 
      method - GET 
      IP - ::1
     {"timestamp":"2022-02-15T15:57:45.209Z"}
error: 
      status - 400
      message - Authorization token is required 
      url - /api/v1/books/ 
      method - GET 
      IP - ::1
     {"timestamp":"2022-02-15T15:58:01.554Z"}
error: 
    status - 500 
    message - TypeError: Cannot read property 'admin' of undefined
    at _callee3$ (E:\CFP_BZ\book_store\src\middlewares\/auth.middleware.js:46:13)
    at tryCatch (E:\CFP_BZ\book_store\node_modules\regenerator-runtime\runtime.js:63:40)
    at Generator.invoke [as _invoke] (E:\CFP_BZ\book_store\node_modules\regenerator-runtime\runtime.js:294:22)
    at Generator.next (E:\CFP_BZ\book_store\node_modules\regenerator-runtime\runtime.js:119:21)
    at asyncGeneratorStep (E:\CFP_BZ\book_store\node_modules\@babel\runtime\helpers\asyncToGenerator.js:3:24)
    at _next (E:\CFP_BZ\book_store\node_modules\@babel\runtime\helpers\asyncToGenerator.js:25:9)
    at processTicksAndRejections (internal/process/task_queues.js:95:5) 
    url - /api/v1/books/ 
    method - GET 
    IP - ::1
   {"timestamp":"2022-02-15T15:58:24.691Z"}
error: 
    status - 500 
    message - SyntaxError: Unexpected token } in JSON at position 124
    at JSON.parse (<anonymous>)
    at parse (E:\CFP_BZ\book_store\node_modules\body-parser\lib\types\json.js:89:19)
    at E:\CFP_BZ\book_store\node_modules\body-parser\lib\read.js:121:18
    at invokeCallback (E:\CFP_BZ\book_store\node_modules\raw-body\index.js:224:16)
    at done (E:\CFP_BZ\book_store\node_modules\raw-body\index.js:213:7)
    at IncomingMessage.onEnd (E:\CFP_BZ\book_store\node_modules\raw-body\index.js:273:7)
    at IncomingMessage.emit (events.js:387:35)
    at IncomingMessage.emit (domain.js:470:12)
    at endReadableNT (internal/streams/readable.js:1317:12)
    at processTicksAndRejections (internal/process/task_queues.js:82:21) 
    url - /api/v1/users/registrationUser 
    method - GET 
    IP - ::1
   {"timestamp":"2022-02-15T16:02:20.049Z"}
error: 
    status - 500 
    message - TypeError: Cannot read property 'admin' of undefined
    at _callee3$ (E:\CFP_BZ\book_store\src\middlewares\/auth.middleware.js:46:13)
    at tryCatch (E:\CFP_BZ\book_store\node_modules\regenerator-runtime\runtime.js:63:40)
    at Generator.invoke [as _invoke] (E:\CFP_BZ\book_store\node_modules\regenerator-runtime\runtime.js:294:22)
    at Generator.next (E:\CFP_BZ\book_store\node_modules\regenerator-runtime\runtime.js:119:21)
    at asyncGeneratorStep (E:\CFP_BZ\book_store\node_modules\@babel\runtime\helpers\asyncToGenerator.js:3:24)
    at _next (E:\CFP_BZ\book_store\node_modules\@babel\runtime\helpers\asyncToGenerator.js:25:9)
    at processTicksAndRejections (internal/process/task_queues.js:95:5) 
    url - /api/v1/books 
    method - POST 
    IP - ::1
   {"timestamp":"2022-02-15T16:05:08.507Z"}
info: Server started at http://localhost:2000/api/v1/ {"timestamp":"2022-02-15T16:06:36.472Z"}
info: Connected to the database. {"timestamp":"2022-02-15T16:06:36.539Z"}
error: 
    status - 500 
    message - TypeError: Cannot read property 'admin' of undefined
    at _callee3$ (E:\CFP_BZ\book_store\src\middlewares\/auth.middleware.js:46:13)
    at tryCatch (E:\CFP_BZ\book_store\node_modules\regenerator-runtime\runtime.js:63:40)
    at Generator.invoke [as _invoke] (E:\CFP_BZ\book_store\node_modules\regenerator-runtime\runtime.js:294:22)
    at Generator.next (E:\CFP_BZ\book_store\node_modules\regenerator-runtime\runtime.js:119:21)
    at asyncGeneratorStep (E:\CFP_BZ\book_store\node_modules\@babel\runtime\helpers\asyncToGenerator.js:3:24)
    at _next (E:\CFP_BZ\book_store\node_modules\@babel\runtime\helpers\asyncToGenerator.js:25:9)
    at processTicksAndRejections (internal/process/task_queues.js:95:5) 
    url - /api/v1/books 
    method - POST 
    IP - ::1
   {"timestamp":"2022-02-15T16:07:51.502Z"}
error: 
    status - 500 
    message - TypeError: Cannot read property 'admin' of undefined
    at _callee3$ (E:\CFP_BZ\book_store\src\middlewares\/auth.middleware.js:46:13)
    at tryCatch (E:\CFP_BZ\book_store\node_modules\regenerator-runtime\runtime.js:63:40)
    at Generator.invoke [as _invoke] (E:\CFP_BZ\book_store\node_modules\regenerator-runtime\runtime.js:294:22)
    at Generator.next (E:\CFP_BZ\book_store\node_modules\regenerator-runtime\runtime.js:119:21)
    at asyncGeneratorStep (E:\CFP_BZ\book_store\node_modules\@babel\runtime\helpers\asyncToGenerator.js:3:24)
    at _next (E:\CFP_BZ\book_store\node_modules\@babel\runtime\helpers\asyncToGenerator.js:25:9)
    at processTicksAndRejections (internal/process/task_queues.js:95:5) 
    url - /api/v1/books 
    method - POST 
    IP - ::1
   {"timestamp":"2022-02-15T16:08:13.630Z"}
info: Login token  eyJhbGciOiJIUzI1NiIsInR5cCI6IkpXVCJ9.eyJpZCI6IjYyMGJjMjgzMDFmZmFiMWNkY2NkMzNiMSIsImVtYWlsIjoiYW50YXJhQGdtYWlsLmNvbSIsInJvbGUiOiJhZG1pbiIsImlhdCI6MTY0NDk0MTM3Mn0.jcyhIpIq3PHB5nAH2L22TszyhkFJlm_TMbEcnugysKA {"timestamp":"2022-02-15T16:09:32.032Z"}
error: 
    status - 500 
    message - TypeError: Cannot read property 'admin' of undefined
    at _callee3$ (E:\CFP_BZ\book_store\src\middlewares\/auth.middleware.js:46:13)
    at tryCatch (E:\CFP_BZ\book_store\node_modules\regenerator-runtime\runtime.js:63:40)
    at Generator.invoke [as _invoke] (E:\CFP_BZ\book_store\node_modules\regenerator-runtime\runtime.js:294:22)
    at Generator.next (E:\CFP_BZ\book_store\node_modules\regenerator-runtime\runtime.js:119:21)
    at asyncGeneratorStep (E:\CFP_BZ\book_store\node_modules\@babel\runtime\helpers\asyncToGenerator.js:3:24)
    at _next (E:\CFP_BZ\book_store\node_modules\@babel\runtime\helpers\asyncToGenerator.js:25:9)
    at processTicksAndRejections (internal/process/task_queues.js:95:5) 
    url - /api/v1/books 
    method - POST 
    IP - ::1
   {"timestamp":"2022-02-15T16:10:11.837Z"}
info: Server started at http://localhost:2000/api/v1/ {"timestamp":"2022-02-15T16:11:52.745Z"}
info: Connected to the database. {"timestamp":"2022-02-15T16:11:52.787Z"}
info: Server started at http://localhost:2000/api/v1/ {"timestamp":"2022-02-15T16:12:56.041Z"}
info: Connected to the database. {"timestamp":"2022-02-15T16:12:56.100Z"}
