info: Server started at http://localhost:2000/api/v1/ {"timestamp":"2022-02-17T05:09:32.223Z"}
info: Connected to the database. {"timestamp":"2022-02-17T05:09:32.336Z"}
info: Server started at http://localhost:2000/api/v1/ {"timestamp":"2022-02-17T05:20:48.281Z"}
info: Connected to the database. {"timestamp":"2022-02-17T05:20:48.373Z"}
info: Server started at http://localhost:2000/api/v1/ {"timestamp":"2022-02-17T05:21:03.510Z"}
info: Connected to the database. {"timestamp":"2022-02-17T05:21:03.598Z"}
info: Server started at http://localhost:2000/api/v1/ {"timestamp":"2022-02-17T05:22:45.895Z"}
info: Connected to the database. {"timestamp":"2022-02-17T05:22:45.947Z"}
error: 
    status - 500 
    message - Error: Invalid sort() argument, must be array of arrays
    at model.Query.Query.sort (E:\CFP_BZ\book_store\node_modules\mquery\lib\mquery.js:1255:15)
    at model.Query.sort (E:\CFP_BZ\book_store\node_modules\mongoose\lib\query.js:2685:26)
    at _callee3$ (E:\CFP_BZ\book_store\src\services\/book.service.js:26:36)
    at tryCatch (E:\CFP_BZ\book_store\node_modules\regenerator-runtime\runtime.js:63:40)
    at Generator.invoke [as _invoke] (E:\CFP_BZ\book_store\node_modules\regenerator-runtime\runtime.js:294:22)
    at Generator.next (E:\CFP_BZ\book_store\node_modules\regenerator-runtime\runtime.js:119:21)
    at asyncGeneratorStep (E:\CFP_BZ\book_store\node_modules\@babel\runtime\helpers\asyncToGenerator.js:3:24)
    at _next (E:\CFP_BZ\book_store\node_modules\@babel\runtime\helpers\asyncToGenerator.js:25:9) 
    url - /api/v1/books/newArr 
    method - GET 
    IP - ::ffff:127.0.0.1
   {"timestamp":"2022-02-17T05:23:44.440Z"}
info: Server started at http://localhost:2000/api/v1/ {"timestamp":"2022-02-17T05:24:24.843Z"}
info: Connected to the database. {"timestamp":"2022-02-17T05:24:24.902Z"}
info: Server started at http://localhost:2000/api/v1/ {"timestamp":"2022-02-17T05:25:24.224Z"}
info: Connected to the database. {"timestamp":"2022-02-17T05:25:24.285Z"}
info: Server started at http://localhost:2000/api/v1/ {"timestamp":"2022-02-17T05:44:58.282Z"}
info: Connected to the database. {"timestamp":"2022-02-17T05:44:58.336Z"}
info: Server started at http://localhost:2000/api/v1/ {"timestamp":"2022-02-17T05:50:54.530Z"}
info: Connected to the database. {"timestamp":"2022-02-17T05:50:54.595Z"}
info: Server started at http://localhost:2000/api/v1/ {"timestamp":"2022-02-17T05:51:11.224Z"}
info: Connected to the database. {"timestamp":"2022-02-17T05:51:11.282Z"}
info: Server started at http://localhost:2000/api/v1/ {"timestamp":"2022-02-17T05:58:41.960Z"}
info: Connected to the database. {"timestamp":"2022-02-17T05:58:42.015Z"}
info: Server started at http://localhost:2000/api/v1/ {"timestamp":"2022-02-17T06:16:53.638Z"}
info: Connected to the database. {"timestamp":"2022-02-17T06:16:53.696Z"}
info: Server started at http://localhost:2000/api/v1/ {"timestamp":"2022-02-17T06:19:04.558Z"}
info: Connected to the database. {"timestamp":"2022-02-17T06:19:04.666Z"}
info: Server started at http://localhost:2000/api/v1/ {"timestamp":"2022-02-17T06:25:28.455Z"}
info: Connected to the database. {"timestamp":"2022-02-17T06:25:28.514Z"}
info: Server started at http://localhost:2000/api/v1/ {"timestamp":"2022-02-17T06:26:41.844Z"}
info: Connected to the database. {"timestamp":"2022-02-17T06:26:41.939Z"}
info: Login token  eyJhbGciOiJIUzI1NiIsInR5cCI6IkpXVCJ9.eyJpZCI6IjYyMGRlYjFlZThiMjM1MTlhNDZlMzFlMyIsImVtYWlsIjoidXNlcjExQGdtYWlsLmNvbSIsInJvbGUiOiJ1c2VyIiwiaWF0IjoxNjQ1MDgzMTk4fQ.xfWEGpUVSL3p_TBJE3oqdcRotxHtGEPkvDStZ5jK7io {"timestamp":"2022-02-17T07:33:19.367Z"}
info: Server started at http://localhost:2000/api/v1/ {"timestamp":"2022-02-17T07:48:09.099Z"}
info: Connected to the database. {"timestamp":"2022-02-17T07:48:09.771Z"}
info: Server started at http://localhost:2000/api/v1/ {"timestamp":"2022-02-17T10:12:40.283Z"}
info: Connected to the database. {"timestamp":"2022-02-17T10:12:40.342Z"}
error: 
      status - 400
      message - Authorization token is required 
      url - /api/v1/books/ 
      method - GET 
      IP - ::ffff:127.0.0.1
     {"timestamp":"2022-02-17T10:15:10.162Z"}
info: Server started at http://localhost:2000/api/v1/ {"timestamp":"2022-02-17T10:17:35.420Z"}
info: Connected to the database. {"timestamp":"2022-02-17T10:17:35.473Z"}
info: Server started at http://localhost:2000/api/v1/ {"timestamp":"2022-02-17T10:21:25.039Z"}
info: Connected to the database. {"timestamp":"2022-02-17T10:21:25.130Z"}
info: Server started at http://localhost:2000/api/v1/ {"timestamp":"2022-02-17T10:22:11.949Z"}
info: Connected to the database. {"timestamp":"2022-02-17T10:22:11.997Z"}
info: Server started at http://localhost:2000/api/v1/ {"timestamp":"2022-02-17T10:24:03.502Z"}
info: Connected to the database. {"timestamp":"2022-02-17T10:24:03.552Z"}
error: 
    status - 500 
    message - JsonWebTokenError: jwt must be provided
    at Object.verify (E:\CFP_BZ\book_store\node_modules\jsonwebtoken\verify.js:53:17)
    at _callee$ (E:\CFP_BZ\book_store\src\middlewares\/auth.middleware.js:22:28)
    at tryCatch (E:\CFP_BZ\book_store\node_modules\regenerator-runtime\runtime.js:63:40)
    at Generator.invoke [as _invoke] (E:\CFP_BZ\book_store\node_modules\regenerator-runtime\runtime.js:294:22)
    at Generator.next (E:\CFP_BZ\book_store\node_modules\regenerator-runtime\runtime.js:119:21)
    at asyncGeneratorStep (E:\CFP_BZ\book_store\node_modules\@babel\runtime\helpers\asyncToGenerator.js:3:24)
    at _next (E:\CFP_BZ\book_store\node_modules\@babel\runtime\helpers\asyncToGenerator.js:25:9)
    at E:\CFP_BZ\book_store\node_modules\@babel\runtime\helpers\asyncToGenerator.js:32:7
    at new Promise (<anonymous>)
    at E:\CFP_BZ\book_store\node_modules\@babel\runtime\helpers\asyncToGenerator.js:21:12 
    url - /api/v1/books/ 
    method - GET 
    IP - ::ffff:127.0.0.1
   {"timestamp":"2022-02-17T10:24:11.738Z"}
info: Server started at http://localhost:2000/api/v1/ {"timestamp":"2022-02-17T10:27:28.337Z"}
info: Connected to the database. {"timestamp":"2022-02-17T10:27:28.389Z"}
error: 
    status - 500 
    message - ReferenceError: bearerToken is not defined
    at _callee$ (E:\CFP_BZ\book_store\src\middlewares\/auth.middleware.js:22:36)
    at tryCatch (E:\CFP_BZ\book_store\node_modules\regenerator-runtime\runtime.js:63:40)
    at Generator.invoke [as _invoke] (E:\CFP_BZ\book_store\node_modules\regenerator-runtime\runtime.js:294:22)
    at Generator.next (E:\CFP_BZ\book_store\node_modules\regenerator-runtime\runtime.js:119:21)
    at asyncGeneratorStep (E:\CFP_BZ\book_store\node_modules\@babel\runtime\helpers\asyncToGenerator.js:3:24)
    at _next (E:\CFP_BZ\book_store\node_modules\@babel\runtime\helpers\asyncToGenerator.js:25:9)
    at E:\CFP_BZ\book_store\node_modules\@babel\runtime\helpers\asyncToGenerator.js:32:7
    at new Promise (<anonymous>)
    at E:\CFP_BZ\book_store\node_modules\@babel\runtime\helpers\asyncToGenerator.js:21:12
    at userAuth (E:\CFP_BZ\book_store\src\middlewares\/auth.middleware.js:12:22) 
    url - /api/v1/books/ 
    method - GET 
    IP - ::ffff:127.0.0.1
   {"timestamp":"2022-02-17T10:27:32.100Z"}
info: Server started at http://localhost:2000/api/v1/ {"timestamp":"2022-02-17T10:28:14.080Z"}
info: Connected to the database. {"timestamp":"2022-02-17T10:28:14.121Z"}
info: Server started at http://localhost:2000/api/v1/ {"timestamp":"2022-02-17T10:29:00.870Z"}
info: Connected to the database. {"timestamp":"2022-02-17T10:29:00.912Z"}
info: Server started at http://localhost:2000/api/v1/ {"timestamp":"2022-02-17T10:30:05.105Z"}
info: Connected to the database. {"timestamp":"2022-02-17T10:30:05.155Z"}
info: Server started at http://localhost:2000/api/v1/ {"timestamp":"2022-02-17T10:33:00.485Z"}
info: Connected to the database. {"timestamp":"2022-02-17T10:33:00.561Z"}
info: Server started at http://localhost:2000/api/v1/ {"timestamp":"2022-02-17T10:33:10.064Z"}
info: Connected to the database. {"timestamp":"2022-02-17T10:33:10.145Z"}
info: Server started at http://localhost:2000/api/v1/ {"timestamp":"2022-02-17T10:33:37.718Z"}
info: Connected to the database. {"timestamp":"2022-02-17T10:33:37.775Z"}
info: Server started at http://localhost:2000/api/v1/ {"timestamp":"2022-02-17T10:36:14.816Z"}
info: Connected to the database. {"timestamp":"2022-02-17T10:36:14.872Z"}
info: Server started at http://localhost:2000/api/v1/ {"timestamp":"2022-02-17T10:37:27.342Z"}
info: Connected to the database. {"timestamp":"2022-02-17T10:37:27.390Z"}
info: Login token  eyJhbGciOiJIUzI1NiIsInR5cCI6IkpXVCJ9.eyJpZCI6IjYyMGRlYjFlZThiMjM1MTlhNDZlMzFlMyIsImVtYWlsIjoidXNlcjExQGdtYWlsLmNvbSIsInJvbGUiOiJ1c2VyIiwiaWF0IjoxNjQ1MDk0Mjc0fQ.wjLFcP_rB4CEbFhuDSYj68BacfzXKtcTc2hz8TUkQGg {"timestamp":"2022-02-17T10:37:54.534Z"}
info: Server started at http://localhost:2000/api/v1/ {"timestamp":"2022-02-17T10:42:06.118Z"}
info: Connected to the database. {"timestamp":"2022-02-17T10:42:06.180Z"}
info: Login token  eyJhbGciOiJIUzI1NiIsInR5cCI6IkpXVCJ9.eyJpZCI6IjYyMGJkOWIwZjEwYzJlMTExYzgwZmY0ZSIsImVtYWlsIjoiYW50YXJhQGdtYWlsLmNvbSIsInJvbGUiOiJhZG1pbiIsImlhdCI6MTY0NTA5NDU1OX0.Rq27DEgeM1gp8dGlK_QtpiGooCJ7HtLezZa4TZJ_30Y {"timestamp":"2022-02-17T10:42:39.477Z"}
info: Server started at http://localhost:2000/api/v1/ {"timestamp":"2022-02-17T10:52:41.420Z"}
info: Connected to the database. {"timestamp":"2022-02-17T10:52:41.464Z"}
info: Server started at http://localhost:2000/api/v1/ {"timestamp":"2022-02-17T10:55:19.860Z"}
info: Connected to the database. {"timestamp":"2022-02-17T10:55:19.924Z"}
info: Server started at http://localhost:2000/api/v1/ {"timestamp":"2022-02-17T10:57:23.180Z"}
info: Connected to the database. {"timestamp":"2022-02-17T10:57:23.240Z"}
info: Server started at http://localhost:2000/api/v1/ {"timestamp":"2022-02-17T10:57:53.045Z"}
info: Connected to the database. {"timestamp":"2022-02-17T10:57:53.093Z"}
info: Server started at http://localhost:2000/api/v1/ {"timestamp":"2022-02-17T10:58:19.050Z"}
info: Connected to the database. {"timestamp":"2022-02-17T10:58:19.088Z"}
info: Server started at http://localhost:2000/api/v1/ {"timestamp":"2022-02-17T11:04:04.112Z"}
info: Connected to the database. {"timestamp":"2022-02-17T11:04:04.180Z"}
info: Server started at http://localhost:2000/api/v1/ {"timestamp":"2022-02-17T11:07:14.357Z"}
info: Connected to the database. {"timestamp":"2022-02-17T11:07:14.419Z"}
info: Server started at http://localhost:2000/api/v1/ {"timestamp":"2022-02-17T11:07:31.994Z"}
info: Connected to the database. {"timestamp":"2022-02-17T11:07:32.122Z"}
info: Server started at http://localhost:2000/api/v1/ {"timestamp":"2022-02-17T11:08:49.307Z"}
info: Connected to the database. {"timestamp":"2022-02-17T11:08:49.377Z"}
info: Server started at http://localhost:2000/api/v1/ {"timestamp":"2022-02-17T11:10:07.967Z"}
info: Connected to the database. {"timestamp":"2022-02-17T11:10:08.020Z"}
info: Server started at http://localhost:2000/api/v1/ {"timestamp":"2022-02-17T11:10:43.456Z"}
info: Connected to the database. {"timestamp":"2022-02-17T11:10:43.506Z"}
info: Server started at http://localhost:2000/api/v1/ {"timestamp":"2022-02-17T11:11:28.278Z"}
info: Connected to the database. {"timestamp":"2022-02-17T11:11:28.350Z"}
