info: Server started at http://localhost:2000/api/v1/ {"timestamp":"2022-02-14T16:10:18.459Z"}
info: Connected to the database. {"timestamp":"2022-02-14T16:10:22.263Z"}
info: Server started at http://localhost:2000/api/v1/ {"timestamp":"2022-02-14T16:13:13.931Z"}
info: Connected to the database. {"timestamp":"2022-02-14T16:13:14.930Z"}
info: Server started at http://localhost:2000/api/v1/ {"timestamp":"2022-02-14T16:38:30.297Z"}
info: Connected to the database. {"timestamp":"2022-02-14T16:38:30.410Z"}
info: Server started at http://localhost:2000/api/v1/ {"timestamp":"2022-02-14T16:44:09.116Z"}
info: Connected to the database. {"timestamp":"2022-02-14T16:44:09.281Z"}
info: Server started at http://localhost:2000/api/v1/ {"timestamp":"2022-02-14T16:45:06.298Z"}
info: Connected to the database. {"timestamp":"2022-02-14T16:45:06.428Z"}
info: Server started at http://localhost:2000/api/v1/ {"timestamp":"2022-02-14T17:43:50.701Z"}
info: Connected to the database. {"timestamp":"2022-02-14T17:43:50.845Z"}
info: Server started at http://localhost:2000/api/v1/ {"timestamp":"2022-02-14T17:44:13.377Z"}
info: Connected to the database. {"timestamp":"2022-02-14T17:44:13.490Z"}
info: Server started at http://localhost:2000/api/v1/ {"timestamp":"2022-02-14T17:44:56.795Z"}
info: Connected to the database. {"timestamp":"2022-02-14T17:44:56.925Z"}
info: Server started at http://localhost:2000/api/v1/ {"timestamp":"2022-02-14T17:45:24.166Z"}
info: Connected to the database. {"timestamp":"2022-02-14T17:45:24.231Z"}
info: Server started at http://localhost:2000/api/v1/ {"timestamp":"2022-02-14T18:01:14.716Z"}
info: Connected to the database. {"timestamp":"2022-02-14T18:01:14.834Z"}
info: Server started at http://localhost:2000/api/v1/ {"timestamp":"2022-02-14T18:21:53.351Z"}
info: Connected to the database. {"timestamp":"2022-02-14T18:21:53.530Z"}
info: Server started at http://localhost:2000/api/v1/ {"timestamp":"2022-02-14T18:26:22.543Z"}
info: Connected to the database. {"timestamp":"2022-02-14T18:26:22.641Z"}
info: Server started at http://localhost:2000/api/v1/ {"timestamp":"2022-02-14T18:34:01.070Z"}
info: Connected to the database. {"timestamp":"2022-02-14T18:34:01.187Z"}
info: Server started at http://localhost:2000/api/v1/ {"timestamp":"2022-02-14T18:35:18.724Z"}
info: Connected to the database. {"timestamp":"2022-02-14T18:35:18.779Z"}
info: Server started at http://localhost:2000/api/v1/ {"timestamp":"2022-02-14T18:37:20.126Z"}
info: Connected to the database. {"timestamp":"2022-02-14T18:37:20.198Z"}
error: 
    status - 500 
    message - undefined 
    url - /api/v1/users/login 
    method - POST 
    IP - ::1
   {"timestamp":"2022-02-14T18:39:13.626Z"}
info: Server started at http://localhost:2000/api/v1/ {"timestamp":"2022-02-14T18:42:53.265Z"}
info: Connected to the database. {"timestamp":"2022-02-14T18:42:53.753Z"}
info: Login token  eyJhbGciOiJIUzI1NiIsInR5cCI6IkpXVCJ9.eyJpZCI6IjYyMGFhMmQ2YTA1NGUwMTk1NDdjYjcyOSIsImVtYWlsIjoiYWFhYWFAZ21haWwuY29tIiwiaWF0IjoxNjQ0ODY0MjI4fQ.CwEHOBHgHIV2PnX9510xhfwqf1hCJqUiVkDn2b_Ts-U {"timestamp":"2022-02-14T18:43:48.484Z"}
info: Server started at http://localhost:2000/api/v1/ {"timestamp":"2022-02-14T18:47:49.283Z"}
info: Connected to the database. {"timestamp":"2022-02-14T18:47:49.381Z"}
info: Server started at http://localhost:2000/api/v1/ {"timestamp":"2022-02-14T18:48:57.545Z"}
info: Connected to the database. {"timestamp":"2022-02-14T18:48:57.603Z"}
info: Server started at http://localhost:2000/api/v1/ {"timestamp":"2022-02-15T03:06:43.498Z"}
info: Connected to the database. {"timestamp":"2022-02-15T03:06:43.561Z"}
error: 
      status - 11000
      message - E11000 duplicate key error collection: BookStore.users index: email_1 dup key: { : "gjhv@gmail.com" } 
      url - /api/v1/users/registrationAdmin 
      method - POST 
      IP - ::ffff:127.0.0.1
     {"timestamp":"2022-02-15T03:21:54.672Z"}
error: 
    status - 500 
    message - RangeError [ERR_HTTP_INVALID_STATUS_CODE]: Invalid status code: 11000
    at ServerResponse.writeHead (_http_server.js:259:11)
    at ServerResponse.writeHead (E:\CFP_BZ\book_store\node_modules\on-headers\index.js:44:26)
    at ServerResponse._implicitHeader (_http_server.js:250:8)
    at write_ (_http_outgoing.js:711:9)
    at ServerResponse.end (_http_outgoing.js:825:5)
    at ServerResponse.send (E:\CFP_BZ\book_store\node_modules\express\lib\response.js:221:10)
    at ServerResponse.json (E:\CFP_BZ\book_store\node_modules\express\lib\response.js:267:15)
    at appErrorHandler (E:\CFP_BZ\book_store\src\middlewares\/error.middleware.js:36:26)
    at Layer.handle_error (E:\CFP_BZ\book_store\node_modules\express\lib\router\layer.js:71:5)
    at trim_prefix (E:\CFP_BZ\book_store\node_modules\express\lib\router\index.js:321:13) 
    url - /api/v1/users/registrationAdmin 
    method - POST 
    IP - ::ffff:127.0.0.1
   {"timestamp":"2022-02-15T03:21:54.703Z"}
info: Server started at http://localhost:2000/api/v1/ {"timestamp":"2022-02-15T04:11:39.280Z"}
info: Connected to the database. {"timestamp":"2022-02-15T04:11:39.346Z"}
info: Server started at http://localhost:2000/api/v1/ {"timestamp":"2022-02-15T05:15:53.293Z"}
info: Connected to the database. {"timestamp":"2022-02-15T05:15:53.357Z"}
info: Server started at http://localhost:2000/api/v1/ {"timestamp":"2022-02-15T05:25:17.084Z"}
info: Connected to the database. {"timestamp":"2022-02-15T05:25:17.145Z"}
error: uncaughtException: Router.use() requires a middleware function but got a Object
TypeError: Router.use() requires a middleware function but got a Object
    at Function.use (E:\CFP_BZ\book_store\node_modules\express\lib\router\index.js:464:13)
    at routes (E:\CFP_BZ\book_store\src\routes\/index.js:16:10)
    at Object.<anonymous> (E:\CFP_BZ\book_store\src\/index.js:32:32)
    at Module._compile (internal/modules/cjs/loader.js:1085:14)
    at Module._compile (E:\CFP_BZ\book_store\node_modules\pirates\lib\index.js:136:24)
    at Module._extensions..js (internal/modules/cjs/loader.js:1114:10)
    at Object.newLoader [as .js] (E:\CFP_BZ\book_store\node_modules\pirates\lib\index.js:141:7)
    at Module.load (internal/modules/cjs/loader.js:950:32) {"date":"Tue Feb 15 2022 10:55:40 GMT+0530 (India Standard Time)","error":{},"exception":true,"os":{"loadavg":[0,0,0],"uptime":37975},"process":{"argv":["node","E:\\CFP_BZ\\book_store\\src\\index.js"],"cwd":"E:\\CFP_BZ\\book_store","execPath":"C:\\Program Files\\nodejs\\node.exe","gid":null,"memoryUsage":{"arrayBuffers":18392401,"external":20615887,"heapTotal":80285696,"heapUsed":48884336,"rss":108490752},"pid":5572,"uid":null,"version":"v14.17.3"},"stack":"TypeError: Router.use() requires a middleware function but got a Object\n    at Function.use (E:\\CFP_BZ\\book_store\\node_modules\\express\\lib\\router\\index.js:464:13)\n    at routes (E:\\CFP_BZ\\book_store\\src\\routes\\/index.js:16:10)\n    at Object.<anonymous> (E:\\CFP_BZ\\book_store\\src\\/index.js:32:32)\n    at Module._compile (internal/modules/cjs/loader.js:1085:14)\n    at Module._compile (E:\\CFP_BZ\\book_store\\node_modules\\pirates\\lib\\index.js:136:24)\n    at Module._extensions..js (internal/modules/cjs/loader.js:1114:10)\n    at Object.newLoader [as .js] (E:\\CFP_BZ\\book_store\\node_modules\\pirates\\lib\\index.js:141:7)\n    at Module.load (internal/modules/cjs/loader.js:950:32)","timestamp":"2022-02-15T05:25:40.948Z","trace":[{"column":13,"file":"E:\\CFP_BZ\\book_store\\node_modules\\express\\lib\\router\\index.js","function":"Function.use","line":464,"method":"use","native":false},{"column":10,"file":"E:\\CFP_BZ\\book_store\\src\\routes\\/index.js","function":"routes","line":16,"method":null,"native":false},{"column":32,"file":"E:\\CFP_BZ\\book_store\\src\\/index.js","function":null,"line":32,"method":null,"native":false},{"column":14,"file":"internal/modules/cjs/loader.js","function":"Module._compile","line":1085,"method":"_compile","native":false},{"column":24,"file":"E:\\CFP_BZ\\book_store\\node_modules\\pirates\\lib\\index.js","function":"Module._compile","line":136,"method":"_compile","native":false},{"column":10,"file":"internal/modules/cjs/loader.js","function":"Module._extensions..js","line":1114,"method":".js","native":false},{"column":7,"file":"E:\\CFP_BZ\\book_store\\node_modules\\pirates\\lib\\index.js","function":"Object.newLoader [as .js]","line":141,"method":"js]","native":false},{"column":32,"file":"internal/modules/cjs/loader.js","function":"Module.load","line":950,"method":"load","native":false}]}
error: uncaughtException: Router.use() requires a middleware function but got a Object
TypeError: Router.use() requires a middleware function but got a Object
    at Function.use (E:\CFP_BZ\book_store\node_modules\express\lib\router\index.js:464:13)
    at routes (E:\CFP_BZ\book_store\src\routes\/index.js:16:10)
    at Object.<anonymous> (E:\CFP_BZ\book_store\src\/index.js:32:32)
    at Module._compile (internal/modules/cjs/loader.js:1085:14)
    at Module._compile (E:\CFP_BZ\book_store\node_modules\pirates\lib\index.js:136:24)
    at Module._extensions..js (internal/modules/cjs/loader.js:1114:10)
    at Object.newLoader [as .js] (E:\CFP_BZ\book_store\node_modules\pirates\lib\index.js:141:7)
    at Module.load (internal/modules/cjs/loader.js:950:32) {"date":"Tue Feb 15 2022 11:20:51 GMT+0530 (India Standard Time)","error":{},"exception":true,"os":{"loadavg":[0,0,0],"uptime":39486},"process":{"argv":["node","E:\\CFP_BZ\\book_store\\src\\index.js"],"cwd":"E:\\CFP_BZ\\book_store","execPath":"C:\\Program Files\\nodejs\\node.exe","gid":null,"memoryUsage":{"arrayBuffers":18392401,"external":20615887,"heapTotal":81072128,"heapUsed":51361032,"rss":108638208},"pid":6936,"uid":null,"version":"v14.17.3"},"stack":"TypeError: Router.use() requires a middleware function but got a Object\n    at Function.use (E:\\CFP_BZ\\book_store\\node_modules\\express\\lib\\router\\index.js:464:13)\n    at routes (E:\\CFP_BZ\\book_store\\src\\routes\\/index.js:16:10)\n    at Object.<anonymous> (E:\\CFP_BZ\\book_store\\src\\/index.js:32:32)\n    at Module._compile (internal/modules/cjs/loader.js:1085:14)\n    at Module._compile (E:\\CFP_BZ\\book_store\\node_modules\\pirates\\lib\\index.js:136:24)\n    at Module._extensions..js (internal/modules/cjs/loader.js:1114:10)\n    at Object.newLoader [as .js] (E:\\CFP_BZ\\book_store\\node_modules\\pirates\\lib\\index.js:141:7)\n    at Module.load (internal/modules/cjs/loader.js:950:32)","timestamp":"2022-02-15T05:50:51.741Z","trace":[{"column":13,"file":"E:\\CFP_BZ\\book_store\\node_modules\\express\\lib\\router\\index.js","function":"Function.use","line":464,"method":"use","native":false},{"column":10,"file":"E:\\CFP_BZ\\book_store\\src\\routes\\/index.js","function":"routes","line":16,"method":null,"native":false},{"column":32,"file":"E:\\CFP_BZ\\book_store\\src\\/index.js","function":null,"line":32,"method":null,"native":false},{"column":14,"file":"internal/modules/cjs/loader.js","function":"Module._compile","line":1085,"method":"_compile","native":false},{"column":24,"file":"E:\\CFP_BZ\\book_store\\node_modules\\pirates\\lib\\index.js","function":"Module._compile","line":136,"method":"_compile","native":false},{"column":10,"file":"internal/modules/cjs/loader.js","function":"Module._extensions..js","line":1114,"method":".js","native":false},{"column":7,"file":"E:\\CFP_BZ\\book_store\\node_modules\\pirates\\lib\\index.js","function":"Object.newLoader [as .js]","line":141,"method":"js]","native":false},{"column":32,"file":"internal/modules/cjs/loader.js","function":"Module.load","line":950,"method":"load","native":false}]}
error: uncaughtException: Route.get() requires a callback function but got a [object Undefined]
Error: Route.get() requires a callback function but got a [object Undefined]
    at Route.<computed> [as get] (E:\CFP_BZ\book_store\node_modules\express\lib\router\route.js:202:15)
    at Function.get (E:\CFP_BZ\book_store\node_modules\express\lib\router\index.js:516:19)
    at Object.<anonymous> (E:\CFP_BZ\book_store\src\routes\/book.route.js:12:8)
    at Module._compile (internal/modules/cjs/loader.js:1085:14)
    at Module._compile (E:\CFP_BZ\book_store\node_modules\pirates\lib\index.js:136:24)
    at Module._extensions..js (internal/modules/cjs/loader.js:1114:10)
    at Object.newLoader [as .js] (E:\CFP_BZ\book_store\node_modules\pirates\lib\index.js:141:7)
    at Module.load (internal/modules/cjs/loader.js:950:32) {"date":"Tue Feb 15 2022 12:42:46 GMT+0530 (India Standard Time)","error":{},"exception":true,"os":{"loadavg":[0,0,0],"uptime":44401},"process":{"argv":["node","E:\\CFP_BZ\\book_store\\src\\index.js"],"cwd":"E:\\CFP_BZ\\book_store","execPath":"C:\\Program Files\\nodejs\\node.exe","gid":null,"memoryUsage":{"arrayBuffers":18291508,"external":20514994,"heapTotal":80838656,"heapUsed":46321032,"rss":108068864},"pid":4764,"uid":null,"version":"v14.17.3"},"stack":"Error: Route.get() requires a callback function but got a [object Undefined]\n    at Route.<computed> [as get] (E:\\CFP_BZ\\book_store\\node_modules\\express\\lib\\router\\route.js:202:15)\n    at Function.get (E:\\CFP_BZ\\book_store\\node_modules\\express\\lib\\router\\index.js:516:19)\n    at Object.<anonymous> (E:\\CFP_BZ\\book_store\\src\\routes\\/book.route.js:12:8)\n    at Module._compile (internal/modules/cjs/loader.js:1085:14)\n    at Module._compile (E:\\CFP_BZ\\book_store\\node_modules\\pirates\\lib\\index.js:136:24)\n    at Module._extensions..js (internal/modules/cjs/loader.js:1114:10)\n    at Object.newLoader [as .js] (E:\\CFP_BZ\\book_store\\node_modules\\pirates\\lib\\index.js:141:7)\n    at Module.load (internal/modules/cjs/loader.js:950:32)","timestamp":"2022-02-15T07:12:47.041Z","trace":[{"column":15,"file":"E:\\CFP_BZ\\book_store\\node_modules\\express\\lib\\router\\route.js","function":"Route.<computed> [as get]","line":202,"method":"<computed> [as get]","native":false},{"column":19,"file":"E:\\CFP_BZ\\book_store\\node_modules\\express\\lib\\router\\index.js","function":"Function.get","line":516,"method":"get","native":false},{"column":8,"file":"E:\\CFP_BZ\\book_store\\src\\routes\\/book.route.js","function":null,"line":12,"method":null,"native":false},{"column":14,"file":"internal/modules/cjs/loader.js","function":"Module._compile","line":1085,"method":"_compile","native":false},{"column":24,"file":"E:\\CFP_BZ\\book_store\\node_modules\\pirates\\lib\\index.js","function":"Module._compile","line":136,"method":"_compile","native":false},{"column":10,"file":"internal/modules/cjs/loader.js","function":"Module._extensions..js","line":1114,"method":".js","native":false},{"column":7,"file":"E:\\CFP_BZ\\book_store\\node_modules\\pirates\\lib\\index.js","function":"Object.newLoader [as .js]","line":141,"method":"js]","native":false},{"column":32,"file":"internal/modules/cjs/loader.js","function":"Module.load","line":950,"method":"load","native":false}]}
info: Server started at http://localhost:2000/api/v1/ {"timestamp":"2022-02-15T07:18:21.193Z"}
info: Connected to the database. {"timestamp":"2022-02-15T07:18:21.290Z"}
info: Login token  eyJhbGciOiJIUzI1NiIsInR5cCI6IkpXVCJ9.eyJpZCI6IjYyMGIxYzVmMmFjZjRmMDc3Y2Y2MmI2MiIsImVtYWlsIjoidmh2amtAZ21haWwuY29tIiwiaWF0IjoxNjQ0OTA5NzYwfQ.Ov6dhFF4c5Zh28wyPnxmFnQHJWhF_BpYj9KccSui2xo {"timestamp":"2022-02-15T07:22:40.996Z"}
info: Server started at http://localhost:2000/api/v1/ {"timestamp":"2022-02-15T10:14:12.552Z"}
info: Connected to the database. {"timestamp":"2022-02-15T10:14:12.646Z"}
info: Login token  eyJhbGciOiJIUzI1NiIsInR5cCI6IkpXVCJ9.eyJpZCI6IjYyMGIxYzVmMmFjZjRmMDc3Y2Y2MmI2MiIsImVtYWlsIjoidmh2amtAZ21haWwuY29tIiwicm9sZSI6ImFkbWluIiwiaWF0IjoxNjQ0OTIwMTAyfQ.z3F3QZUboLy6UVrLez1wHYBxJeOllotc8OYaOwmYmrM {"timestamp":"2022-02-15T10:15:02.004Z"}
info: Server started at http://localhost:2000/api/v1/ {"timestamp":"2022-02-15T10:16:21.044Z"}
info: Connected to the database. {"timestamp":"2022-02-15T10:16:21.099Z"}
info: Server started at http://localhost:2000/api/v1/ {"timestamp":"2022-02-15T10:31:16.909Z"}
info: Connected to the database. {"timestamp":"2022-02-15T10:31:16.979Z"}
info: Server started at http://localhost:2000/api/v1/ {"timestamp":"2022-02-15T10:48:40.146Z"}
info: Connected to the database. {"timestamp":"2022-02-15T10:48:40.198Z"}
info: Server started at http://localhost:2000/api/v1/ {"timestamp":"2022-02-15T10:49:56.654Z"}
info: Connected to the database. {"timestamp":"2022-02-15T10:49:56.715Z"}
error: 
      status - 400
      message - Authorization token is required 
      url - /api/v1/books/ 
      method - POST 
      IP - ::ffff:127.0.0.1
     {"timestamp":"2022-02-15T10:50:57.475Z"}
info: Server started at http://localhost:2000/api/v1/ {"timestamp":"2022-02-15T10:52:36.988Z"}
info: Connected to the database. {"timestamp":"2022-02-15T10:52:37.028Z"}
info: Server started at http://localhost:2000/api/v1/ {"timestamp":"2022-02-15T14:36:49.642Z"}
info: Connected to the database. {"timestamp":"2022-02-15T14:36:49.711Z"}
info: Server started at http://localhost:2000/api/v1/ {"timestamp":"2022-02-15T14:53:24.746Z"}
info: Connected to the database. {"timestamp":"2022-02-15T14:53:24.801Z"}
info: Login token  eyJhbGciOiJIUzI1NiIsInR5cCI6IkpXVCJ9.eyJpZCI6IjYyMGJiZWFkM2Y1NTVmMWNjMDZiZjQ4ZCIsImVtYWlsIjoiYW50YXJhQGdtYWlsLmNvbSIsInJvbGUiOiJ1c2VyIiwiaWF0IjoxNjQ0OTM3MDE5fQ.xbj352gjEs2W9c6OtvXRHsV7FZ3yhbDWUs1SumKrg7g {"timestamp":"2022-02-15T14:56:59.426Z"}
info: Server started at http://localhost:2000/api/v1/ {"timestamp":"2022-02-15T15:03:36.011Z"}
info: Connected to the database. {"timestamp":"2022-02-15T15:03:36.063Z"}
info: Server started at http://localhost:2000/api/v1/ {"timestamp":"2022-02-15T15:05:18.680Z"}
info: Connected to the database. {"timestamp":"2022-02-15T15:05:18.733Z"}
info: Server started at http://localhost:2000/api/v1/ {"timestamp":"2022-02-15T15:06:17.517Z"}
info: Connected to the database. {"timestamp":"2022-02-15T15:06:17.571Z"}
info: Login token  eyJhbGciOiJIUzI1NiIsInR5cCI6IkpXVCJ9.eyJpZCI6IjYyMGJjMjgzMDFmZmFiMWNkY2NkMzNiMSIsImVtYWlsIjoiYW50YXJhQGdtYWlsLmNvbSIsInJvbGUiOiJhZG1pbiIsImlhdCI6MTY0NDkzNzg3NH0.8q9JdyapvfgvGPHrPB8qb1e1e8z1Zv-7bDMUQslghxE {"timestamp":"2022-02-15T15:11:14.798Z"}
error: 
    status - 500 
    message - TypeError: Cannot read property 'admin' of undefined
    at _callee3$ (E:\CFP_BZ\book_store\src\middlewares\/auth.middleware.js:46:13)
    at tryCatch (E:\CFP_BZ\book_store\node_modules\regenerator-runtime\runtime.js:63:40)
    at Generator.invoke [as _invoke] (E:\CFP_BZ\book_store\node_modules\regenerator-runtime\runtime.js:294:22)
    at Generator.next (E:\CFP_BZ\book_store\node_modules\regenerator-runtime\runtime.js:119:21)
    at asyncGeneratorStep (E:\CFP_BZ\book_store\node_modules\@babel\runtime\helpers\asyncToGenerator.js:3:24)
    at _next (E:\CFP_BZ\book_store\node_modules\@babel\runtime\helpers\asyncToGenerator.js:25:9)
    at processTicksAndRejections (internal/process/task_queues.js:95:5) 
    url - /api/v1//books/ 
    method - POST 
    IP - ::1
   {"timestamp":"2022-02-15T15:12:01.177Z"}
error: 
    status - 500 
    message - SyntaxError: Unexpected token } in JSON at position 148
    at JSON.parse (<anonymous>)
    at parse (E:\CFP_BZ\book_store\node_modules\body-parser\lib\types\json.js:89:19)
    at E:\CFP_BZ\book_store\node_modules\body-parser\lib\read.js:121:18
    at invokeCallback (E:\CFP_BZ\book_store\node_modules\raw-body\index.js:224:16)
    at done (E:\CFP_BZ\book_store\node_modules\raw-body\index.js:213:7)
    at IncomingMessage.onEnd (E:\CFP_BZ\book_store\node_modules\raw-body\index.js:273:7)
    at IncomingMessage.emit (events.js:387:35)
    at IncomingMessage.emit (domain.js:470:12)
    at endReadableNT (internal/streams/readable.js:1317:12)
    at processTicksAndRejections (internal/process/task_queues.js:82:21) 
    url - /api/v1//books/ 
    method - POST 
    IP - ::1
   {"timestamp":"2022-02-15T15:12:27.426Z"}
error: 
    status - 500 
    message - TypeError: Cannot read property 'admin' of undefined
    at _callee3$ (E:\CFP_BZ\book_store\src\middlewares\/auth.middleware.js:46:13)
    at tryCatch (E:\CFP_BZ\book_store\node_modules\regenerator-runtime\runtime.js:63:40)
    at Generator.invoke [as _invoke] (E:\CFP_BZ\book_store\node_modules\regenerator-runtime\runtime.js:294:22)
    at Generator.next (E:\CFP_BZ\book_store\node_modules\regenerator-runtime\runtime.js:119:21)
    at asyncGeneratorStep (E:\CFP_BZ\book_store\node_modules\@babel\runtime\helpers\asyncToGenerator.js:3:24)
    at _next (E:\CFP_BZ\book_store\node_modules\@babel\runtime\helpers\asyncToGenerator.js:25:9)
    at processTicksAndRejections (internal/process/task_queues.js:95:5) 
    url - /api/v1//books/ 
    method - POST 
    IP - ::1
   {"timestamp":"2022-02-15T15:12:36.591Z"}
error: 
    status - 500 
    message - TypeError: Cannot read property 'admin' of undefined
    at _callee3$ (E:\CFP_BZ\book_store\src\middlewares\/auth.middleware.js:46:13)
    at tryCatch (E:\CFP_BZ\book_store\node_modules\regenerator-runtime\runtime.js:63:40)
    at Generator.invoke [as _invoke] (E:\CFP_BZ\book_store\node_modules\regenerator-runtime\runtime.js:294:22)
    at Generator.next (E:\CFP_BZ\book_store\node_modules\regenerator-runtime\runtime.js:119:21)
    at asyncGeneratorStep (E:\CFP_BZ\book_store\node_modules\@babel\runtime\helpers\asyncToGenerator.js:3:24)
    at _next (E:\CFP_BZ\book_store\node_modules\@babel\runtime\helpers\asyncToGenerator.js:25:9)
    at processTicksAndRejections (internal/process/task_queues.js:95:5) 
    url - /api/v1//books/ 
    method - POST 
    IP - ::1
   {"timestamp":"2022-02-15T15:14:32.421Z"}
info: Server started at http://localhost:2000/api/v1/ {"timestamp":"2022-02-15T15:21:50.292Z"}
info: Connected to the database. {"timestamp":"2022-02-15T15:21:50.359Z"}
info: Server started at http://localhost:2000/api/v1/ {"timestamp":"2022-02-15T15:31:22.426Z"}
info: Connected to the database. {"timestamp":"2022-02-15T15:31:22.504Z"}
info: Server started at http://localhost:2000/api/v1/ {"timestamp":"2022-02-15T15:31:48.329Z"}
info: Connected to the database. {"timestamp":"2022-02-15T15:31:48.394Z"}
error: 
    status - 500 
    message - TypeError: Cannot read property 'admin' of undefined
    at _callee3$ (E:\CFP_BZ\book_store\src\middlewares\/auth.middleware.js:46:13)
    at tryCatch (E:\CFP_BZ\book_store\node_modules\regenerator-runtime\runtime.js:63:40)
    at Generator.invoke [as _invoke] (E:\CFP_BZ\book_store\node_modules\regenerator-runtime\runtime.js:294:22)
    at Generator.next (E:\CFP_BZ\book_store\node_modules\regenerator-runtime\runtime.js:119:21)
    at asyncGeneratorStep (E:\CFP_BZ\book_store\node_modules\@babel\runtime\helpers\asyncToGenerator.js:3:24)
    at _next (E:\CFP_BZ\book_store\node_modules\@babel\runtime\helpers\asyncToGenerator.js:25:9)
    at processTicksAndRejections (internal/process/task_queues.js:95:5) 
    url - /api/v1//books/ 
    method - POST 
    IP - ::1
   {"timestamp":"2022-02-15T15:31:54.963Z"}
error: 
    status - 500 
    message - TypeError: Cannot read property 'admin' of undefined
    at _callee3$ (E:\CFP_BZ\book_store\src\middlewares\/auth.middleware.js:46:13)
    at tryCatch (E:\CFP_BZ\book_store\node_modules\regenerator-runtime\runtime.js:63:40)
    at Generator.invoke [as _invoke] (E:\CFP_BZ\book_store\node_modules\regenerator-runtime\runtime.js:294:22)
    at Generator.next (E:\CFP_BZ\book_store\node_modules\regenerator-runtime\runtime.js:119:21)
    at asyncGeneratorStep (E:\CFP_BZ\book_store\node_modules\@babel\runtime\helpers\asyncToGenerator.js:3:24)
    at _next (E:\CFP_BZ\book_store\node_modules\@babel\runtime\helpers\asyncToGenerator.js:25:9)
    at processTicksAndRejections (internal/process/task_queues.js:95:5) 
    url - /api/v1//books/ 
    method - POST 
    IP - ::1
   {"timestamp":"2022-02-15T15:33:03.529Z"}
info: Server started at http://localhost:2000/api/v1/ {"timestamp":"2022-02-15T15:34:53.443Z"}
info: Connected to the database. {"timestamp":"2022-02-15T15:34:53.504Z"}
error: 
    status - 500 
    message - TypeError: Cannot read property 'admin' of undefined
    at _callee3$ (E:\CFP_BZ\book_store\src\middlewares\/auth.middleware.js:46:13)
    at tryCatch (E:\CFP_BZ\book_store\node_modules\regenerator-runtime\runtime.js:63:40)
    at Generator.invoke [as _invoke] (E:\CFP_BZ\book_store\node_modules\regenerator-runtime\runtime.js:294:22)
    at Generator.next (E:\CFP_BZ\book_store\node_modules\regenerator-runtime\runtime.js:119:21)
    at asyncGeneratorStep (E:\CFP_BZ\book_store\node_modules\@babel\runtime\helpers\asyncToGenerator.js:3:24)
    at _next (E:\CFP_BZ\book_store\node_modules\@babel\runtime\helpers\asyncToGenerator.js:25:9)
    at processTicksAndRejections (internal/process/task_queues.js:95:5) 
    url - /api/v1//books/ 
    method - POST 
    IP - ::1
   {"timestamp":"2022-02-15T15:35:01.349Z"}
info: Server started at http://localhost:2000/api/v1/ {"timestamp":"2022-02-15T15:39:54.271Z"}
info: Connected to the database. {"timestamp":"2022-02-15T15:39:54.334Z"}
error: 
    status - 500 
    message - TypeError: Cannot read property 'admin' of undefined
    at _callee3$ (E:\CFP_BZ\book_store\src\middlewares\/auth.middleware.js:46:13)
    at tryCatch (E:\CFP_BZ\book_store\node_modules\regenerator-runtime\runtime.js:63:40)
    at Generator.invoke [as _invoke] (E:\CFP_BZ\book_store\node_modules\regenerator-runtime\runtime.js:294:22)
    at Generator.next (E:\CFP_BZ\book_store\node_modules\regenerator-runtime\runtime.js:119:21)
    at asyncGeneratorStep (E:\CFP_BZ\book_store\node_modules\@babel\runtime\helpers\asyncToGenerator.js:3:24)
    at _next (E:\CFP_BZ\book_store\node_modules\@babel\runtime\helpers\asyncToGenerator.js:25:9)
    at processTicksAndRejections (internal/process/task_queues.js:95:5) 
    url - /api/v1//books/ 
    method - POST 
    IP - ::1
   {"timestamp":"2022-02-15T15:40:06.095Z"}
info: Server started at http://localhost:2000/api/v1/ {"timestamp":"2022-02-15T15:49:31.929Z"}
info: Connected to the database. {"timestamp":"2022-02-15T15:49:32.045Z"}
error: 
    status - 500 
    message - TypeError: Cannot read property 'admin' of undefined
    at _callee3$ (E:\CFP_BZ\book_store\src\middlewares\/auth.middleware.js:46:13)
    at tryCatch (E:\CFP_BZ\book_store\node_modules\regenerator-runtime\runtime.js:63:40)
    at Generator.invoke [as _invoke] (E:\CFP_BZ\book_store\node_modules\regenerator-runtime\runtime.js:294:22)
    at Generator.next (E:\CFP_BZ\book_store\node_modules\regenerator-runtime\runtime.js:119:21)
    at asyncGeneratorStep (E:\CFP_BZ\book_store\node_modules\@babel\runtime\helpers\asyncToGenerator.js:3:24)
    at _next (E:\CFP_BZ\book_store\node_modules\@babel\runtime\helpers\asyncToGenerator.js:25:9)
    at processTicksAndRejections (internal/process/task_queues.js:95:5) 
    url - /api/v1/books 
    method - POST 
    IP - ::1
   {"timestamp":"2022-02-15T15:50:36.493Z"}
error: 
    status - 500 
    message - TypeError: Cannot read property 'admin' of undefined
    at _callee3$ (E:\CFP_BZ\book_store\src\middlewares\/auth.middleware.js:46:13)
    at tryCatch (E:\CFP_BZ\book_store\node_modules\regenerator-runtime\runtime.js:63:40)
    at Generator.invoke [as _invoke] (E:\CFP_BZ\book_store\node_modules\regenerator-runtime\runtime.js:294:22)
    at Generator.next (E:\CFP_BZ\book_store\node_modules\regenerator-runtime\runtime.js:119:21)
    at asyncGeneratorStep (E:\CFP_BZ\book_store\node_modules\@babel\runtime\helpers\asyncToGenerator.js:3:24)
    at _next (E:\CFP_BZ\book_store\node_modules\@babel\runtime\helpers\asyncToGenerator.js:25:9)
    at processTicksAndRejections (internal/process/task_queues.js:95:5) 
    url - /api/v1/books 
    method - POST 
    IP - ::1
   {"timestamp":"2022-02-15T15:51:22.911Z"}
error: 
    status - 500 
    message - TypeError: Cannot read property 'admin' of undefined
    at _callee3$ (E:\CFP_BZ\book_store\src\middlewares\/auth.middleware.js:46:13)
    at tryCatch (E:\CFP_BZ\book_store\node_modules\regenerator-runtime\runtime.js:63:40)
    at Generator.invoke [as _invoke] (E:\CFP_BZ\book_store\node_modules\regenerator-runtime\runtime.js:294:22)
    at Generator.next (E:\CFP_BZ\book_store\node_modules\regenerator-runtime\runtime.js:119:21)
    at asyncGeneratorStep (E:\CFP_BZ\book_store\node_modules\@babel\runtime\helpers\asyncToGenerator.js:3:24)
    at _next (E:\CFP_BZ\book_store\node_modules\@babel\runtime\helpers\asyncToGenerator.js:25:9)
    at processTicksAndRejections (internal/process/task_queues.js:95:5) 
    url - /api/v1//books 
    method - POST 
    IP - ::1
   {"timestamp":"2022-02-15T15:51:33.288Z"}
error: 
    status - 500 
    message - TypeError: Cannot read property 'admin' of undefined
    at _callee3$ (E:\CFP_BZ\book_store\src\middlewares\/auth.middleware.js:46:13)
    at tryCatch (E:\CFP_BZ\book_store\node_modules\regenerator-runtime\runtime.js:63:40)
    at Generator.invoke [as _invoke] (E:\CFP_BZ\book_store\node_modules\regenerator-runtime\runtime.js:294:22)
    at Generator.next (E:\CFP_BZ\book_store\node_modules\regenerator-runtime\runtime.js:119:21)
    at asyncGeneratorStep (E:\CFP_BZ\book_store\node_modules\@babel\runtime\helpers\asyncToGenerator.js:3:24)
    at _next (E:\CFP_BZ\book_store\node_modules\@babel\runtime\helpers\asyncToGenerator.js:25:9)
    at processTicksAndRejections (internal/process/task_queues.js:95:5) 
    url - /api/v1/books 
    method - POST 
    IP - ::1
   {"timestamp":"2022-02-15T15:57:16.947Z"}
error: 
      status - 400
      message - Authorization token is required 
      url - /api/v1/books/?token=eyJhbGciOiJIUzI1NiIsInR5cCI6IkpXVCJ9.eyJpZCI6IjYyMGJjMjgzMDFmZmFiMWNkY2NkMzNiMSIsImVtYWlsIjoiYW50YXJhQGdtYWlsLmNvbSIsInJvbGUiOiJhZG1pbiIsImlhdCI6MTY0NDkzNzg3NH0.8q9JdyapvfgvGPHrPB8qb1e1e8z1Zv-7bDMUQslghxE 
      method - GET 
      IP - ::1
     {"timestamp":"2022-02-15T15:57:45.209Z"}
error: 
      status - 400
      message - Authorization token is required 
      url - /api/v1/books/ 
      method - GET 
      IP - ::1
     {"timestamp":"2022-02-15T15:58:01.554Z"}
error: 
    status - 500 
    message - TypeError: Cannot read property 'admin' of undefined
    at _callee3$ (E:\CFP_BZ\book_store\src\middlewares\/auth.middleware.js:46:13)
    at tryCatch (E:\CFP_BZ\book_store\node_modules\regenerator-runtime\runtime.js:63:40)
    at Generator.invoke [as _invoke] (E:\CFP_BZ\book_store\node_modules\regenerator-runtime\runtime.js:294:22)
    at Generator.next (E:\CFP_BZ\book_store\node_modules\regenerator-runtime\runtime.js:119:21)
    at asyncGeneratorStep (E:\CFP_BZ\book_store\node_modules\@babel\runtime\helpers\asyncToGenerator.js:3:24)
    at _next (E:\CFP_BZ\book_store\node_modules\@babel\runtime\helpers\asyncToGenerator.js:25:9)
    at processTicksAndRejections (internal/process/task_queues.js:95:5) 
    url - /api/v1/books/ 
    method - GET 
    IP - ::1
   {"timestamp":"2022-02-15T15:58:24.691Z"}
error: 
    status - 500 
    message - SyntaxError: Unexpected token } in JSON at position 124
    at JSON.parse (<anonymous>)
    at parse (E:\CFP_BZ\book_store\node_modules\body-parser\lib\types\json.js:89:19)
    at E:\CFP_BZ\book_store\node_modules\body-parser\lib\read.js:121:18
    at invokeCallback (E:\CFP_BZ\book_store\node_modules\raw-body\index.js:224:16)
    at done (E:\CFP_BZ\book_store\node_modules\raw-body\index.js:213:7)
    at IncomingMessage.onEnd (E:\CFP_BZ\book_store\node_modules\raw-body\index.js:273:7)
    at IncomingMessage.emit (events.js:387:35)
    at IncomingMessage.emit (domain.js:470:12)
    at endReadableNT (internal/streams/readable.js:1317:12)
    at processTicksAndRejections (internal/process/task_queues.js:82:21) 
    url - /api/v1/users/registrationUser 
    method - GET 
    IP - ::1
   {"timestamp":"2022-02-15T16:02:20.049Z"}
error: 
    status - 500 
    message - TypeError: Cannot read property 'admin' of undefined
    at _callee3$ (E:\CFP_BZ\book_store\src\middlewares\/auth.middleware.js:46:13)
    at tryCatch (E:\CFP_BZ\book_store\node_modules\regenerator-runtime\runtime.js:63:40)
    at Generator.invoke [as _invoke] (E:\CFP_BZ\book_store\node_modules\regenerator-runtime\runtime.js:294:22)
    at Generator.next (E:\CFP_BZ\book_store\node_modules\regenerator-runtime\runtime.js:119:21)
    at asyncGeneratorStep (E:\CFP_BZ\book_store\node_modules\@babel\runtime\helpers\asyncToGenerator.js:3:24)
    at _next (E:\CFP_BZ\book_store\node_modules\@babel\runtime\helpers\asyncToGenerator.js:25:9)
    at processTicksAndRejections (internal/process/task_queues.js:95:5) 
    url - /api/v1/books 
    method - POST 
    IP - ::1
   {"timestamp":"2022-02-15T16:05:08.507Z"}
info: Server started at http://localhost:2000/api/v1/ {"timestamp":"2022-02-15T16:06:36.472Z"}
info: Connected to the database. {"timestamp":"2022-02-15T16:06:36.539Z"}
error: 
    status - 500 
    message - TypeError: Cannot read property 'admin' of undefined
    at _callee3$ (E:\CFP_BZ\book_store\src\middlewares\/auth.middleware.js:46:13)
    at tryCatch (E:\CFP_BZ\book_store\node_modules\regenerator-runtime\runtime.js:63:40)
    at Generator.invoke [as _invoke] (E:\CFP_BZ\book_store\node_modules\regenerator-runtime\runtime.js:294:22)
    at Generator.next (E:\CFP_BZ\book_store\node_modules\regenerator-runtime\runtime.js:119:21)
    at asyncGeneratorStep (E:\CFP_BZ\book_store\node_modules\@babel\runtime\helpers\asyncToGenerator.js:3:24)
    at _next (E:\CFP_BZ\book_store\node_modules\@babel\runtime\helpers\asyncToGenerator.js:25:9)
    at processTicksAndRejections (internal/process/task_queues.js:95:5) 
    url - /api/v1/books 
    method - POST 
    IP - ::1
   {"timestamp":"2022-02-15T16:07:51.502Z"}
error: 
    status - 500 
    message - TypeError: Cannot read property 'admin' of undefined
    at _callee3$ (E:\CFP_BZ\book_store\src\middlewares\/auth.middleware.js:46:13)
    at tryCatch (E:\CFP_BZ\book_store\node_modules\regenerator-runtime\runtime.js:63:40)
    at Generator.invoke [as _invoke] (E:\CFP_BZ\book_store\node_modules\regenerator-runtime\runtime.js:294:22)
    at Generator.next (E:\CFP_BZ\book_store\node_modules\regenerator-runtime\runtime.js:119:21)
    at asyncGeneratorStep (E:\CFP_BZ\book_store\node_modules\@babel\runtime\helpers\asyncToGenerator.js:3:24)
    at _next (E:\CFP_BZ\book_store\node_modules\@babel\runtime\helpers\asyncToGenerator.js:25:9)
    at processTicksAndRejections (internal/process/task_queues.js:95:5) 
    url - /api/v1/books 
    method - POST 
    IP - ::1
   {"timestamp":"2022-02-15T16:08:13.630Z"}
info: Login token  eyJhbGciOiJIUzI1NiIsInR5cCI6IkpXVCJ9.eyJpZCI6IjYyMGJjMjgzMDFmZmFiMWNkY2NkMzNiMSIsImVtYWlsIjoiYW50YXJhQGdtYWlsLmNvbSIsInJvbGUiOiJhZG1pbiIsImlhdCI6MTY0NDk0MTM3Mn0.jcyhIpIq3PHB5nAH2L22TszyhkFJlm_TMbEcnugysKA {"timestamp":"2022-02-15T16:09:32.032Z"}
error: 
    status - 500 
    message - TypeError: Cannot read property 'admin' of undefined
    at _callee3$ (E:\CFP_BZ\book_store\src\middlewares\/auth.middleware.js:46:13)
    at tryCatch (E:\CFP_BZ\book_store\node_modules\regenerator-runtime\runtime.js:63:40)
    at Generator.invoke [as _invoke] (E:\CFP_BZ\book_store\node_modules\regenerator-runtime\runtime.js:294:22)
    at Generator.next (E:\CFP_BZ\book_store\node_modules\regenerator-runtime\runtime.js:119:21)
    at asyncGeneratorStep (E:\CFP_BZ\book_store\node_modules\@babel\runtime\helpers\asyncToGenerator.js:3:24)
    at _next (E:\CFP_BZ\book_store\node_modules\@babel\runtime\helpers\asyncToGenerator.js:25:9)
    at processTicksAndRejections (internal/process/task_queues.js:95:5) 
    url - /api/v1/books 
    method - POST 
    IP - ::1
   {"timestamp":"2022-02-15T16:10:11.837Z"}
info: Server started at http://localhost:2000/api/v1/ {"timestamp":"2022-02-15T16:11:52.745Z"}
info: Connected to the database. {"timestamp":"2022-02-15T16:11:52.787Z"}
info: Server started at http://localhost:2000/api/v1/ {"timestamp":"2022-02-15T16:12:56.041Z"}
info: Connected to the database. {"timestamp":"2022-02-15T16:12:56.100Z"}
info: Server started at http://localhost:2000/api/v1/ {"timestamp":"2022-02-15T16:17:16.921Z"}
info: Connected to the database. {"timestamp":"2022-02-15T16:17:17.010Z"}
info: Server started at http://localhost:2000/api/v1/ {"timestamp":"2022-02-15T16:20:33.815Z"}
info: Connected to the database. {"timestamp":"2022-02-15T16:20:33.932Z"}
info: Server started at http://localhost:2000/api/v1/ {"timestamp":"2022-02-15T16:23:10.597Z"}
info: Connected to the database. {"timestamp":"2022-02-15T16:23:10.669Z"}
error: 
    status - 500 
    message - TypeError: addBook.save is not a function
    at _callee3$ (E:\CFP_BZ\book_store\src\services\/user.service.js:64:30)
    at tryCatch (E:\CFP_BZ\book_store\node_modules\regenerator-runtime\runtime.js:63:40)
    at Generator.invoke [as _invoke] (E:\CFP_BZ\book_store\node_modules\regenerator-runtime\runtime.js:294:22)
    at Generator.next (E:\CFP_BZ\book_store\node_modules\regenerator-runtime\runtime.js:119:21)
    at asyncGeneratorStep (E:\CFP_BZ\book_store\node_modules\@babel\runtime\helpers\asyncToGenerator.js:3:24)
    at _next (E:\CFP_BZ\book_store\node_modules\@babel\runtime\helpers\asyncToGenerator.js:25:9)
    at E:\CFP_BZ\book_store\node_modules\@babel\runtime\helpers\asyncToGenerator.js:32:7
    at new Promise (<anonymous>)
    at Object.<anonymous> (E:\CFP_BZ\book_store\node_modules\@babel\runtime\helpers\asyncToGenerator.js:21:12)
    at Object.addBook (E:\CFP_BZ\book_store\src\services\/user.service.js:54:21) 
    url - /api/v1/books 
    method - POST 
    IP - ::1
   {"timestamp":"2022-02-15T16:23:58.771Z"}
info: Server started at http://localhost:2000/api/v1/ {"timestamp":"2022-02-15T16:24:49.851Z"}
info: Connected to the database. {"timestamp":"2022-02-15T16:24:49.906Z"}
info: Server started at http://localhost:2000/api/v1/ {"timestamp":"2022-02-15T16:32:11.208Z"}
info: Connected to the database. {"timestamp":"2022-02-15T16:32:11.266Z"}
info: Server started at http://localhost:2000/api/v1/ {"timestamp":"2022-02-15T16:34:30.084Z"}
info: Connected to the database. {"timestamp":"2022-02-15T16:34:30.154Z"}
info: Server started at http://localhost:2000/api/v1/ {"timestamp":"2022-02-15T16:35:03.962Z"}
info: Connected to the database. {"timestamp":"2022-02-15T16:35:04.036Z"}
info: Server started at http://localhost:2000/api/v1/ {"timestamp":"2022-02-15T16:46:00.001Z"}
info: Connected to the database. {"timestamp":"2022-02-15T16:46:00.067Z"}
info: Server started at http://localhost:2000/api/v1/ {"timestamp":"2022-02-15T16:46:16.970Z"}
info: Connected to the database. {"timestamp":"2022-02-15T16:46:17.203Z"}
error: 
    status - 500 
    message - TypeError: _book.default.save is not a function
    at _callee3$ (E:\CFP_BZ\book_store\src\services\/user.service.js:64:27)
    at tryCatch (E:\CFP_BZ\book_store\node_modules\regenerator-runtime\runtime.js:63:40)
    at Generator.invoke [as _invoke] (E:\CFP_BZ\book_store\node_modules\regenerator-runtime\runtime.js:294:22)
    at Generator.next (E:\CFP_BZ\book_store\node_modules\regenerator-runtime\runtime.js:119:21)
    at asyncGeneratorStep (E:\CFP_BZ\book_store\node_modules\@babel\runtime\helpers\asyncToGenerator.js:3:24)
    at _next (E:\CFP_BZ\book_store\node_modules\@babel\runtime\helpers\asyncToGenerator.js:25:9)
    at E:\CFP_BZ\book_store\node_modules\@babel\runtime\helpers\asyncToGenerator.js:32:7
    at new Promise (<anonymous>)
    at Object.<anonymous> (E:\CFP_BZ\book_store\node_modules\@babel\runtime\helpers\asyncToGenerator.js:21:12)
    at Object.addBook (E:\CFP_BZ\book_store\src\services\/user.service.js:54:21) 
    url - /api/v1/books 
    method - POST 
    IP - ::1
   {"timestamp":"2022-02-15T16:46:24.532Z"}
info: Server started at http://localhost:2000/api/v1/ {"timestamp":"2022-02-15T16:47:46.189Z"}
info: Connected to the database. {"timestamp":"2022-02-15T16:47:46.259Z"}
info: Server started at http://localhost:2000/api/v1/ {"timestamp":"2022-02-15T16:48:25.710Z"}
info: Connected to the database. {"timestamp":"2022-02-15T16:48:25.770Z"}
info: Login token  eyJhbGciOiJIUzI1NiIsInR5cCI6IkpXVCJ9.eyJpZCI6IjYyMGJkOWIwZjEwYzJlMTExYzgwZmY0ZSIsImVtYWlsIjoiYW50YXJhQGdtYWlsLmNvbSIsInJvbGUiOiJhZG1pbiIsImlhdCI6MTY0NDk0MzgxNH0.Cu-6KsXrFlG6_S-bbHUWv63boBW65dBk1kCGvnpq1o4 {"timestamp":"2022-02-15T16:50:14.969Z"}
info: Server started at http://localhost:2000/api/v1/ {"timestamp":"2022-02-15T17:10:08.831Z"}
info: Connected to the database. {"timestamp":"2022-02-15T17:10:08.898Z"}
info: Server started at http://localhost:2000/api/v1/ {"timestamp":"2022-02-15T17:12:58.086Z"}
info: Connected to the database. {"timestamp":"2022-02-15T17:12:58.160Z"}
info: Server started at http://localhost:2000/api/v1/ {"timestamp":"2022-02-15T17:13:24.736Z"}
info: Connected to the database. {"timestamp":"2022-02-15T17:13:24.789Z"}
info: Server started at http://localhost:2000/api/v1/ {"timestamp":"2022-02-15T17:13:32.895Z"}
info: Connected to the database. {"timestamp":"2022-02-15T17:13:32.953Z"}
info: Server started at http://localhost:2000/api/v1/ {"timestamp":"2022-02-15T17:34:45.926Z"}
info: Connected to the database. {"timestamp":"2022-02-15T17:34:45.987Z"}
info: Server started at http://localhost:2000/api/v1/ {"timestamp":"2022-02-16T05:16:41.668Z"}
info: Connected to the database. {"timestamp":"2022-02-16T05:16:41.764Z"}
info: Server started at http://localhost:2000/api/v1/ {"timestamp":"2022-02-16T05:22:33.946Z"}
info: Connected to the database. {"timestamp":"2022-02-16T05:22:34.049Z"}
info: Server started at http://localhost:2000/api/v1/ {"timestamp":"2022-02-16T05:22:54.290Z"}
info: Connected to the database. {"timestamp":"2022-02-16T05:22:54.343Z"}
info: Server started at http://localhost:2000/api/v1/ {"timestamp":"2022-02-16T05:30:21.365Z"}
info: Connected to the database. {"timestamp":"2022-02-16T05:30:21.455Z"}
info: Server started at http://localhost:2000/api/v1/ {"timestamp":"2022-02-16T05:34:40.770Z"}
info: Connected to the database. {"timestamp":"2022-02-16T05:34:40.836Z"}
info: Server started at http://localhost:2000/api/v1/ {"timestamp":"2022-02-16T05:55:07.843Z"}
info: Connected to the database. {"timestamp":"2022-02-16T05:55:07.919Z"}
info: Server started at http://localhost:2000/api/v1/ {"timestamp":"2022-02-16T05:56:24.858Z"}
info: Connected to the database. {"timestamp":"2022-02-16T05:56:24.918Z"}
info: Server started at http://localhost:2000/api/v1/ {"timestamp":"2022-02-16T05:57:51.532Z"}
info: Connected to the database. {"timestamp":"2022-02-16T05:57:51.582Z"}
info: Server started at http://localhost:2000/api/v1/ {"timestamp":"2022-02-16T06:24:20.190Z"}
info: Connected to the database. {"timestamp":"2022-02-16T06:24:20.263Z"}
info: Server started at http://localhost:2000/api/v1/ {"timestamp":"2022-02-16T06:26:26.173Z"}
info: Connected to the database. {"timestamp":"2022-02-16T06:26:26.254Z"}
info: Server started at http://localhost:2000/api/v1/ {"timestamp":"2022-02-16T06:26:52.353Z"}
info: Connected to the database. {"timestamp":"2022-02-16T06:26:52.447Z"}
info: Server started at http://localhost:2000/api/v1/ {"timestamp":"2022-02-16T06:28:21.284Z"}
info: Connected to the database. {"timestamp":"2022-02-16T06:28:21.361Z"}
error: 
    status - 500 
    message - undefined 
    url - /api/v1/books 
    method - POST 
    IP - ::1
   {"timestamp":"2022-02-16T06:28:28.653Z"}
info: Server started at http://localhost:2000/api/v1/ {"timestamp":"2022-02-16T06:28:54.127Z"}
info: Connected to the database. {"timestamp":"2022-02-16T06:28:54.212Z"}
info: Server started at http://localhost:2000/api/v1/ {"timestamp":"2022-02-16T06:31:40.163Z"}
info: Connected to the database. {"timestamp":"2022-02-16T06:31:40.258Z"}
info: Server started at http://localhost:2000/api/v1/ {"timestamp":"2022-02-16T06:36:55.876Z"}
info: Connected to the database. {"timestamp":"2022-02-16T06:36:55.983Z"}
error: uncaughtException: upload is not defined
ReferenceError: upload is not defined
    at Object.<anonymous> (E:\CFP_BZ\book_store\src\routes\/book.route.js:10:26)
    at Module._compile (internal/modules/cjs/loader.js:1085:14)
    at Module._compile (E:\CFP_BZ\book_store\node_modules\pirates\lib\index.js:136:24)
    at Module._extensions..js (internal/modules/cjs/loader.js:1114:10)
    at Object.newLoader [as .js] (E:\CFP_BZ\book_store\node_modules\pirates\lib\index.js:141:7)
    at Module.load (internal/modules/cjs/loader.js:950:32)
    at Function.Module._load (internal/modules/cjs/loader.js:790:14)
    at Module.require (internal/modules/cjs/loader.js:974:19)
    at require (internal/modules/cjs/helpers.js:92:18)
    at Object.<anonymous> (E:\CFP_BZ\book_store\src\routes\/index.js:5:1) {"date":"Wed Feb 16 2022 12:36:35 GMT+0530 (India Standard Time)","error":{},"exception":true,"os":{"loadavg":[0,0,0],"uptime":48541},"process":{"argv":["node","E:\\CFP_BZ\\book_store\\src\\index.js"],"cwd":"E:\\CFP_BZ\\book_store","execPath":"C:\\Program Files\\nodejs\\node.exe","gid":null,"memoryUsage":{"arrayBuffers":18978380,"external":21201866,"heapTotal":81080320,"heapUsed":52575376,"rss":110632960},"pid":7720,"uid":null,"version":"v14.17.3"},"stack":"ReferenceError: upload is not defined\n    at Object.<anonymous> (E:\\CFP_BZ\\book_store\\src\\routes\\/book.route.js:10:26)\n    at Module._compile (internal/modules/cjs/loader.js:1085:14)\n    at Module._compile (E:\\CFP_BZ\\book_store\\node_modules\\pirates\\lib\\index.js:136:24)\n    at Module._extensions..js (internal/modules/cjs/loader.js:1114:10)\n    at Object.newLoader [as .js] (E:\\CFP_BZ\\book_store\\node_modules\\pirates\\lib\\index.js:141:7)\n    at Module.load (internal/modules/cjs/loader.js:950:32)\n    at Function.Module._load (internal/modules/cjs/loader.js:790:14)\n    at Module.require (internal/modules/cjs/loader.js:974:19)\n    at require (internal/modules/cjs/helpers.js:92:18)\n    at Object.<anonymous> (E:\\CFP_BZ\\book_store\\src\\routes\\/index.js:5:1)","timestamp":"2022-02-16T07:06:36.476Z","trace":[{"column":26,"file":"E:\\CFP_BZ\\book_store\\src\\routes\\/book.route.js","function":null,"line":10,"method":null,"native":false},{"column":14,"file":"internal/modules/cjs/loader.js","function":"Module._compile","line":1085,"method":"_compile","native":false},{"column":24,"file":"E:\\CFP_BZ\\book_store\\node_modules\\pirates\\lib\\index.js","function":"Module._compile","line":136,"method":"_compile","native":false},{"column":10,"file":"internal/modules/cjs/loader.js","function":"Module._extensions..js","line":1114,"method":".js","native":false},{"column":7,"file":"E:\\CFP_BZ\\book_store\\node_modules\\pirates\\lib\\index.js","function":"Object.newLoader [as .js]","line":141,"method":"js]","native":false},{"column":32,"file":"internal/modules/cjs/loader.js","function":"Module.load","line":950,"method":"load","native":false},{"column":14,"file":"internal/modules/cjs/loader.js","function":"Module._load","line":790,"method":"_load","native":false},{"column":19,"file":"internal/modules/cjs/loader.js","function":"Module.require","line":974,"method":"require","native":false},{"column":18,"file":"internal/modules/cjs/helpers.js","function":"require","line":92,"method":null,"native":false},{"column":1,"file":"E:\\CFP_BZ\\book_store\\src\\routes\\/index.js","function":null,"line":5,"method":null,"native":false}]}
error: uncaughtException: upload is not defined
ReferenceError: upload is not defined
    at Object.<anonymous> (E:\CFP_BZ\book_store\src\routes\/book.route.js:10:26)
    at Module._compile (internal/modules/cjs/loader.js:1085:14)
    at Module._compile (E:\CFP_BZ\book_store\node_modules\pirates\lib\index.js:136:24)
    at Module._extensions..js (internal/modules/cjs/loader.js:1114:10)
    at Object.newLoader [as .js] (E:\CFP_BZ\book_store\node_modules\pirates\lib\index.js:141:7)
    at Module.load (internal/modules/cjs/loader.js:950:32)
    at Function.Module._load (internal/modules/cjs/loader.js:790:14)
    at Module.require (internal/modules/cjs/loader.js:974:19)
    at require (internal/modules/cjs/helpers.js:92:18)
    at Object.<anonymous> (E:\CFP_BZ\book_store\src\routes\/index.js:5:1) {"date":"Wed Feb 16 2022 12:36:35 GMT+0530 (India Standard Time)","error":{},"exception":true,"os":{"loadavg":[0,0,0],"uptime":48541},"process":{"argv":["node","E:\\CFP_BZ\\book_store\\src\\index.js"],"cwd":"E:\\CFP_BZ\\book_store","execPath":"C:\\Program Files\\nodejs\\node.exe","gid":null,"memoryUsage":{"arrayBuffers":18977580,"external":21201066,"heapTotal":80818176,"heapUsed":52983160,"rss":110284800},"pid":8592,"uid":null,"version":"v14.17.3"},"stack":"ReferenceError: upload is not defined\n    at Object.<anonymous> (E:\\CFP_BZ\\book_store\\src\\routes\\/book.route.js:10:26)\n    at Module._compile (internal/modules/cjs/loader.js:1085:14)\n    at Module._compile (E:\\CFP_BZ\\book_store\\node_modules\\pirates\\lib\\index.js:136:24)\n    at Module._extensions..js (internal/modules/cjs/loader.js:1114:10)\n    at Object.newLoader [as .js] (E:\\CFP_BZ\\book_store\\node_modules\\pirates\\lib\\index.js:141:7)\n    at Module.load (internal/modules/cjs/loader.js:950:32)\n    at Function.Module._load (internal/modules/cjs/loader.js:790:14)\n    at Module.require (internal/modules/cjs/loader.js:974:19)\n    at require (internal/modules/cjs/helpers.js:92:18)\n    at Object.<anonymous> (E:\\CFP_BZ\\book_store\\src\\routes\\/index.js:5:1)","timestamp":"2022-02-16T07:06:36.477Z","trace":[{"column":26,"file":"E:\\CFP_BZ\\book_store\\src\\routes\\/book.route.js","function":null,"line":10,"method":null,"native":false},{"column":14,"file":"internal/modules/cjs/loader.js","function":"Module._compile","line":1085,"method":"_compile","native":false},{"column":24,"file":"E:\\CFP_BZ\\book_store\\node_modules\\pirates\\lib\\index.js","function":"Module._compile","line":136,"method":"_compile","native":false},{"column":10,"file":"internal/modules/cjs/loader.js","function":"Module._extensions..js","line":1114,"method":".js","native":false},{"column":7,"file":"E:\\CFP_BZ\\book_store\\node_modules\\pirates\\lib\\index.js","function":"Object.newLoader [as .js]","line":141,"method":"js]","native":false},{"column":32,"file":"internal/modules/cjs/loader.js","function":"Module.load","line":950,"method":"load","native":false},{"column":14,"file":"internal/modules/cjs/loader.js","function":"Module._load","line":790,"method":"_load","native":false},{"column":19,"file":"internal/modules/cjs/loader.js","function":"Module.require","line":974,"method":"require","native":false},{"column":18,"file":"internal/modules/cjs/helpers.js","function":"require","line":92,"method":null,"native":false},{"column":1,"file":"E:\\CFP_BZ\\book_store\\src\\routes\\/index.js","function":null,"line":5,"method":null,"native":false}]}
error: uncaughtException: upload is not defined
ReferenceError: upload is not defined
    at Object.<anonymous> (E:\CFP_BZ\book_store\src\routes\/book.route.js:10:26)
    at Module._compile (internal/modules/cjs/loader.js:1085:14)
    at Module._compile (E:\CFP_BZ\book_store\node_modules\pirates\lib\index.js:136:24)
    at Module._extensions..js (internal/modules/cjs/loader.js:1114:10)
    at Object.newLoader [as .js] (E:\CFP_BZ\book_store\node_modules\pirates\lib\index.js:141:7)
    at Module.load (internal/modules/cjs/loader.js:950:32)
    at Function.Module._load (internal/modules/cjs/loader.js:790:14)
    at Module.require (internal/modules/cjs/loader.js:974:19)
    at require (internal/modules/cjs/helpers.js:92:18)
    at Object.<anonymous> (E:\CFP_BZ\book_store\src\routes\/index.js:5:1) {"date":"Wed Feb 16 2022 13:42:06 GMT+0530 (India Standard Time)","error":{},"exception":true,"os":{"loadavg":[0,0,0],"uptime":52471},"process":{"argv":["node","E:\\CFP_BZ\\book_store\\src\\index.js"],"cwd":"E:\\CFP_BZ\\book_store","execPath":"C:\\Program Files\\nodejs\\node.exe","gid":null,"memoryUsage":{"arrayBuffers":19010803,"external":21234289,"heapTotal":80814080,"heapUsed":44278928,"rss":109793280},"pid":7288,"uid":null,"version":"v14.17.3"},"stack":"ReferenceError: upload is not defined\n    at Object.<anonymous> (E:\\CFP_BZ\\book_store\\src\\routes\\/book.route.js:10:26)\n    at Module._compile (internal/modules/cjs/loader.js:1085:14)\n    at Module._compile (E:\\CFP_BZ\\book_store\\node_modules\\pirates\\lib\\index.js:136:24)\n    at Module._extensions..js (internal/modules/cjs/loader.js:1114:10)\n    at Object.newLoader [as .js] (E:\\CFP_BZ\\book_store\\node_modules\\pirates\\lib\\index.js:141:7)\n    at Module.load (internal/modules/cjs/loader.js:950:32)\n    at Function.Module._load (internal/modules/cjs/loader.js:790:14)\n    at Module.require (internal/modules/cjs/loader.js:974:19)\n    at require (internal/modules/cjs/helpers.js:92:18)\n    at Object.<anonymous> (E:\\CFP_BZ\\book_store\\src\\routes\\/index.js:5:1)","timestamp":"2022-02-16T08:12:06.347Z","trace":[{"column":26,"file":"E:\\CFP_BZ\\book_store\\src\\routes\\/book.route.js","function":null,"line":10,"method":null,"native":false},{"column":14,"file":"internal/modules/cjs/loader.js","function":"Module._compile","line":1085,"method":"_compile","native":false},{"column":24,"file":"E:\\CFP_BZ\\book_store\\node_modules\\pirates\\lib\\index.js","function":"Module._compile","line":136,"method":"_compile","native":false},{"column":10,"file":"internal/modules/cjs/loader.js","function":"Module._extensions..js","line":1114,"method":".js","native":false},{"column":7,"file":"E:\\CFP_BZ\\book_store\\node_modules\\pirates\\lib\\index.js","function":"Object.newLoader [as .js]","line":141,"method":"js]","native":false},{"column":32,"file":"internal/modules/cjs/loader.js","function":"Module.load","line":950,"method":"load","native":false},{"column":14,"file":"internal/modules/cjs/loader.js","function":"Module._load","line":790,"method":"_load","native":false},{"column":19,"file":"internal/modules/cjs/loader.js","function":"Module.require","line":974,"method":"require","native":false},{"column":18,"file":"internal/modules/cjs/helpers.js","function":"require","line":92,"method":null,"native":false},{"column":1,"file":"E:\\CFP_BZ\\book_store\\src\\routes\\/index.js","function":null,"line":5,"method":null,"native":false}]}
info: Server started at http://localhost:2000/api/v1/ {"timestamp":"2022-02-16T08:12:41.618Z"}
info: Connected to the database. {"timestamp":"2022-02-16T08:12:41.926Z"}
error: 
    status - 500 
    message - Error: ENOENT: no such file or directory, open 'E:\CFP_BZ\book_store\uploads\2022-02-16T08:19:47.358ZScreenshot (4).png' 
    url - /api/v1/books 
    method - POST 
    IP - ::1
   {"timestamp":"2022-02-16T08:19:47.414Z"}
info: Server started at http://localhost:2000/api/v1/ {"timestamp":"2022-02-16T08:21:48.341Z"}
info: Connected to the database. {"timestamp":"2022-02-16T08:21:48.404Z"}
info: Server started at http://localhost:2000/api/v1/ {"timestamp":"2022-02-16T08:23:07.524Z"}
info: Connected to the database. {"timestamp":"2022-02-16T08:23:07.589Z"}
info: Server started at http://localhost:2000/api/v1/ {"timestamp":"2022-02-16T08:25:26.578Z"}
info: Connected to the database. {"timestamp":"2022-02-16T08:25:26.660Z"}
info: Server started at http://localhost:2000/api/v1/ {"timestamp":"2022-02-16T08:29:00.680Z"}
info: Connected to the database. {"timestamp":"2022-02-16T08:29:00.802Z"}
info: Server started at http://localhost:2000/api/v1/ {"timestamp":"2022-02-16T08:29:10.945Z"}
info: Connected to the database. {"timestamp":"2022-02-16T08:29:11.018Z"}
info: Server started at http://localhost:2000/api/v1/ {"timestamp":"2022-02-16T08:29:41.743Z"}
info: Connected to the database. {"timestamp":"2022-02-16T08:29:41.801Z"}
info: Server started at http://localhost:2000/api/v1/ {"timestamp":"2022-02-16T08:30:54.378Z"}
info: Connected to the database. {"timestamp":"2022-02-16T08:30:54.439Z"}
info: Server started at http://localhost:2000/api/v1/ {"timestamp":"2022-02-16T08:44:24.990Z"}
info: Connected to the database. {"timestamp":"2022-02-16T08:44:25.144Z"}
info: Server started at http://localhost:2000/api/v1/ {"timestamp":"2022-02-16T10:33:23.409Z"}
info: Connected to the database. {"timestamp":"2022-02-16T10:33:23.483Z"}
error: uncaughtException: descendingOrderRouter is not defined
ReferenceError: descendingOrderRouter is not defined
    at Object.<anonymous> (E:\CFP_BZ\book_store\src\routes\/book.route.js:26:1)
    at Module._compile (internal/modules/cjs/loader.js:1085:14)
    at Module._compile (E:\CFP_BZ\book_store\node_modules\pirates\lib\index.js:136:24)
    at Module._extensions..js (internal/modules/cjs/loader.js:1114:10)
    at Object.newLoader [as .js] (E:\CFP_BZ\book_store\node_modules\pirates\lib\index.js:141:7)
    at Module.load (internal/modules/cjs/loader.js:950:32)
    at Function.Module._load (internal/modules/cjs/loader.js:790:14)
    at Module.require (internal/modules/cjs/loader.js:974:19)
    at require (internal/modules/cjs/helpers.js:92:18)
    at Object.<anonymous> (E:\CFP_BZ\book_store\src\routes\/index.js:5:1) {"date":"Wed Feb 16 2022 16:06:10 GMT+0530 (India Standard Time)","error":{},"exception":true,"os":{"loadavg":[0,0,0],"uptime":61116},"process":{"argv":["node","E:\\CFP_BZ\\book_store\\src\\index.js"],"cwd":"E:\\CFP_BZ\\book_store","execPath":"C:\\Program Files\\nodejs\\node.exe","gid":null,"memoryUsage":{"arrayBuffers":18975317,"external":21198803,"heapTotal":81600512,"heapUsed":50791144,"rss":110342144},"pid":9120,"uid":null,"version":"v14.17.3"},"stack":"ReferenceError: descendingOrderRouter is not defined\n    at Object.<anonymous> (E:\\CFP_BZ\\book_store\\src\\routes\\/book.route.js:26:1)\n    at Module._compile (internal/modules/cjs/loader.js:1085:14)\n    at Module._compile (E:\\CFP_BZ\\book_store\\node_modules\\pirates\\lib\\index.js:136:24)\n    at Module._extensions..js (internal/modules/cjs/loader.js:1114:10)\n    at Object.newLoader [as .js] (E:\\CFP_BZ\\book_store\\node_modules\\pirates\\lib\\index.js:141:7)\n    at Module.load (internal/modules/cjs/loader.js:950:32)\n    at Function.Module._load (internal/modules/cjs/loader.js:790:14)\n    at Module.require (internal/modules/cjs/loader.js:974:19)\n    at require (internal/modules/cjs/helpers.js:92:18)\n    at Object.<anonymous> (E:\\CFP_BZ\\book_store\\src\\routes\\/index.js:5:1)","timestamp":"2022-02-16T10:36:10.933Z","trace":[{"column":1,"file":"E:\\CFP_BZ\\book_store\\src\\routes\\/book.route.js","function":null,"line":26,"method":null,"native":false},{"column":14,"file":"internal/modules/cjs/loader.js","function":"Module._compile","line":1085,"method":"_compile","native":false},{"column":24,"file":"E:\\CFP_BZ\\book_store\\node_modules\\pirates\\lib\\index.js","function":"Module._compile","line":136,"method":"_compile","native":false},{"column":10,"file":"internal/modules/cjs/loader.js","function":"Module._extensions..js","line":1114,"method":".js","native":false},{"column":7,"file":"E:\\CFP_BZ\\book_store\\node_modules\\pirates\\lib\\index.js","function":"Object.newLoader [as .js]","line":141,"method":"js]","native":false},{"column":32,"file":"internal/modules/cjs/loader.js","function":"Module.load","line":950,"method":"load","native":false},{"column":14,"file":"internal/modules/cjs/loader.js","function":"Module._load","line":790,"method":"_load","native":false},{"column":19,"file":"internal/modules/cjs/loader.js","function":"Module.require","line":974,"method":"require","native":false},{"column":18,"file":"internal/modules/cjs/helpers.js","function":"require","line":92,"method":null,"native":false},{"column":1,"file":"E:\\CFP_BZ\\book_store\\src\\routes\\/index.js","function":null,"line":5,"method":null,"native":false}]}
error: uncaughtException: descendingOrderRouter is not defined
ReferenceError: descendingOrderRouter is not defined
    at Object.<anonymous> (E:\CFP_BZ\book_store\src\routes\/book.route.js:26:1)
    at Module._compile (internal/modules/cjs/loader.js:1085:14)
    at Module._compile (E:\CFP_BZ\book_store\node_modules\pirates\lib\index.js:136:24)
    at Module._extensions..js (internal/modules/cjs/loader.js:1114:10)
    at Object.newLoader [as .js] (E:\CFP_BZ\book_store\node_modules\pirates\lib\index.js:141:7)
    at Module.load (internal/modules/cjs/loader.js:950:32)
    at Function.Module._load (internal/modules/cjs/loader.js:790:14)
    at Module.require (internal/modules/cjs/loader.js:974:19)
    at require (internal/modules/cjs/helpers.js:92:18)
    at Object.<anonymous> (E:\CFP_BZ\book_store\src\routes\/index.js:5:1) {"date":"Wed Feb 16 2022 16:06:56 GMT+0530 (India Standard Time)","error":{},"exception":true,"os":{"loadavg":[0,0,0],"uptime":61161},"process":{"argv":["node","E:\\CFP_BZ\\book_store\\src\\index.js"],"cwd":"E:\\CFP_BZ\\book_store","execPath":"C:\\Program Files\\nodejs\\node.exe","gid":null,"memoryUsage":{"arrayBuffers":18975317,"external":21198803,"heapTotal":81862656,"heapUsed":50848120,"rss":109924352},"pid":7148,"uid":null,"version":"v14.17.3"},"stack":"ReferenceError: descendingOrderRouter is not defined\n    at Object.<anonymous> (E:\\CFP_BZ\\book_store\\src\\routes\\/book.route.js:26:1)\n    at Module._compile (internal/modules/cjs/loader.js:1085:14)\n    at Module._compile (E:\\CFP_BZ\\book_store\\node_modules\\pirates\\lib\\index.js:136:24)\n    at Module._extensions..js (internal/modules/cjs/loader.js:1114:10)\n    at Object.newLoader [as .js] (E:\\CFP_BZ\\book_store\\node_modules\\pirates\\lib\\index.js:141:7)\n    at Module.load (internal/modules/cjs/loader.js:950:32)\n    at Function.Module._load (internal/modules/cjs/loader.js:790:14)\n    at Module.require (internal/modules/cjs/loader.js:974:19)\n    at require (internal/modules/cjs/helpers.js:92:18)\n    at Object.<anonymous> (E:\\CFP_BZ\\book_store\\src\\routes\\/index.js:5:1)","timestamp":"2022-02-16T10:36:56.492Z","trace":[{"column":1,"file":"E:\\CFP_BZ\\book_store\\src\\routes\\/book.route.js","function":null,"line":26,"method":null,"native":false},{"column":14,"file":"internal/modules/cjs/loader.js","function":"Module._compile","line":1085,"method":"_compile","native":false},{"column":24,"file":"E:\\CFP_BZ\\book_store\\node_modules\\pirates\\lib\\index.js","function":"Module._compile","line":136,"method":"_compile","native":false},{"column":10,"file":"internal/modules/cjs/loader.js","function":"Module._extensions..js","line":1114,"method":".js","native":false},{"column":7,"file":"E:\\CFP_BZ\\book_store\\node_modules\\pirates\\lib\\index.js","function":"Object.newLoader [as .js]","line":141,"method":"js]","native":false},{"column":32,"file":"internal/modules/cjs/loader.js","function":"Module.load","line":950,"method":"load","native":false},{"column":14,"file":"internal/modules/cjs/loader.js","function":"Module._load","line":790,"method":"_load","native":false},{"column":19,"file":"internal/modules/cjs/loader.js","function":"Module.require","line":974,"method":"require","native":false},{"column":18,"file":"internal/modules/cjs/helpers.js","function":"require","line":92,"method":null,"native":false},{"column":1,"file":"E:\\CFP_BZ\\book_store\\src\\routes\\/index.js","function":null,"line":5,"method":null,"native":false}]}
error: uncaughtException: descendingOrderRouter is not defined
ReferenceError: descendingOrderRouter is not defined
    at Object.<anonymous> (E:\CFP_BZ\book_store\src\routes\/book.route.js:26:1)
    at Module._compile (internal/modules/cjs/loader.js:1085:14)
    at Module._compile (E:\CFP_BZ\book_store\node_modules\pirates\lib\index.js:136:24)
    at Module._extensions..js (internal/modules/cjs/loader.js:1114:10)
    at Object.newLoader [as .js] (E:\CFP_BZ\book_store\node_modules\pirates\lib\index.js:141:7)
    at Module.load (internal/modules/cjs/loader.js:950:32)
    at Function.Module._load (internal/modules/cjs/loader.js:790:14)
    at Module.require (internal/modules/cjs/loader.js:974:19)
    at require (internal/modules/cjs/helpers.js:92:18)
    at Object.<anonymous> (E:\CFP_BZ\book_store\src\routes\/index.js:5:1) {"date":"Wed Feb 16 2022 16:07:19 GMT+0530 (India Standard Time)","error":{},"exception":true,"os":{"loadavg":[0,0,0],"uptime":61185},"process":{"argv":["node","E:\\CFP_BZ\\book_store\\src\\index.js"],"cwd":"E:\\CFP_BZ\\book_store","execPath":"C:\\Program Files\\nodejs\\node.exe","gid":null,"memoryUsage":{"arrayBuffers":18975317,"external":21198803,"heapTotal":82386944,"heapUsed":52715856,"rss":110600192},"pid":6568,"uid":null,"version":"v14.17.3"},"stack":"ReferenceError: descendingOrderRouter is not defined\n    at Object.<anonymous> (E:\\CFP_BZ\\book_store\\src\\routes\\/book.route.js:26:1)\n    at Module._compile (internal/modules/cjs/loader.js:1085:14)\n    at Module._compile (E:\\CFP_BZ\\book_store\\node_modules\\pirates\\lib\\index.js:136:24)\n    at Module._extensions..js (internal/modules/cjs/loader.js:1114:10)\n    at Object.newLoader [as .js] (E:\\CFP_BZ\\book_store\\node_modules\\pirates\\lib\\index.js:141:7)\n    at Module.load (internal/modules/cjs/loader.js:950:32)\n    at Function.Module._load (internal/modules/cjs/loader.js:790:14)\n    at Module.require (internal/modules/cjs/loader.js:974:19)\n    at require (internal/modules/cjs/helpers.js:92:18)\n    at Object.<anonymous> (E:\\CFP_BZ\\book_store\\src\\routes\\/index.js:5:1)","timestamp":"2022-02-16T10:37:19.869Z","trace":[{"column":1,"file":"E:\\CFP_BZ\\book_store\\src\\routes\\/book.route.js","function":null,"line":26,"method":null,"native":false},{"column":14,"file":"internal/modules/cjs/loader.js","function":"Module._compile","line":1085,"method":"_compile","native":false},{"column":24,"file":"E:\\CFP_BZ\\book_store\\node_modules\\pirates\\lib\\index.js","function":"Module._compile","line":136,"method":"_compile","native":false},{"column":10,"file":"internal/modules/cjs/loader.js","function":"Module._extensions..js","line":1114,"method":".js","native":false},{"column":7,"file":"E:\\CFP_BZ\\book_store\\node_modules\\pirates\\lib\\index.js","function":"Object.newLoader [as .js]","line":141,"method":"js]","native":false},{"column":32,"file":"internal/modules/cjs/loader.js","function":"Module.load","line":950,"method":"load","native":false},{"column":14,"file":"internal/modules/cjs/loader.js","function":"Module._load","line":790,"method":"_load","native":false},{"column":19,"file":"internal/modules/cjs/loader.js","function":"Module.require","line":974,"method":"require","native":false},{"column":18,"file":"internal/modules/cjs/helpers.js","function":"require","line":92,"method":null,"native":false},{"column":1,"file":"E:\\CFP_BZ\\book_store\\src\\routes\\/index.js","function":null,"line":5,"method":null,"native":false}]}
info: Server started at http://localhost:2000/api/v1/ {"timestamp":"2022-02-16T10:37:59.210Z"}
info: Connected to the database. {"timestamp":"2022-02-16T10:37:59.278Z"}
error: 
      status - 400
      message - Authorization token is required 
      url - /api/v1/books/descendingOrder 
      method - GET 
      IP - ::1
     {"timestamp":"2022-02-16T10:45:03.475Z"}
info: Server started at http://localhost:2000/api/v1/ {"timestamp":"2022-02-16T10:49:35.193Z"}
info: Connected to the database. {"timestamp":"2022-02-16T10:49:35.270Z"}
error: 
    status - 500 
    message - Error: ENOENT: no such file or directory, open 'E:\CFP_BZ\book_store\uploads\2022-02-16T10:56:21.268ZScreenshot (12).png' 
    url - /api/v1/books 
    method - POST 
    IP - ::1
   {"timestamp":"2022-02-16T10:56:21.292Z"}
info: Server started at http://localhost:2000/api/v1/ {"timestamp":"2022-02-16T10:58:11.269Z"}
info: Connected to the database. {"timestamp":"2022-02-16T10:58:11.356Z"}
info: Server started at http://localhost:2000/api/v1/ {"timestamp":"2022-02-16T10:59:46.207Z"}
info: Connected to the database. {"timestamp":"2022-02-16T10:59:46.287Z"}
error: 
    status - 500 
    message - Error: ENOENT: no such file or directory, open 'E:\CFP_BZ\book_store\uploads\2022-02-16T10:59:49.237ZScreenshot (12).png' 
    url - /api/v1/books 
    method - POST 
    IP - ::1
   {"timestamp":"2022-02-16T10:59:49.266Z"}
error: 
    status - 500 
    message - Error: ENOENT: no such file or directory, open 'E:\CFP_BZ\book_store\uploads\2022-02-16T11:00:57.563Zimg411.jpg' 
    url - /api/v1/books 
    method - POST 
    IP - ::1
   {"timestamp":"2022-02-16T11:00:57.570Z"}
info: Server started at http://localhost:2000/api/v1/ {"timestamp":"2022-02-16T11:06:00.944Z"}
info: Connected to the database. {"timestamp":"2022-02-16T11:06:01.004Z"}
info: Server started at http://localhost:2000/api/v1/ {"timestamp":"2022-02-16T11:08:26.379Z"}
info: Connected to the database. {"timestamp":"2022-02-16T11:08:26.472Z"}
error: 
    status - 500 
    message - Error: ENOENT: no such file or directory, open 'E:\CFP_BZ\book_store\uploads\2022-02-16T11:08:31.913Zimg411.jpg' 
    url - /api/v1/books 
    method - POST 
    IP - ::1
   {"timestamp":"2022-02-16T11:08:31.939Z"}
info: Server started at http://localhost:2000/api/v1/ {"timestamp":"2022-02-16T11:09:50.143Z"}
info: Connected to the database. {"timestamp":"2022-02-16T11:09:50.272Z"}
error: 
    status - 500 
    message - Error: ENOENT: no such file or directory, open 'E:\CFP_BZ\book_store\uploads\2022-02-16T11:09:55.812Zimg411.jpg' 
    url - /api/v1/books 
    method - POST 
    IP - ::1
   {"timestamp":"2022-02-16T11:09:55.828Z"}
info: Server started at http://localhost:2000/api/v1/ {"timestamp":"2022-02-16T11:10:50.435Z"}
info: Connected to the database. {"timestamp":"2022-02-16T11:10:50.538Z"}
error: 
    status - 500 
    message - Error: ENOENT: no such file or directory, open 'E:\CFP_BZ\book_store\uploads\2022-02-16T11:10:57.082Zimg411.jpg' 
    url - /api/v1/books 
    method - POST 
    IP - ::1
   {"timestamp":"2022-02-16T11:10:57.140Z"}
info: Server started at http://localhost:2000/api/v1/ {"timestamp":"2022-02-16T11:12:01.113Z"}
info: Connected to the database. {"timestamp":"2022-02-16T11:12:01.214Z"}
error: 
    status - 500 
    message - Error: ENOENT: no such file or directory, open 'E:\CFP_BZ\book_store\uploads\2022-02-16T11:12:07.514Zimg411.jpg' 
    url - /api/v1/books 
    method - POST 
    IP - ::1
   {"timestamp":"2022-02-16T11:12:07.533Z"}
info: Server started at http://localhost:2000/api/v1/ {"timestamp":"2022-02-16T11:12:55.612Z"}
info: Connected to the database. {"timestamp":"2022-02-16T11:12:55.696Z"}
error: 
    status - 500 
    message - Error: ENOENT: no such file or directory, open 'E:\CFP_BZ\book_store\uploads\2022-02-16T11:13:03.064Zimg411.jpg' 
    url - /api/v1/books 
    method - POST 
    IP - ::1
   {"timestamp":"2022-02-16T11:13:03.081Z"}
info: Server started at http://localhost:2000/api/v1/ {"timestamp":"2022-02-16T11:15:34.851Z"}
info: Connected to the database. {"timestamp":"2022-02-16T11:15:34.909Z"}
error: 
    status - 500 
    message - Error: ENOENT: no such file or directory, open 'E:\CFP_BZ\book_store\upload\2022-02-16T11:15:40.627Zimg411.jpg' 
    url - /api/v1/books 
    method - POST 
    IP - ::1
   {"timestamp":"2022-02-16T11:15:40.643Z"}
info: Server started at http://localhost:2000/api/v1/ {"timestamp":"2022-02-16T11:16:42.926Z"}
info: Connected to the database. {"timestamp":"2022-02-16T11:16:43.008Z"}
error: 
    status - 500 
    message - Error: ENOENT: no such file or directory, open 'E:\CFP_BZ\upload\2022-02-16T11:16:49.408Zimg411.jpg' 
    url - /api/v1/books 
    method - POST 
    IP - ::1
   {"timestamp":"2022-02-16T11:16:49.426Z"}
info: Server started at http://localhost:2000/api/v1/ {"timestamp":"2022-02-16T11:18:24.578Z"}
info: Connected to the database. {"timestamp":"2022-02-16T11:18:24.654Z"}
error: 
    status - 500 
    message - Error: ENOENT: no such file or directory, open 'E:\CFP_BZ\book_store\upload\2022-02-16T11:18:33.058Zimg411.jpg' 
    url - /api/v1/books 
    method - POST 
    IP - ::1
   {"timestamp":"2022-02-16T11:18:33.076Z"}
info: Server started at http://localhost:2000/api/v1/ {"timestamp":"2022-02-16T11:19:27.445Z"}
info: Connected to the database. {"timestamp":"2022-02-16T11:19:27.524Z"}
error: 
    status - 500 
    message - Error: ENOENT: no such file or directory, open 'E:\CFP_BZ\upload\2022-02-16T11:19:31.441Zimg411.jpg' 
    url - /api/v1/books 
    method - POST 
    IP - ::1
   {"timestamp":"2022-02-16T11:19:31.460Z"}
error: uncaughtException: E:\CFP_BZ\book_store\src\routes\book.route.js: Bad character escape sequence. (9:40)

[0m [90m  7 |[39m [90m        //cb(null, 'upload');[39m[0m
[0m [90m  8 |[39m [90m    }, */[39m[0m
[0m[31m[1m>[22m[39m[90m  9 |[39m     destination[33m:[39m [32m'E:\CFP_BZ\book_store\upload'[39m[33m,[39m[0m
[0m [90m    |[39m                                         [31m[1m^[22m[39m[0m
[0m [90m 10 |[39m     filename[33m:[39m [36mfunction[39m (req[33m,[39m file[33m,[39m cb) {[0m
[0m [90m 11 |[39m         cb([36mnull[39m[33m,[39m [36mnew[39m [33mDate[39m()[33m.[39mtoISOString() [33m+[39m file[33m.[39moriginalname)[33m;[39m[0m
[0m [90m 12 |[39m     }[0m
SyntaxError: Bad character escape sequence. (9:40)
    at Parser._raise (E:\CFP_BZ\book_store\node_modules\@babel\parser\src\parser\error.js:150:45)
    at Parser.raiseWithData (E:\CFP_BZ\book_store\node_modules\@babel\parser\src\parser\error.js:145:17)
    at Parser.raise (E:\CFP_BZ\book_store\node_modules\@babel\parser\src\parser\error.js:89:17)
    at Parser.readHexChar (E:\CFP_BZ\book_store\node_modules\@babel\parser\src\tokenizer\index.js:1656:14)
    at Parser.readCodePoint (E:\CFP_BZ\book_store\node_modules\@babel\parser\src\tokenizer\index.js:1431:19)
    at Parser.readEscapedChar (E:\CFP_BZ\book_store\node_modules\@babel\parser\src\tokenizer\index.js:1567:27)
    at Parser.readString (E:\CFP_BZ\book_store\node_modules\@babel\parser\src\tokenizer\index.js:1450:21)
    at Parser.getTokenFromCode (E:\CFP_BZ\book_store\node_modules\@babel\parser\src\tokenizer\index.js:1007:14) {"date":"Wed Feb 16 2022 16:50:14 GMT+0530 (India Standard Time)","error":{"code":"BABEL_PARSE_ERROR","loc":{"column":40,"index":358,"line":9},"pos":358,"reasonCode":"InvalidEscapeSequence"},"exception":true,"os":{"loadavg":[0,0,0],"uptime":63760},"process":{"argv":["node","E:\\CFP_BZ\\book_store\\src\\index.js"],"cwd":"E:\\CFP_BZ\\book_store","execPath":"C:\\Program Files\\nodejs\\node.exe","gid":null,"memoryUsage":{"arrayBuffers":18272326,"external":22159491,"heapTotal":88453120,"heapUsed":60716600,"rss":116244480},"pid":10056,"uid":null,"version":"v14.17.3"},"stack":"SyntaxError: Bad character escape sequence. (9:40)\n    at Parser._raise (E:\\CFP_BZ\\book_store\\node_modules\\@babel\\parser\\src\\parser\\error.js:150:45)\n    at Parser.raiseWithData (E:\\CFP_BZ\\book_store\\node_modules\\@babel\\parser\\src\\parser\\error.js:145:17)\n    at Parser.raise (E:\\CFP_BZ\\book_store\\node_modules\\@babel\\parser\\src\\parser\\error.js:89:17)\n    at Parser.readHexChar (E:\\CFP_BZ\\book_store\\node_modules\\@babel\\parser\\src\\tokenizer\\index.js:1656:14)\n    at Parser.readCodePoint (E:\\CFP_BZ\\book_store\\node_modules\\@babel\\parser\\src\\tokenizer\\index.js:1431:19)\n    at Parser.readEscapedChar (E:\\CFP_BZ\\book_store\\node_modules\\@babel\\parser\\src\\tokenizer\\index.js:1567:27)\n    at Parser.readString (E:\\CFP_BZ\\book_store\\node_modules\\@babel\\parser\\src\\tokenizer\\index.js:1450:21)\n    at Parser.getTokenFromCode (E:\\CFP_BZ\\book_store\\node_modules\\@babel\\parser\\src\\tokenizer\\index.js:1007:14)","timestamp":"2022-02-16T11:20:15.045Z","trace":[{"column":45,"file":"E:\\CFP_BZ\\book_store\\node_modules\\@babel\\parser\\src\\parser\\error.js","function":"Parser._raise","line":150,"method":"_raise","native":false},{"column":17,"file":"E:\\CFP_BZ\\book_store\\node_modules\\@babel\\parser\\src\\parser\\error.js","function":"Parser.raiseWithData","line":145,"method":"raiseWithData","native":false},{"column":17,"file":"E:\\CFP_BZ\\book_store\\node_modules\\@babel\\parser\\src\\parser\\error.js","function":"Parser.raise","line":89,"method":"raise","native":false},{"column":14,"file":"E:\\CFP_BZ\\book_store\\node_modules\\@babel\\parser\\src\\tokenizer\\index.js","function":"Parser.readHexChar","line":1656,"method":"readHexChar","native":false},{"column":19,"file":"E:\\CFP_BZ\\book_store\\node_modules\\@babel\\parser\\src\\tokenizer\\index.js","function":"Parser.readCodePoint","line":1431,"method":"readCodePoint","native":false},{"column":27,"file":"E:\\CFP_BZ\\book_store\\node_modules\\@babel\\parser\\src\\tokenizer\\index.js","function":"Parser.readEscapedChar","line":1567,"method":"readEscapedChar","native":false},{"column":21,"file":"E:\\CFP_BZ\\book_store\\node_modules\\@babel\\parser\\src\\tokenizer\\index.js","function":"Parser.readString","line":1450,"method":"readString","native":false},{"column":14,"file":"E:\\CFP_BZ\\book_store\\node_modules\\@babel\\parser\\src\\tokenizer\\index.js","function":"Parser.getTokenFromCode","line":1007,"method":"getTokenFromCode","native":false}]}
info: Server started at http://localhost:2000/api/v1/ {"timestamp":"2022-02-16T11:21:04.408Z"}
info: Connected to the database. {"timestamp":"2022-02-16T11:21:04.488Z"}
info: Server started at http://localhost:2000/api/v1/ {"timestamp":"2022-02-16T11:21:55.335Z"}
info: Connected to the database. {"timestamp":"2022-02-16T11:21:55.408Z"}
info: Server started at http://localhost:2000/api/v1/ {"timestamp":"2022-02-16T11:27:00.673Z"}
info: Connected to the database. {"timestamp":"2022-02-16T11:27:00.757Z"}
info: Server started at http://localhost:2000/api/v1/ {"timestamp":"2022-02-17T05:09:32.223Z"}
info: Connected to the database. {"timestamp":"2022-02-17T05:09:32.336Z"}
info: Server started at http://localhost:2000/api/v1/ {"timestamp":"2022-02-17T05:20:48.281Z"}
info: Connected to the database. {"timestamp":"2022-02-17T05:20:48.373Z"}
info: Server started at http://localhost:2000/api/v1/ {"timestamp":"2022-02-17T05:21:03.510Z"}
info: Connected to the database. {"timestamp":"2022-02-17T05:21:03.598Z"}
info: Server started at http://localhost:2000/api/v1/ {"timestamp":"2022-02-17T05:22:45.895Z"}
info: Connected to the database. {"timestamp":"2022-02-17T05:22:45.947Z"}
error: 
    status - 500 
    message - Error: Invalid sort() argument, must be array of arrays
    at model.Query.Query.sort (E:\CFP_BZ\book_store\node_modules\mquery\lib\mquery.js:1255:15)
    at model.Query.sort (E:\CFP_BZ\book_store\node_modules\mongoose\lib\query.js:2685:26)
    at _callee3$ (E:\CFP_BZ\book_store\src\services\/book.service.js:26:36)
    at tryCatch (E:\CFP_BZ\book_store\node_modules\regenerator-runtime\runtime.js:63:40)
    at Generator.invoke [as _invoke] (E:\CFP_BZ\book_store\node_modules\regenerator-runtime\runtime.js:294:22)
    at Generator.next (E:\CFP_BZ\book_store\node_modules\regenerator-runtime\runtime.js:119:21)
    at asyncGeneratorStep (E:\CFP_BZ\book_store\node_modules\@babel\runtime\helpers\asyncToGenerator.js:3:24)
    at _next (E:\CFP_BZ\book_store\node_modules\@babel\runtime\helpers\asyncToGenerator.js:25:9) 
    url - /api/v1/books/newArr 
    method - GET 
    IP - ::ffff:127.0.0.1
   {"timestamp":"2022-02-17T05:23:44.440Z"}
info: Server started at http://localhost:2000/api/v1/ {"timestamp":"2022-02-17T05:24:24.843Z"}
info: Connected to the database. {"timestamp":"2022-02-17T05:24:24.902Z"}
info: Server started at http://localhost:2000/api/v1/ {"timestamp":"2022-02-17T05:25:24.224Z"}
info: Connected to the database. {"timestamp":"2022-02-17T05:25:24.285Z"}
info: Server started at http://localhost:2000/api/v1/ {"timestamp":"2022-02-17T05:44:58.282Z"}
info: Connected to the database. {"timestamp":"2022-02-17T05:44:58.336Z"}
info: Server started at http://localhost:2000/api/v1/ {"timestamp":"2022-02-17T05:50:54.530Z"}
info: Connected to the database. {"timestamp":"2022-02-17T05:50:54.595Z"}
info: Server started at http://localhost:2000/api/v1/ {"timestamp":"2022-02-17T05:51:11.224Z"}
info: Connected to the database. {"timestamp":"2022-02-17T05:51:11.282Z"}
info: Server started at http://localhost:2000/api/v1/ {"timestamp":"2022-02-17T05:58:41.960Z"}
info: Connected to the database. {"timestamp":"2022-02-17T05:58:42.015Z"}
info: Server started at http://localhost:2000/api/v1/ {"timestamp":"2022-02-17T06:16:53.638Z"}
info: Connected to the database. {"timestamp":"2022-02-17T06:16:53.696Z"}
info: Server started at http://localhost:2000/api/v1/ {"timestamp":"2022-02-17T06:19:04.558Z"}
info: Connected to the database. {"timestamp":"2022-02-17T06:19:04.666Z"}
info: Server started at http://localhost:2000/api/v1/ {"timestamp":"2022-02-17T06:25:28.455Z"}
info: Connected to the database. {"timestamp":"2022-02-17T06:25:28.514Z"}
error: uncaughtException: searchRouter is not defined
ReferenceError: searchRouter is not defined
    at Object.<anonymous> (E:\CFP_BZ\book_store\src\routes\/book.route.js:35:1)
    at Module._compile (internal/modules/cjs/loader.js:1085:14)
    at Module._compile (E:\CFP_BZ\book_store\node_modules\pirates\lib\index.js:136:24)
    at Module._extensions..js (internal/modules/cjs/loader.js:1114:10)
    at Object.newLoader [as .js] (E:\CFP_BZ\book_store\node_modules\pirates\lib\index.js:141:7)
    at Module.load (internal/modules/cjs/loader.js:950:32)
    at Function.Module._load (internal/modules/cjs/loader.js:790:14)
    at Module.require (internal/modules/cjs/loader.js:974:19)
    at require (internal/modules/cjs/helpers.js:92:18)
    at Object.<anonymous> (E:\CFP_BZ\book_store\src\routes\/index.js:5:1) {"date":"Thu Feb 17 2022 11:55:41 GMT+0530 (India Standard Time)","error":{},"exception":true,"os":{"loadavg":[0,0,0],"uptime":63321},"process":{"argv":["node","E:\\CFP_BZ\\book_store\\src\\index.js"],"cwd":"E:\\CFP_BZ\\book_store","execPath":"C:\\Program Files\\nodejs\\node.exe","gid":null,"memoryUsage":{"arrayBuffers":18977153,"external":21200639,"heapTotal":81600512,"heapUsed":56616488,"rss":110432256},"pid":3308,"uid":null,"version":"v14.17.3"},"stack":"ReferenceError: searchRouter is not defined\n    at Object.<anonymous> (E:\\CFP_BZ\\book_store\\src\\routes\\/book.route.js:35:1)\n    at Module._compile (internal/modules/cjs/loader.js:1085:14)\n    at Module._compile (E:\\CFP_BZ\\book_store\\node_modules\\pirates\\lib\\index.js:136:24)\n    at Module._extensions..js (internal/modules/cjs/loader.js:1114:10)\n    at Object.newLoader [as .js] (E:\\CFP_BZ\\book_store\\node_modules\\pirates\\lib\\index.js:141:7)\n    at Module.load (internal/modules/cjs/loader.js:950:32)\n    at Function.Module._load (internal/modules/cjs/loader.js:790:14)\n    at Module.require (internal/modules/cjs/loader.js:974:19)\n    at require (internal/modules/cjs/helpers.js:92:18)\n    at Object.<anonymous> (E:\\CFP_BZ\\book_store\\src\\routes\\/index.js:5:1)","timestamp":"2022-02-17T06:25:41.265Z","trace":[{"column":1,"file":"E:\\CFP_BZ\\book_store\\src\\routes\\/book.route.js","function":null,"line":35,"method":null,"native":false},{"column":14,"file":"internal/modules/cjs/loader.js","function":"Module._compile","line":1085,"method":"_compile","native":false},{"column":24,"file":"E:\\CFP_BZ\\book_store\\node_modules\\pirates\\lib\\index.js","function":"Module._compile","line":136,"method":"_compile","native":false},{"column":10,"file":"internal/modules/cjs/loader.js","function":"Module._extensions..js","line":1114,"method":".js","native":false},{"column":7,"file":"E:\\CFP_BZ\\book_store\\node_modules\\pirates\\lib\\index.js","function":"Object.newLoader [as .js]","line":141,"method":"js]","native":false},{"column":32,"file":"internal/modules/cjs/loader.js","function":"Module.load","line":950,"method":"load","native":false},{"column":14,"file":"internal/modules/cjs/loader.js","function":"Module._load","line":790,"method":"_load","native":false},{"column":19,"file":"internal/modules/cjs/loader.js","function":"Module.require","line":974,"method":"require","native":false},{"column":18,"file":"internal/modules/cjs/helpers.js","function":"require","line":92,"method":null,"native":false},{"column":1,"file":"E:\\CFP_BZ\\book_store\\src\\routes\\/index.js","function":null,"line":5,"method":null,"native":false}]}
info: Server started at http://localhost:2000/api/v1/ {"timestamp":"2022-02-17T06:26:41.844Z"}
info: Connected to the database. {"timestamp":"2022-02-17T06:26:41.939Z"}
info: Login token  eyJhbGciOiJIUzI1NiIsInR5cCI6IkpXVCJ9.eyJpZCI6IjYyMGRlYjFlZThiMjM1MTlhNDZlMzFlMyIsImVtYWlsIjoidXNlcjExQGdtYWlsLmNvbSIsInJvbGUiOiJ1c2VyIiwiaWF0IjoxNjQ1MDgzMTk4fQ.xfWEGpUVSL3p_TBJE3oqdcRotxHtGEPkvDStZ5jK7io {"timestamp":"2022-02-17T07:33:19.367Z"}
info: Server started at http://localhost:2000/api/v1/ {"timestamp":"2022-02-17T07:48:09.099Z"}
info: Connected to the database. {"timestamp":"2022-02-17T07:48:09.771Z"}
info: Server started at http://localhost:2000/api/v1/ {"timestamp":"2022-02-17T10:12:40.283Z"}
info: Connected to the database. {"timestamp":"2022-02-17T10:12:40.342Z"}
error: 
      status - 400
      message - Authorization token is required 
      url - /api/v1/books/ 
      method - GET 
      IP - ::ffff:127.0.0.1
     {"timestamp":"2022-02-17T10:15:10.162Z"}
info: Server started at http://localhost:2000/api/v1/ {"timestamp":"2022-02-17T10:17:35.420Z"}
info: Connected to the database. {"timestamp":"2022-02-17T10:17:35.473Z"}
info: Server started at http://localhost:2000/api/v1/ {"timestamp":"2022-02-17T10:21:25.039Z"}
info: Connected to the database. {"timestamp":"2022-02-17T10:21:25.130Z"}
info: Server started at http://localhost:2000/api/v1/ {"timestamp":"2022-02-17T10:22:11.949Z"}
info: Connected to the database. {"timestamp":"2022-02-17T10:22:11.997Z"}
info: Server started at http://localhost:2000/api/v1/ {"timestamp":"2022-02-17T10:24:03.502Z"}
info: Connected to the database. {"timestamp":"2022-02-17T10:24:03.552Z"}
error: 
    status - 500 
    message - JsonWebTokenError: jwt must be provided
    at Object.verify (E:\CFP_BZ\book_store\node_modules\jsonwebtoken\verify.js:53:17)
    at _callee$ (E:\CFP_BZ\book_store\src\middlewares\/auth.middleware.js:22:28)
    at tryCatch (E:\CFP_BZ\book_store\node_modules\regenerator-runtime\runtime.js:63:40)
    at Generator.invoke [as _invoke] (E:\CFP_BZ\book_store\node_modules\regenerator-runtime\runtime.js:294:22)
    at Generator.next (E:\CFP_BZ\book_store\node_modules\regenerator-runtime\runtime.js:119:21)
    at asyncGeneratorStep (E:\CFP_BZ\book_store\node_modules\@babel\runtime\helpers\asyncToGenerator.js:3:24)
    at _next (E:\CFP_BZ\book_store\node_modules\@babel\runtime\helpers\asyncToGenerator.js:25:9)
    at E:\CFP_BZ\book_store\node_modules\@babel\runtime\helpers\asyncToGenerator.js:32:7
    at new Promise (<anonymous>)
    at E:\CFP_BZ\book_store\node_modules\@babel\runtime\helpers\asyncToGenerator.js:21:12 
    url - /api/v1/books/ 
    method - GET 
    IP - ::ffff:127.0.0.1
   {"timestamp":"2022-02-17T10:24:11.738Z"}
info: Server started at http://localhost:2000/api/v1/ {"timestamp":"2022-02-17T10:27:28.337Z"}
info: Connected to the database. {"timestamp":"2022-02-17T10:27:28.389Z"}
error: 
    status - 500 
    message - ReferenceError: bearerToken is not defined
    at _callee$ (E:\CFP_BZ\book_store\src\middlewares\/auth.middleware.js:22:36)
    at tryCatch (E:\CFP_BZ\book_store\node_modules\regenerator-runtime\runtime.js:63:40)
    at Generator.invoke [as _invoke] (E:\CFP_BZ\book_store\node_modules\regenerator-runtime\runtime.js:294:22)
    at Generator.next (E:\CFP_BZ\book_store\node_modules\regenerator-runtime\runtime.js:119:21)
    at asyncGeneratorStep (E:\CFP_BZ\book_store\node_modules\@babel\runtime\helpers\asyncToGenerator.js:3:24)
    at _next (E:\CFP_BZ\book_store\node_modules\@babel\runtime\helpers\asyncToGenerator.js:25:9)
    at E:\CFP_BZ\book_store\node_modules\@babel\runtime\helpers\asyncToGenerator.js:32:7
    at new Promise (<anonymous>)
    at E:\CFP_BZ\book_store\node_modules\@babel\runtime\helpers\asyncToGenerator.js:21:12
    at userAuth (E:\CFP_BZ\book_store\src\middlewares\/auth.middleware.js:12:22) 
    url - /api/v1/books/ 
    method - GET 
    IP - ::ffff:127.0.0.1
   {"timestamp":"2022-02-17T10:27:32.100Z"}
info: Server started at http://localhost:2000/api/v1/ {"timestamp":"2022-02-17T10:28:14.080Z"}
info: Connected to the database. {"timestamp":"2022-02-17T10:28:14.121Z"}
info: Server started at http://localhost:2000/api/v1/ {"timestamp":"2022-02-17T10:29:00.870Z"}
info: Connected to the database. {"timestamp":"2022-02-17T10:29:00.912Z"}
info: Server started at http://localhost:2000/api/v1/ {"timestamp":"2022-02-17T10:30:05.105Z"}
info: Connected to the database. {"timestamp":"2022-02-17T10:30:05.155Z"}
info: Server started at http://localhost:2000/api/v1/ {"timestamp":"2022-02-17T10:33:00.485Z"}
info: Connected to the database. {"timestamp":"2022-02-17T10:33:00.561Z"}
info: Server started at http://localhost:2000/api/v1/ {"timestamp":"2022-02-17T10:33:10.064Z"}
info: Connected to the database. {"timestamp":"2022-02-17T10:33:10.145Z"}
info: Server started at http://localhost:2000/api/v1/ {"timestamp":"2022-02-17T10:33:37.718Z"}
info: Connected to the database. {"timestamp":"2022-02-17T10:33:37.775Z"}
info: Server started at http://localhost:2000/api/v1/ {"timestamp":"2022-02-17T10:36:14.816Z"}
info: Connected to the database. {"timestamp":"2022-02-17T10:36:14.872Z"}
info: Server started at http://localhost:2000/api/v1/ {"timestamp":"2022-02-17T10:37:27.342Z"}
info: Connected to the database. {"timestamp":"2022-02-17T10:37:27.390Z"}
info: Login token  eyJhbGciOiJIUzI1NiIsInR5cCI6IkpXVCJ9.eyJpZCI6IjYyMGRlYjFlZThiMjM1MTlhNDZlMzFlMyIsImVtYWlsIjoidXNlcjExQGdtYWlsLmNvbSIsInJvbGUiOiJ1c2VyIiwiaWF0IjoxNjQ1MDk0Mjc0fQ.wjLFcP_rB4CEbFhuDSYj68BacfzXKtcTc2hz8TUkQGg {"timestamp":"2022-02-17T10:37:54.534Z"}
info: Server started at http://localhost:2000/api/v1/ {"timestamp":"2022-02-17T10:42:06.118Z"}
info: Connected to the database. {"timestamp":"2022-02-17T10:42:06.180Z"}
info: Login token  eyJhbGciOiJIUzI1NiIsInR5cCI6IkpXVCJ9.eyJpZCI6IjYyMGJkOWIwZjEwYzJlMTExYzgwZmY0ZSIsImVtYWlsIjoiYW50YXJhQGdtYWlsLmNvbSIsInJvbGUiOiJhZG1pbiIsImlhdCI6MTY0NTA5NDU1OX0.Rq27DEgeM1gp8dGlK_QtpiGooCJ7HtLezZa4TZJ_30Y {"timestamp":"2022-02-17T10:42:39.477Z"}
info: Server started at http://localhost:2000/api/v1/ {"timestamp":"2022-02-17T10:52:41.420Z"}
info: Connected to the database. {"timestamp":"2022-02-17T10:52:41.464Z"}
info: Server started at http://localhost:2000/api/v1/ {"timestamp":"2022-02-17T10:55:19.860Z"}
info: Connected to the database. {"timestamp":"2022-02-17T10:55:19.924Z"}
info: Server started at http://localhost:2000/api/v1/ {"timestamp":"2022-02-17T10:57:23.180Z"}
info: Connected to the database. {"timestamp":"2022-02-17T10:57:23.240Z"}
info: Server started at http://localhost:2000/api/v1/ {"timestamp":"2022-02-17T10:57:53.045Z"}
info: Connected to the database. {"timestamp":"2022-02-17T10:57:53.093Z"}
