error: 
    status - 500 
    message - undefined 
    url - /api/v1/users/login 
    method - POST 
    IP - ::1
   {"timestamp":"2022-02-14T18:39:13.626Z"}
error: 
      status - 11000
      message - E11000 duplicate key error collection: BookStore.users index: email_1 dup key: { : "gjhv@gmail.com" } 
      url - /api/v1/users/registrationAdmin 
      method - POST 
      IP - ::ffff:127.0.0.1
     {"timestamp":"2022-02-15T03:21:54.672Z"}
error: 
    status - 500 
    message - RangeError [ERR_HTTP_INVALID_STATUS_CODE]: Invalid status code: 11000
    at ServerResponse.writeHead (_http_server.js:259:11)
    at ServerResponse.writeHead (E:\CFP_BZ\book_store\node_modules\on-headers\index.js:44:26)
    at ServerResponse._implicitHeader (_http_server.js:250:8)
    at write_ (_http_outgoing.js:711:9)
    at ServerResponse.end (_http_outgoing.js:825:5)
    at ServerResponse.send (E:\CFP_BZ\book_store\node_modules\express\lib\response.js:221:10)
    at ServerResponse.json (E:\CFP_BZ\book_store\node_modules\express\lib\response.js:267:15)
    at appErrorHandler (E:\CFP_BZ\book_store\src\middlewares\/error.middleware.js:36:26)
    at Layer.handle_error (E:\CFP_BZ\book_store\node_modules\express\lib\router\layer.js:71:5)
    at trim_prefix (E:\CFP_BZ\book_store\node_modules\express\lib\router\index.js:321:13) 
    url - /api/v1/users/registrationAdmin 
    method - POST 
    IP - ::ffff:127.0.0.1
   {"timestamp":"2022-02-15T03:21:54.703Z"}
error: uncaughtException: Router.use() requires a middleware function but got a Object
TypeError: Router.use() requires a middleware function but got a Object
    at Function.use (E:\CFP_BZ\book_store\node_modules\express\lib\router\index.js:464:13)
    at routes (E:\CFP_BZ\book_store\src\routes\/index.js:16:10)
    at Object.<anonymous> (E:\CFP_BZ\book_store\src\/index.js:32:32)
    at Module._compile (internal/modules/cjs/loader.js:1085:14)
    at Module._compile (E:\CFP_BZ\book_store\node_modules\pirates\lib\index.js:136:24)
    at Module._extensions..js (internal/modules/cjs/loader.js:1114:10)
    at Object.newLoader [as .js] (E:\CFP_BZ\book_store\node_modules\pirates\lib\index.js:141:7)
    at Module.load (internal/modules/cjs/loader.js:950:32) {"date":"Tue Feb 15 2022 10:55:40 GMT+0530 (India Standard Time)","error":{},"exception":true,"os":{"loadavg":[0,0,0],"uptime":37975},"process":{"argv":["node","E:\\CFP_BZ\\book_store\\src\\index.js"],"cwd":"E:\\CFP_BZ\\book_store","execPath":"C:\\Program Files\\nodejs\\node.exe","gid":null,"memoryUsage":{"arrayBuffers":18392401,"external":20615887,"heapTotal":80285696,"heapUsed":48884336,"rss":108490752},"pid":5572,"uid":null,"version":"v14.17.3"},"stack":"TypeError: Router.use() requires a middleware function but got a Object\n    at Function.use (E:\\CFP_BZ\\book_store\\node_modules\\express\\lib\\router\\index.js:464:13)\n    at routes (E:\\CFP_BZ\\book_store\\src\\routes\\/index.js:16:10)\n    at Object.<anonymous> (E:\\CFP_BZ\\book_store\\src\\/index.js:32:32)\n    at Module._compile (internal/modules/cjs/loader.js:1085:14)\n    at Module._compile (E:\\CFP_BZ\\book_store\\node_modules\\pirates\\lib\\index.js:136:24)\n    at Module._extensions..js (internal/modules/cjs/loader.js:1114:10)\n    at Object.newLoader [as .js] (E:\\CFP_BZ\\book_store\\node_modules\\pirates\\lib\\index.js:141:7)\n    at Module.load (internal/modules/cjs/loader.js:950:32)","timestamp":"2022-02-15T05:25:40.948Z","trace":[{"column":13,"file":"E:\\CFP_BZ\\book_store\\node_modules\\express\\lib\\router\\index.js","function":"Function.use","line":464,"method":"use","native":false},{"column":10,"file":"E:\\CFP_BZ\\book_store\\src\\routes\\/index.js","function":"routes","line":16,"method":null,"native":false},{"column":32,"file":"E:\\CFP_BZ\\book_store\\src\\/index.js","function":null,"line":32,"method":null,"native":false},{"column":14,"file":"internal/modules/cjs/loader.js","function":"Module._compile","line":1085,"method":"_compile","native":false},{"column":24,"file":"E:\\CFP_BZ\\book_store\\node_modules\\pirates\\lib\\index.js","function":"Module._compile","line":136,"method":"_compile","native":false},{"column":10,"file":"internal/modules/cjs/loader.js","function":"Module._extensions..js","line":1114,"method":".js","native":false},{"column":7,"file":"E:\\CFP_BZ\\book_store\\node_modules\\pirates\\lib\\index.js","function":"Object.newLoader [as .js]","line":141,"method":"js]","native":false},{"column":32,"file":"internal/modules/cjs/loader.js","function":"Module.load","line":950,"method":"load","native":false}]}
error: uncaughtException: Router.use() requires a middleware function but got a Object
TypeError: Router.use() requires a middleware function but got a Object
    at Function.use (E:\CFP_BZ\book_store\node_modules\express\lib\router\index.js:464:13)
    at routes (E:\CFP_BZ\book_store\src\routes\/index.js:16:10)
    at Object.<anonymous> (E:\CFP_BZ\book_store\src\/index.js:32:32)
    at Module._compile (internal/modules/cjs/loader.js:1085:14)
    at Module._compile (E:\CFP_BZ\book_store\node_modules\pirates\lib\index.js:136:24)
    at Module._extensions..js (internal/modules/cjs/loader.js:1114:10)
    at Object.newLoader [as .js] (E:\CFP_BZ\book_store\node_modules\pirates\lib\index.js:141:7)
    at Module.load (internal/modules/cjs/loader.js:950:32) {"date":"Tue Feb 15 2022 11:20:51 GMT+0530 (India Standard Time)","error":{},"exception":true,"os":{"loadavg":[0,0,0],"uptime":39486},"process":{"argv":["node","E:\\CFP_BZ\\book_store\\src\\index.js"],"cwd":"E:\\CFP_BZ\\book_store","execPath":"C:\\Program Files\\nodejs\\node.exe","gid":null,"memoryUsage":{"arrayBuffers":18392401,"external":20615887,"heapTotal":81072128,"heapUsed":51361032,"rss":108638208},"pid":6936,"uid":null,"version":"v14.17.3"},"stack":"TypeError: Router.use() requires a middleware function but got a Object\n    at Function.use (E:\\CFP_BZ\\book_store\\node_modules\\express\\lib\\router\\index.js:464:13)\n    at routes (E:\\CFP_BZ\\book_store\\src\\routes\\/index.js:16:10)\n    at Object.<anonymous> (E:\\CFP_BZ\\book_store\\src\\/index.js:32:32)\n    at Module._compile (internal/modules/cjs/loader.js:1085:14)\n    at Module._compile (E:\\CFP_BZ\\book_store\\node_modules\\pirates\\lib\\index.js:136:24)\n    at Module._extensions..js (internal/modules/cjs/loader.js:1114:10)\n    at Object.newLoader [as .js] (E:\\CFP_BZ\\book_store\\node_modules\\pirates\\lib\\index.js:141:7)\n    at Module.load (internal/modules/cjs/loader.js:950:32)","timestamp":"2022-02-15T05:50:51.741Z","trace":[{"column":13,"file":"E:\\CFP_BZ\\book_store\\node_modules\\express\\lib\\router\\index.js","function":"Function.use","line":464,"method":"use","native":false},{"column":10,"file":"E:\\CFP_BZ\\book_store\\src\\routes\\/index.js","function":"routes","line":16,"method":null,"native":false},{"column":32,"file":"E:\\CFP_BZ\\book_store\\src\\/index.js","function":null,"line":32,"method":null,"native":false},{"column":14,"file":"internal/modules/cjs/loader.js","function":"Module._compile","line":1085,"method":"_compile","native":false},{"column":24,"file":"E:\\CFP_BZ\\book_store\\node_modules\\pirates\\lib\\index.js","function":"Module._compile","line":136,"method":"_compile","native":false},{"column":10,"file":"internal/modules/cjs/loader.js","function":"Module._extensions..js","line":1114,"method":".js","native":false},{"column":7,"file":"E:\\CFP_BZ\\book_store\\node_modules\\pirates\\lib\\index.js","function":"Object.newLoader [as .js]","line":141,"method":"js]","native":false},{"column":32,"file":"internal/modules/cjs/loader.js","function":"Module.load","line":950,"method":"load","native":false}]}
error: uncaughtException: Route.get() requires a callback function but got a [object Undefined]
Error: Route.get() requires a callback function but got a [object Undefined]
    at Route.<computed> [as get] (E:\CFP_BZ\book_store\node_modules\express\lib\router\route.js:202:15)
    at Function.get (E:\CFP_BZ\book_store\node_modules\express\lib\router\index.js:516:19)
    at Object.<anonymous> (E:\CFP_BZ\book_store\src\routes\/book.route.js:12:8)
    at Module._compile (internal/modules/cjs/loader.js:1085:14)
    at Module._compile (E:\CFP_BZ\book_store\node_modules\pirates\lib\index.js:136:24)
    at Module._extensions..js (internal/modules/cjs/loader.js:1114:10)
    at Object.newLoader [as .js] (E:\CFP_BZ\book_store\node_modules\pirates\lib\index.js:141:7)
    at Module.load (internal/modules/cjs/loader.js:950:32) {"date":"Tue Feb 15 2022 12:42:46 GMT+0530 (India Standard Time)","error":{},"exception":true,"os":{"loadavg":[0,0,0],"uptime":44401},"process":{"argv":["node","E:\\CFP_BZ\\book_store\\src\\index.js"],"cwd":"E:\\CFP_BZ\\book_store","execPath":"C:\\Program Files\\nodejs\\node.exe","gid":null,"memoryUsage":{"arrayBuffers":18291508,"external":20514994,"heapTotal":80838656,"heapUsed":46321032,"rss":108068864},"pid":4764,"uid":null,"version":"v14.17.3"},"stack":"Error: Route.get() requires a callback function but got a [object Undefined]\n    at Route.<computed> [as get] (E:\\CFP_BZ\\book_store\\node_modules\\express\\lib\\router\\route.js:202:15)\n    at Function.get (E:\\CFP_BZ\\book_store\\node_modules\\express\\lib\\router\\index.js:516:19)\n    at Object.<anonymous> (E:\\CFP_BZ\\book_store\\src\\routes\\/book.route.js:12:8)\n    at Module._compile (internal/modules/cjs/loader.js:1085:14)\n    at Module._compile (E:\\CFP_BZ\\book_store\\node_modules\\pirates\\lib\\index.js:136:24)\n    at Module._extensions..js (internal/modules/cjs/loader.js:1114:10)\n    at Object.newLoader [as .js] (E:\\CFP_BZ\\book_store\\node_modules\\pirates\\lib\\index.js:141:7)\n    at Module.load (internal/modules/cjs/loader.js:950:32)","timestamp":"2022-02-15T07:12:47.041Z","trace":[{"column":15,"file":"E:\\CFP_BZ\\book_store\\node_modules\\express\\lib\\router\\route.js","function":"Route.<computed> [as get]","line":202,"method":"<computed> [as get]","native":false},{"column":19,"file":"E:\\CFP_BZ\\book_store\\node_modules\\express\\lib\\router\\index.js","function":"Function.get","line":516,"method":"get","native":false},{"column":8,"file":"E:\\CFP_BZ\\book_store\\src\\routes\\/book.route.js","function":null,"line":12,"method":null,"native":false},{"column":14,"file":"internal/modules/cjs/loader.js","function":"Module._compile","line":1085,"method":"_compile","native":false},{"column":24,"file":"E:\\CFP_BZ\\book_store\\node_modules\\pirates\\lib\\index.js","function":"Module._compile","line":136,"method":"_compile","native":false},{"column":10,"file":"internal/modules/cjs/loader.js","function":"Module._extensions..js","line":1114,"method":".js","native":false},{"column":7,"file":"E:\\CFP_BZ\\book_store\\node_modules\\pirates\\lib\\index.js","function":"Object.newLoader [as .js]","line":141,"method":"js]","native":false},{"column":32,"file":"internal/modules/cjs/loader.js","function":"Module.load","line":950,"method":"load","native":false}]}
error: 
      status - 400
      message - Authorization token is required 
      url - /api/v1/books/ 
      method - POST 
      IP - ::ffff:127.0.0.1
     {"timestamp":"2022-02-15T10:50:57.475Z"}
error: 
    status - 500 
    message - TypeError: Cannot read property 'admin' of undefined
    at _callee3$ (E:\CFP_BZ\book_store\src\middlewares\/auth.middleware.js:46:13)
    at tryCatch (E:\CFP_BZ\book_store\node_modules\regenerator-runtime\runtime.js:63:40)
    at Generator.invoke [as _invoke] (E:\CFP_BZ\book_store\node_modules\regenerator-runtime\runtime.js:294:22)
    at Generator.next (E:\CFP_BZ\book_store\node_modules\regenerator-runtime\runtime.js:119:21)
    at asyncGeneratorStep (E:\CFP_BZ\book_store\node_modules\@babel\runtime\helpers\asyncToGenerator.js:3:24)
    at _next (E:\CFP_BZ\book_store\node_modules\@babel\runtime\helpers\asyncToGenerator.js:25:9)
    at processTicksAndRejections (internal/process/task_queues.js:95:5) 
    url - /api/v1//books/ 
    method - POST 
    IP - ::1
   {"timestamp":"2022-02-15T15:12:01.177Z"}
error: 
    status - 500 
    message - SyntaxError: Unexpected token } in JSON at position 148
    at JSON.parse (<anonymous>)
    at parse (E:\CFP_BZ\book_store\node_modules\body-parser\lib\types\json.js:89:19)
    at E:\CFP_BZ\book_store\node_modules\body-parser\lib\read.js:121:18
    at invokeCallback (E:\CFP_BZ\book_store\node_modules\raw-body\index.js:224:16)
    at done (E:\CFP_BZ\book_store\node_modules\raw-body\index.js:213:7)
    at IncomingMessage.onEnd (E:\CFP_BZ\book_store\node_modules\raw-body\index.js:273:7)
    at IncomingMessage.emit (events.js:387:35)
    at IncomingMessage.emit (domain.js:470:12)
    at endReadableNT (internal/streams/readable.js:1317:12)
    at processTicksAndRejections (internal/process/task_queues.js:82:21) 
    url - /api/v1//books/ 
    method - POST 
    IP - ::1
   {"timestamp":"2022-02-15T15:12:27.426Z"}
error: 
    status - 500 
    message - TypeError: Cannot read property 'admin' of undefined
    at _callee3$ (E:\CFP_BZ\book_store\src\middlewares\/auth.middleware.js:46:13)
    at tryCatch (E:\CFP_BZ\book_store\node_modules\regenerator-runtime\runtime.js:63:40)
    at Generator.invoke [as _invoke] (E:\CFP_BZ\book_store\node_modules\regenerator-runtime\runtime.js:294:22)
    at Generator.next (E:\CFP_BZ\book_store\node_modules\regenerator-runtime\runtime.js:119:21)
    at asyncGeneratorStep (E:\CFP_BZ\book_store\node_modules\@babel\runtime\helpers\asyncToGenerator.js:3:24)
    at _next (E:\CFP_BZ\book_store\node_modules\@babel\runtime\helpers\asyncToGenerator.js:25:9)
    at processTicksAndRejections (internal/process/task_queues.js:95:5) 
    url - /api/v1//books/ 
    method - POST 
    IP - ::1
   {"timestamp":"2022-02-15T15:12:36.591Z"}
error: 
    status - 500 
    message - TypeError: Cannot read property 'admin' of undefined
    at _callee3$ (E:\CFP_BZ\book_store\src\middlewares\/auth.middleware.js:46:13)
    at tryCatch (E:\CFP_BZ\book_store\node_modules\regenerator-runtime\runtime.js:63:40)
    at Generator.invoke [as _invoke] (E:\CFP_BZ\book_store\node_modules\regenerator-runtime\runtime.js:294:22)
    at Generator.next (E:\CFP_BZ\book_store\node_modules\regenerator-runtime\runtime.js:119:21)
    at asyncGeneratorStep (E:\CFP_BZ\book_store\node_modules\@babel\runtime\helpers\asyncToGenerator.js:3:24)
    at _next (E:\CFP_BZ\book_store\node_modules\@babel\runtime\helpers\asyncToGenerator.js:25:9)
    at processTicksAndRejections (internal/process/task_queues.js:95:5) 
    url - /api/v1//books/ 
    method - POST 
    IP - ::1
   {"timestamp":"2022-02-15T15:14:32.421Z"}
error: 
    status - 500 
    message - TypeError: Cannot read property 'admin' of undefined
    at _callee3$ (E:\CFP_BZ\book_store\src\middlewares\/auth.middleware.js:46:13)
    at tryCatch (E:\CFP_BZ\book_store\node_modules\regenerator-runtime\runtime.js:63:40)
    at Generator.invoke [as _invoke] (E:\CFP_BZ\book_store\node_modules\regenerator-runtime\runtime.js:294:22)
    at Generator.next (E:\CFP_BZ\book_store\node_modules\regenerator-runtime\runtime.js:119:21)
    at asyncGeneratorStep (E:\CFP_BZ\book_store\node_modules\@babel\runtime\helpers\asyncToGenerator.js:3:24)
    at _next (E:\CFP_BZ\book_store\node_modules\@babel\runtime\helpers\asyncToGenerator.js:25:9)
    at processTicksAndRejections (internal/process/task_queues.js:95:5) 
    url - /api/v1//books/ 
    method - POST 
    IP - ::1
   {"timestamp":"2022-02-15T15:31:54.963Z"}
error: 
    status - 500 
    message - TypeError: Cannot read property 'admin' of undefined
    at _callee3$ (E:\CFP_BZ\book_store\src\middlewares\/auth.middleware.js:46:13)
    at tryCatch (E:\CFP_BZ\book_store\node_modules\regenerator-runtime\runtime.js:63:40)
    at Generator.invoke [as _invoke] (E:\CFP_BZ\book_store\node_modules\regenerator-runtime\runtime.js:294:22)
    at Generator.next (E:\CFP_BZ\book_store\node_modules\regenerator-runtime\runtime.js:119:21)
    at asyncGeneratorStep (E:\CFP_BZ\book_store\node_modules\@babel\runtime\helpers\asyncToGenerator.js:3:24)
    at _next (E:\CFP_BZ\book_store\node_modules\@babel\runtime\helpers\asyncToGenerator.js:25:9)
    at processTicksAndRejections (internal/process/task_queues.js:95:5) 
    url - /api/v1//books/ 
    method - POST 
    IP - ::1
   {"timestamp":"2022-02-15T15:33:03.529Z"}
error: 
    status - 500 
    message - TypeError: Cannot read property 'admin' of undefined
    at _callee3$ (E:\CFP_BZ\book_store\src\middlewares\/auth.middleware.js:46:13)
    at tryCatch (E:\CFP_BZ\book_store\node_modules\regenerator-runtime\runtime.js:63:40)
    at Generator.invoke [as _invoke] (E:\CFP_BZ\book_store\node_modules\regenerator-runtime\runtime.js:294:22)
    at Generator.next (E:\CFP_BZ\book_store\node_modules\regenerator-runtime\runtime.js:119:21)
    at asyncGeneratorStep (E:\CFP_BZ\book_store\node_modules\@babel\runtime\helpers\asyncToGenerator.js:3:24)
    at _next (E:\CFP_BZ\book_store\node_modules\@babel\runtime\helpers\asyncToGenerator.js:25:9)
    at processTicksAndRejections (internal/process/task_queues.js:95:5) 
    url - /api/v1//books/ 
    method - POST 
    IP - ::1
   {"timestamp":"2022-02-15T15:35:01.349Z"}
error: 
    status - 500 
    message - TypeError: Cannot read property 'admin' of undefined
    at _callee3$ (E:\CFP_BZ\book_store\src\middlewares\/auth.middleware.js:46:13)
    at tryCatch (E:\CFP_BZ\book_store\node_modules\regenerator-runtime\runtime.js:63:40)
    at Generator.invoke [as _invoke] (E:\CFP_BZ\book_store\node_modules\regenerator-runtime\runtime.js:294:22)
    at Generator.next (E:\CFP_BZ\book_store\node_modules\regenerator-runtime\runtime.js:119:21)
    at asyncGeneratorStep (E:\CFP_BZ\book_store\node_modules\@babel\runtime\helpers\asyncToGenerator.js:3:24)
    at _next (E:\CFP_BZ\book_store\node_modules\@babel\runtime\helpers\asyncToGenerator.js:25:9)
    at processTicksAndRejections (internal/process/task_queues.js:95:5) 
    url - /api/v1//books/ 
    method - POST 
    IP - ::1
   {"timestamp":"2022-02-15T15:40:06.095Z"}
error: 
    status - 500 
    message - TypeError: Cannot read property 'admin' of undefined
    at _callee3$ (E:\CFP_BZ\book_store\src\middlewares\/auth.middleware.js:46:13)
    at tryCatch (E:\CFP_BZ\book_store\node_modules\regenerator-runtime\runtime.js:63:40)
    at Generator.invoke [as _invoke] (E:\CFP_BZ\book_store\node_modules\regenerator-runtime\runtime.js:294:22)
    at Generator.next (E:\CFP_BZ\book_store\node_modules\regenerator-runtime\runtime.js:119:21)
    at asyncGeneratorStep (E:\CFP_BZ\book_store\node_modules\@babel\runtime\helpers\asyncToGenerator.js:3:24)
    at _next (E:\CFP_BZ\book_store\node_modules\@babel\runtime\helpers\asyncToGenerator.js:25:9)
    at processTicksAndRejections (internal/process/task_queues.js:95:5) 
    url - /api/v1/books 
    method - POST 
    IP - ::1
   {"timestamp":"2022-02-15T15:50:36.493Z"}
error: 
    status - 500 
    message - TypeError: Cannot read property 'admin' of undefined
    at _callee3$ (E:\CFP_BZ\book_store\src\middlewares\/auth.middleware.js:46:13)
    at tryCatch (E:\CFP_BZ\book_store\node_modules\regenerator-runtime\runtime.js:63:40)
    at Generator.invoke [as _invoke] (E:\CFP_BZ\book_store\node_modules\regenerator-runtime\runtime.js:294:22)
    at Generator.next (E:\CFP_BZ\book_store\node_modules\regenerator-runtime\runtime.js:119:21)
    at asyncGeneratorStep (E:\CFP_BZ\book_store\node_modules\@babel\runtime\helpers\asyncToGenerator.js:3:24)
    at _next (E:\CFP_BZ\book_store\node_modules\@babel\runtime\helpers\asyncToGenerator.js:25:9)
    at processTicksAndRejections (internal/process/task_queues.js:95:5) 
    url - /api/v1/books 
    method - POST 
    IP - ::1
   {"timestamp":"2022-02-15T15:51:22.911Z"}
error: 
    status - 500 
    message - TypeError: Cannot read property 'admin' of undefined
    at _callee3$ (E:\CFP_BZ\book_store\src\middlewares\/auth.middleware.js:46:13)
    at tryCatch (E:\CFP_BZ\book_store\node_modules\regenerator-runtime\runtime.js:63:40)
    at Generator.invoke [as _invoke] (E:\CFP_BZ\book_store\node_modules\regenerator-runtime\runtime.js:294:22)
    at Generator.next (E:\CFP_BZ\book_store\node_modules\regenerator-runtime\runtime.js:119:21)
    at asyncGeneratorStep (E:\CFP_BZ\book_store\node_modules\@babel\runtime\helpers\asyncToGenerator.js:3:24)
    at _next (E:\CFP_BZ\book_store\node_modules\@babel\runtime\helpers\asyncToGenerator.js:25:9)
    at processTicksAndRejections (internal/process/task_queues.js:95:5) 
    url - /api/v1//books 
    method - POST 
    IP - ::1
   {"timestamp":"2022-02-15T15:51:33.288Z"}
error: 
    status - 500 
    message - TypeError: Cannot read property 'admin' of undefined
    at _callee3$ (E:\CFP_BZ\book_store\src\middlewares\/auth.middleware.js:46:13)
    at tryCatch (E:\CFP_BZ\book_store\node_modules\regenerator-runtime\runtime.js:63:40)
    at Generator.invoke [as _invoke] (E:\CFP_BZ\book_store\node_modules\regenerator-runtime\runtime.js:294:22)
    at Generator.next (E:\CFP_BZ\book_store\node_modules\regenerator-runtime\runtime.js:119:21)
    at asyncGeneratorStep (E:\CFP_BZ\book_store\node_modules\@babel\runtime\helpers\asyncToGenerator.js:3:24)
    at _next (E:\CFP_BZ\book_store\node_modules\@babel\runtime\helpers\asyncToGenerator.js:25:9)
    at processTicksAndRejections (internal/process/task_queues.js:95:5) 
    url - /api/v1/books 
    method - POST 
    IP - ::1
   {"timestamp":"2022-02-15T15:57:16.947Z"}
error: 
      status - 400
      message - Authorization token is required 
      url - /api/v1/books/?token=eyJhbGciOiJIUzI1NiIsInR5cCI6IkpXVCJ9.eyJpZCI6IjYyMGJjMjgzMDFmZmFiMWNkY2NkMzNiMSIsImVtYWlsIjoiYW50YXJhQGdtYWlsLmNvbSIsInJvbGUiOiJhZG1pbiIsImlhdCI6MTY0NDkzNzg3NH0.8q9JdyapvfgvGPHrPB8qb1e1e8z1Zv-7bDMUQslghxE 
      method - GET 
      IP - ::1
     {"timestamp":"2022-02-15T15:57:45.209Z"}
error: 
      status - 400
      message - Authorization token is required 
      url - /api/v1/books/ 
      method - GET 
      IP - ::1
     {"timestamp":"2022-02-15T15:58:01.554Z"}
error: 
    status - 500 
    message - TypeError: Cannot read property 'admin' of undefined
    at _callee3$ (E:\CFP_BZ\book_store\src\middlewares\/auth.middleware.js:46:13)
    at tryCatch (E:\CFP_BZ\book_store\node_modules\regenerator-runtime\runtime.js:63:40)
    at Generator.invoke [as _invoke] (E:\CFP_BZ\book_store\node_modules\regenerator-runtime\runtime.js:294:22)
    at Generator.next (E:\CFP_BZ\book_store\node_modules\regenerator-runtime\runtime.js:119:21)
    at asyncGeneratorStep (E:\CFP_BZ\book_store\node_modules\@babel\runtime\helpers\asyncToGenerator.js:3:24)
    at _next (E:\CFP_BZ\book_store\node_modules\@babel\runtime\helpers\asyncToGenerator.js:25:9)
    at processTicksAndRejections (internal/process/task_queues.js:95:5) 
    url - /api/v1/books/ 
    method - GET 
    IP - ::1
   {"timestamp":"2022-02-15T15:58:24.691Z"}
error: 
    status - 500 
    message - SyntaxError: Unexpected token } in JSON at position 124
    at JSON.parse (<anonymous>)
    at parse (E:\CFP_BZ\book_store\node_modules\body-parser\lib\types\json.js:89:19)
    at E:\CFP_BZ\book_store\node_modules\body-parser\lib\read.js:121:18
    at invokeCallback (E:\CFP_BZ\book_store\node_modules\raw-body\index.js:224:16)
    at done (E:\CFP_BZ\book_store\node_modules\raw-body\index.js:213:7)
    at IncomingMessage.onEnd (E:\CFP_BZ\book_store\node_modules\raw-body\index.js:273:7)
    at IncomingMessage.emit (events.js:387:35)
    at IncomingMessage.emit (domain.js:470:12)
    at endReadableNT (internal/streams/readable.js:1317:12)
    at processTicksAndRejections (internal/process/task_queues.js:82:21) 
    url - /api/v1/users/registrationUser 
    method - GET 
    IP - ::1
   {"timestamp":"2022-02-15T16:02:20.049Z"}
error: 
    status - 500 
    message - TypeError: Cannot read property 'admin' of undefined
    at _callee3$ (E:\CFP_BZ\book_store\src\middlewares\/auth.middleware.js:46:13)
    at tryCatch (E:\CFP_BZ\book_store\node_modules\regenerator-runtime\runtime.js:63:40)
    at Generator.invoke [as _invoke] (E:\CFP_BZ\book_store\node_modules\regenerator-runtime\runtime.js:294:22)
    at Generator.next (E:\CFP_BZ\book_store\node_modules\regenerator-runtime\runtime.js:119:21)
    at asyncGeneratorStep (E:\CFP_BZ\book_store\node_modules\@babel\runtime\helpers\asyncToGenerator.js:3:24)
    at _next (E:\CFP_BZ\book_store\node_modules\@babel\runtime\helpers\asyncToGenerator.js:25:9)
    at processTicksAndRejections (internal/process/task_queues.js:95:5) 
    url - /api/v1/books 
    method - POST 
    IP - ::1
   {"timestamp":"2022-02-15T16:05:08.507Z"}
error: 
    status - 500 
    message - TypeError: Cannot read property 'admin' of undefined
    at _callee3$ (E:\CFP_BZ\book_store\src\middlewares\/auth.middleware.js:46:13)
    at tryCatch (E:\CFP_BZ\book_store\node_modules\regenerator-runtime\runtime.js:63:40)
    at Generator.invoke [as _invoke] (E:\CFP_BZ\book_store\node_modules\regenerator-runtime\runtime.js:294:22)
    at Generator.next (E:\CFP_BZ\book_store\node_modules\regenerator-runtime\runtime.js:119:21)
    at asyncGeneratorStep (E:\CFP_BZ\book_store\node_modules\@babel\runtime\helpers\asyncToGenerator.js:3:24)
    at _next (E:\CFP_BZ\book_store\node_modules\@babel\runtime\helpers\asyncToGenerator.js:25:9)
    at processTicksAndRejections (internal/process/task_queues.js:95:5) 
    url - /api/v1/books 
    method - POST 
    IP - ::1
   {"timestamp":"2022-02-15T16:07:51.502Z"}
error: 
    status - 500 
    message - TypeError: Cannot read property 'admin' of undefined
    at _callee3$ (E:\CFP_BZ\book_store\src\middlewares\/auth.middleware.js:46:13)
    at tryCatch (E:\CFP_BZ\book_store\node_modules\regenerator-runtime\runtime.js:63:40)
    at Generator.invoke [as _invoke] (E:\CFP_BZ\book_store\node_modules\regenerator-runtime\runtime.js:294:22)
    at Generator.next (E:\CFP_BZ\book_store\node_modules\regenerator-runtime\runtime.js:119:21)
    at asyncGeneratorStep (E:\CFP_BZ\book_store\node_modules\@babel\runtime\helpers\asyncToGenerator.js:3:24)
    at _next (E:\CFP_BZ\book_store\node_modules\@babel\runtime\helpers\asyncToGenerator.js:25:9)
    at processTicksAndRejections (internal/process/task_queues.js:95:5) 
    url - /api/v1/books 
    method - POST 
    IP - ::1
   {"timestamp":"2022-02-15T16:08:13.630Z"}
error: 
    status - 500 
    message - TypeError: Cannot read property 'admin' of undefined
    at _callee3$ (E:\CFP_BZ\book_store\src\middlewares\/auth.middleware.js:46:13)
    at tryCatch (E:\CFP_BZ\book_store\node_modules\regenerator-runtime\runtime.js:63:40)
    at Generator.invoke [as _invoke] (E:\CFP_BZ\book_store\node_modules\regenerator-runtime\runtime.js:294:22)
    at Generator.next (E:\CFP_BZ\book_store\node_modules\regenerator-runtime\runtime.js:119:21)
    at asyncGeneratorStep (E:\CFP_BZ\book_store\node_modules\@babel\runtime\helpers\asyncToGenerator.js:3:24)
    at _next (E:\CFP_BZ\book_store\node_modules\@babel\runtime\helpers\asyncToGenerator.js:25:9)
    at processTicksAndRejections (internal/process/task_queues.js:95:5) 
    url - /api/v1/books 
    method - POST 
    IP - ::1
   {"timestamp":"2022-02-15T16:10:11.837Z"}
error: 
    status - 500 
    message - TypeError: addBook.save is not a function
    at _callee3$ (E:\CFP_BZ\book_store\src\services\/user.service.js:64:30)
    at tryCatch (E:\CFP_BZ\book_store\node_modules\regenerator-runtime\runtime.js:63:40)
    at Generator.invoke [as _invoke] (E:\CFP_BZ\book_store\node_modules\regenerator-runtime\runtime.js:294:22)
    at Generator.next (E:\CFP_BZ\book_store\node_modules\regenerator-runtime\runtime.js:119:21)
    at asyncGeneratorStep (E:\CFP_BZ\book_store\node_modules\@babel\runtime\helpers\asyncToGenerator.js:3:24)
    at _next (E:\CFP_BZ\book_store\node_modules\@babel\runtime\helpers\asyncToGenerator.js:25:9)
    at E:\CFP_BZ\book_store\node_modules\@babel\runtime\helpers\asyncToGenerator.js:32:7
    at new Promise (<anonymous>)
    at Object.<anonymous> (E:\CFP_BZ\book_store\node_modules\@babel\runtime\helpers\asyncToGenerator.js:21:12)
    at Object.addBook (E:\CFP_BZ\book_store\src\services\/user.service.js:54:21) 
    url - /api/v1/books 
    method - POST 
    IP - ::1
   {"timestamp":"2022-02-15T16:23:58.771Z"}
error: 
    status - 500 
    message - TypeError: _book.default.save is not a function
    at _callee3$ (E:\CFP_BZ\book_store\src\services\/user.service.js:64:27)
    at tryCatch (E:\CFP_BZ\book_store\node_modules\regenerator-runtime\runtime.js:63:40)
    at Generator.invoke [as _invoke] (E:\CFP_BZ\book_store\node_modules\regenerator-runtime\runtime.js:294:22)
    at Generator.next (E:\CFP_BZ\book_store\node_modules\regenerator-runtime\runtime.js:119:21)
    at asyncGeneratorStep (E:\CFP_BZ\book_store\node_modules\@babel\runtime\helpers\asyncToGenerator.js:3:24)
    at _next (E:\CFP_BZ\book_store\node_modules\@babel\runtime\helpers\asyncToGenerator.js:25:9)
    at E:\CFP_BZ\book_store\node_modules\@babel\runtime\helpers\asyncToGenerator.js:32:7
    at new Promise (<anonymous>)
    at Object.<anonymous> (E:\CFP_BZ\book_store\node_modules\@babel\runtime\helpers\asyncToGenerator.js:21:12)
    at Object.addBook (E:\CFP_BZ\book_store\src\services\/user.service.js:54:21) 
    url - /api/v1/books 
    method - POST 
    IP - ::1
   {"timestamp":"2022-02-15T16:46:24.532Z"}
error: 
    status - 500 
    message - undefined 
    url - /api/v1/books 
    method - POST 
    IP - ::1
   {"timestamp":"2022-02-16T06:28:28.653Z"}
error: uncaughtException: upload is not defined
ReferenceError: upload is not defined
    at Object.<anonymous> (E:\CFP_BZ\book_store\src\routes\/book.route.js:10:26)
    at Module._compile (internal/modules/cjs/loader.js:1085:14)
    at Module._compile (E:\CFP_BZ\book_store\node_modules\pirates\lib\index.js:136:24)
    at Module._extensions..js (internal/modules/cjs/loader.js:1114:10)
    at Object.newLoader [as .js] (E:\CFP_BZ\book_store\node_modules\pirates\lib\index.js:141:7)
    at Module.load (internal/modules/cjs/loader.js:950:32)
    at Function.Module._load (internal/modules/cjs/loader.js:790:14)
    at Module.require (internal/modules/cjs/loader.js:974:19)
    at require (internal/modules/cjs/helpers.js:92:18)
    at Object.<anonymous> (E:\CFP_BZ\book_store\src\routes\/index.js:5:1) {"date":"Wed Feb 16 2022 12:36:35 GMT+0530 (India Standard Time)","error":{},"exception":true,"os":{"loadavg":[0,0,0],"uptime":48541},"process":{"argv":["node","E:\\CFP_BZ\\book_store\\src\\index.js"],"cwd":"E:\\CFP_BZ\\book_store","execPath":"C:\\Program Files\\nodejs\\node.exe","gid":null,"memoryUsage":{"arrayBuffers":18978380,"external":21201866,"heapTotal":81080320,"heapUsed":52575376,"rss":110632960},"pid":7720,"uid":null,"version":"v14.17.3"},"stack":"ReferenceError: upload is not defined\n    at Object.<anonymous> (E:\\CFP_BZ\\book_store\\src\\routes\\/book.route.js:10:26)\n    at Module._compile (internal/modules/cjs/loader.js:1085:14)\n    at Module._compile (E:\\CFP_BZ\\book_store\\node_modules\\pirates\\lib\\index.js:136:24)\n    at Module._extensions..js (internal/modules/cjs/loader.js:1114:10)\n    at Object.newLoader [as .js] (E:\\CFP_BZ\\book_store\\node_modules\\pirates\\lib\\index.js:141:7)\n    at Module.load (internal/modules/cjs/loader.js:950:32)\n    at Function.Module._load (internal/modules/cjs/loader.js:790:14)\n    at Module.require (internal/modules/cjs/loader.js:974:19)\n    at require (internal/modules/cjs/helpers.js:92:18)\n    at Object.<anonymous> (E:\\CFP_BZ\\book_store\\src\\routes\\/index.js:5:1)","timestamp":"2022-02-16T07:06:36.476Z","trace":[{"column":26,"file":"E:\\CFP_BZ\\book_store\\src\\routes\\/book.route.js","function":null,"line":10,"method":null,"native":false},{"column":14,"file":"internal/modules/cjs/loader.js","function":"Module._compile","line":1085,"method":"_compile","native":false},{"column":24,"file":"E:\\CFP_BZ\\book_store\\node_modules\\pirates\\lib\\index.js","function":"Module._compile","line":136,"method":"_compile","native":false},{"column":10,"file":"internal/modules/cjs/loader.js","function":"Module._extensions..js","line":1114,"method":".js","native":false},{"column":7,"file":"E:\\CFP_BZ\\book_store\\node_modules\\pirates\\lib\\index.js","function":"Object.newLoader [as .js]","line":141,"method":"js]","native":false},{"column":32,"file":"internal/modules/cjs/loader.js","function":"Module.load","line":950,"method":"load","native":false},{"column":14,"file":"internal/modules/cjs/loader.js","function":"Module._load","line":790,"method":"_load","native":false},{"column":19,"file":"internal/modules/cjs/loader.js","function":"Module.require","line":974,"method":"require","native":false},{"column":18,"file":"internal/modules/cjs/helpers.js","function":"require","line":92,"method":null,"native":false},{"column":1,"file":"E:\\CFP_BZ\\book_store\\src\\routes\\/index.js","function":null,"line":5,"method":null,"native":false}]}
error: uncaughtException: upload is not defined
ReferenceError: upload is not defined
    at Object.<anonymous> (E:\CFP_BZ\book_store\src\routes\/book.route.js:10:26)
    at Module._compile (internal/modules/cjs/loader.js:1085:14)
    at Module._compile (E:\CFP_BZ\book_store\node_modules\pirates\lib\index.js:136:24)
    at Module._extensions..js (internal/modules/cjs/loader.js:1114:10)
    at Object.newLoader [as .js] (E:\CFP_BZ\book_store\node_modules\pirates\lib\index.js:141:7)
    at Module.load (internal/modules/cjs/loader.js:950:32)
    at Function.Module._load (internal/modules/cjs/loader.js:790:14)
    at Module.require (internal/modules/cjs/loader.js:974:19)
    at require (internal/modules/cjs/helpers.js:92:18)
    at Object.<anonymous> (E:\CFP_BZ\book_store\src\routes\/index.js:5:1) {"date":"Wed Feb 16 2022 12:36:35 GMT+0530 (India Standard Time)","error":{},"exception":true,"os":{"loadavg":[0,0,0],"uptime":48541},"process":{"argv":["node","E:\\CFP_BZ\\book_store\\src\\index.js"],"cwd":"E:\\CFP_BZ\\book_store","execPath":"C:\\Program Files\\nodejs\\node.exe","gid":null,"memoryUsage":{"arrayBuffers":18977580,"external":21201066,"heapTotal":80818176,"heapUsed":52983160,"rss":110284800},"pid":8592,"uid":null,"version":"v14.17.3"},"stack":"ReferenceError: upload is not defined\n    at Object.<anonymous> (E:\\CFP_BZ\\book_store\\src\\routes\\/book.route.js:10:26)\n    at Module._compile (internal/modules/cjs/loader.js:1085:14)\n    at Module._compile (E:\\CFP_BZ\\book_store\\node_modules\\pirates\\lib\\index.js:136:24)\n    at Module._extensions..js (internal/modules/cjs/loader.js:1114:10)\n    at Object.newLoader [as .js] (E:\\CFP_BZ\\book_store\\node_modules\\pirates\\lib\\index.js:141:7)\n    at Module.load (internal/modules/cjs/loader.js:950:32)\n    at Function.Module._load (internal/modules/cjs/loader.js:790:14)\n    at Module.require (internal/modules/cjs/loader.js:974:19)\n    at require (internal/modules/cjs/helpers.js:92:18)\n    at Object.<anonymous> (E:\\CFP_BZ\\book_store\\src\\routes\\/index.js:5:1)","timestamp":"2022-02-16T07:06:36.477Z","trace":[{"column":26,"file":"E:\\CFP_BZ\\book_store\\src\\routes\\/book.route.js","function":null,"line":10,"method":null,"native":false},{"column":14,"file":"internal/modules/cjs/loader.js","function":"Module._compile","line":1085,"method":"_compile","native":false},{"column":24,"file":"E:\\CFP_BZ\\book_store\\node_modules\\pirates\\lib\\index.js","function":"Module._compile","line":136,"method":"_compile","native":false},{"column":10,"file":"internal/modules/cjs/loader.js","function":"Module._extensions..js","line":1114,"method":".js","native":false},{"column":7,"file":"E:\\CFP_BZ\\book_store\\node_modules\\pirates\\lib\\index.js","function":"Object.newLoader [as .js]","line":141,"method":"js]","native":false},{"column":32,"file":"internal/modules/cjs/loader.js","function":"Module.load","line":950,"method":"load","native":false},{"column":14,"file":"internal/modules/cjs/loader.js","function":"Module._load","line":790,"method":"_load","native":false},{"column":19,"file":"internal/modules/cjs/loader.js","function":"Module.require","line":974,"method":"require","native":false},{"column":18,"file":"internal/modules/cjs/helpers.js","function":"require","line":92,"method":null,"native":false},{"column":1,"file":"E:\\CFP_BZ\\book_store\\src\\routes\\/index.js","function":null,"line":5,"method":null,"native":false}]}
error: uncaughtException: upload is not defined
ReferenceError: upload is not defined
    at Object.<anonymous> (E:\CFP_BZ\book_store\src\routes\/book.route.js:10:26)
    at Module._compile (internal/modules/cjs/loader.js:1085:14)
    at Module._compile (E:\CFP_BZ\book_store\node_modules\pirates\lib\index.js:136:24)
    at Module._extensions..js (internal/modules/cjs/loader.js:1114:10)
    at Object.newLoader [as .js] (E:\CFP_BZ\book_store\node_modules\pirates\lib\index.js:141:7)
    at Module.load (internal/modules/cjs/loader.js:950:32)
    at Function.Module._load (internal/modules/cjs/loader.js:790:14)
    at Module.require (internal/modules/cjs/loader.js:974:19)
    at require (internal/modules/cjs/helpers.js:92:18)
    at Object.<anonymous> (E:\CFP_BZ\book_store\src\routes\/index.js:5:1) {"date":"Wed Feb 16 2022 13:42:06 GMT+0530 (India Standard Time)","error":{},"exception":true,"os":{"loadavg":[0,0,0],"uptime":52471},"process":{"argv":["node","E:\\CFP_BZ\\book_store\\src\\index.js"],"cwd":"E:\\CFP_BZ\\book_store","execPath":"C:\\Program Files\\nodejs\\node.exe","gid":null,"memoryUsage":{"arrayBuffers":19010803,"external":21234289,"heapTotal":80814080,"heapUsed":44278928,"rss":109793280},"pid":7288,"uid":null,"version":"v14.17.3"},"stack":"ReferenceError: upload is not defined\n    at Object.<anonymous> (E:\\CFP_BZ\\book_store\\src\\routes\\/book.route.js:10:26)\n    at Module._compile (internal/modules/cjs/loader.js:1085:14)\n    at Module._compile (E:\\CFP_BZ\\book_store\\node_modules\\pirates\\lib\\index.js:136:24)\n    at Module._extensions..js (internal/modules/cjs/loader.js:1114:10)\n    at Object.newLoader [as .js] (E:\\CFP_BZ\\book_store\\node_modules\\pirates\\lib\\index.js:141:7)\n    at Module.load (internal/modules/cjs/loader.js:950:32)\n    at Function.Module._load (internal/modules/cjs/loader.js:790:14)\n    at Module.require (internal/modules/cjs/loader.js:974:19)\n    at require (internal/modules/cjs/helpers.js:92:18)\n    at Object.<anonymous> (E:\\CFP_BZ\\book_store\\src\\routes\\/index.js:5:1)","timestamp":"2022-02-16T08:12:06.347Z","trace":[{"column":26,"file":"E:\\CFP_BZ\\book_store\\src\\routes\\/book.route.js","function":null,"line":10,"method":null,"native":false},{"column":14,"file":"internal/modules/cjs/loader.js","function":"Module._compile","line":1085,"method":"_compile","native":false},{"column":24,"file":"E:\\CFP_BZ\\book_store\\node_modules\\pirates\\lib\\index.js","function":"Module._compile","line":136,"method":"_compile","native":false},{"column":10,"file":"internal/modules/cjs/loader.js","function":"Module._extensions..js","line":1114,"method":".js","native":false},{"column":7,"file":"E:\\CFP_BZ\\book_store\\node_modules\\pirates\\lib\\index.js","function":"Object.newLoader [as .js]","line":141,"method":"js]","native":false},{"column":32,"file":"internal/modules/cjs/loader.js","function":"Module.load","line":950,"method":"load","native":false},{"column":14,"file":"internal/modules/cjs/loader.js","function":"Module._load","line":790,"method":"_load","native":false},{"column":19,"file":"internal/modules/cjs/loader.js","function":"Module.require","line":974,"method":"require","native":false},{"column":18,"file":"internal/modules/cjs/helpers.js","function":"require","line":92,"method":null,"native":false},{"column":1,"file":"E:\\CFP_BZ\\book_store\\src\\routes\\/index.js","function":null,"line":5,"method":null,"native":false}]}
error: 
    status - 500 
    message - Error: ENOENT: no such file or directory, open 'E:\CFP_BZ\book_store\uploads\2022-02-16T08:19:47.358ZScreenshot (4).png' 
    url - /api/v1/books 
    method - POST 
    IP - ::1
   {"timestamp":"2022-02-16T08:19:47.414Z"}
error: uncaughtException: descendingOrderRouter is not defined
ReferenceError: descendingOrderRouter is not defined
    at Object.<anonymous> (E:\CFP_BZ\book_store\src\routes\/book.route.js:26:1)
    at Module._compile (internal/modules/cjs/loader.js:1085:14)
    at Module._compile (E:\CFP_BZ\book_store\node_modules\pirates\lib\index.js:136:24)
    at Module._extensions..js (internal/modules/cjs/loader.js:1114:10)
    at Object.newLoader [as .js] (E:\CFP_BZ\book_store\node_modules\pirates\lib\index.js:141:7)
    at Module.load (internal/modules/cjs/loader.js:950:32)
    at Function.Module._load (internal/modules/cjs/loader.js:790:14)
    at Module.require (internal/modules/cjs/loader.js:974:19)
    at require (internal/modules/cjs/helpers.js:92:18)
    at Object.<anonymous> (E:\CFP_BZ\book_store\src\routes\/index.js:5:1) {"date":"Wed Feb 16 2022 16:06:10 GMT+0530 (India Standard Time)","error":{},"exception":true,"os":{"loadavg":[0,0,0],"uptime":61116},"process":{"argv":["node","E:\\CFP_BZ\\book_store\\src\\index.js"],"cwd":"E:\\CFP_BZ\\book_store","execPath":"C:\\Program Files\\nodejs\\node.exe","gid":null,"memoryUsage":{"arrayBuffers":18975317,"external":21198803,"heapTotal":81600512,"heapUsed":50791144,"rss":110342144},"pid":9120,"uid":null,"version":"v14.17.3"},"stack":"ReferenceError: descendingOrderRouter is not defined\n    at Object.<anonymous> (E:\\CFP_BZ\\book_store\\src\\routes\\/book.route.js:26:1)\n    at Module._compile (internal/modules/cjs/loader.js:1085:14)\n    at Module._compile (E:\\CFP_BZ\\book_store\\node_modules\\pirates\\lib\\index.js:136:24)\n    at Module._extensions..js (internal/modules/cjs/loader.js:1114:10)\n    at Object.newLoader [as .js] (E:\\CFP_BZ\\book_store\\node_modules\\pirates\\lib\\index.js:141:7)\n    at Module.load (internal/modules/cjs/loader.js:950:32)\n    at Function.Module._load (internal/modules/cjs/loader.js:790:14)\n    at Module.require (internal/modules/cjs/loader.js:974:19)\n    at require (internal/modules/cjs/helpers.js:92:18)\n    at Object.<anonymous> (E:\\CFP_BZ\\book_store\\src\\routes\\/index.js:5:1)","timestamp":"2022-02-16T10:36:10.933Z","trace":[{"column":1,"file":"E:\\CFP_BZ\\book_store\\src\\routes\\/book.route.js","function":null,"line":26,"method":null,"native":false},{"column":14,"file":"internal/modules/cjs/loader.js","function":"Module._compile","line":1085,"method":"_compile","native":false},{"column":24,"file":"E:\\CFP_BZ\\book_store\\node_modules\\pirates\\lib\\index.js","function":"Module._compile","line":136,"method":"_compile","native":false},{"column":10,"file":"internal/modules/cjs/loader.js","function":"Module._extensions..js","line":1114,"method":".js","native":false},{"column":7,"file":"E:\\CFP_BZ\\book_store\\node_modules\\pirates\\lib\\index.js","function":"Object.newLoader [as .js]","line":141,"method":"js]","native":false},{"column":32,"file":"internal/modules/cjs/loader.js","function":"Module.load","line":950,"method":"load","native":false},{"column":14,"file":"internal/modules/cjs/loader.js","function":"Module._load","line":790,"method":"_load","native":false},{"column":19,"file":"internal/modules/cjs/loader.js","function":"Module.require","line":974,"method":"require","native":false},{"column":18,"file":"internal/modules/cjs/helpers.js","function":"require","line":92,"method":null,"native":false},{"column":1,"file":"E:\\CFP_BZ\\book_store\\src\\routes\\/index.js","function":null,"line":5,"method":null,"native":false}]}
error: uncaughtException: descendingOrderRouter is not defined
ReferenceError: descendingOrderRouter is not defined
    at Object.<anonymous> (E:\CFP_BZ\book_store\src\routes\/book.route.js:26:1)
    at Module._compile (internal/modules/cjs/loader.js:1085:14)
    at Module._compile (E:\CFP_BZ\book_store\node_modules\pirates\lib\index.js:136:24)
    at Module._extensions..js (internal/modules/cjs/loader.js:1114:10)
    at Object.newLoader [as .js] (E:\CFP_BZ\book_store\node_modules\pirates\lib\index.js:141:7)
    at Module.load (internal/modules/cjs/loader.js:950:32)
    at Function.Module._load (internal/modules/cjs/loader.js:790:14)
    at Module.require (internal/modules/cjs/loader.js:974:19)
    at require (internal/modules/cjs/helpers.js:92:18)
    at Object.<anonymous> (E:\CFP_BZ\book_store\src\routes\/index.js:5:1) {"date":"Wed Feb 16 2022 16:06:56 GMT+0530 (India Standard Time)","error":{},"exception":true,"os":{"loadavg":[0,0,0],"uptime":61161},"process":{"argv":["node","E:\\CFP_BZ\\book_store\\src\\index.js"],"cwd":"E:\\CFP_BZ\\book_store","execPath":"C:\\Program Files\\nodejs\\node.exe","gid":null,"memoryUsage":{"arrayBuffers":18975317,"external":21198803,"heapTotal":81862656,"heapUsed":50848120,"rss":109924352},"pid":7148,"uid":null,"version":"v14.17.3"},"stack":"ReferenceError: descendingOrderRouter is not defined\n    at Object.<anonymous> (E:\\CFP_BZ\\book_store\\src\\routes\\/book.route.js:26:1)\n    at Module._compile (internal/modules/cjs/loader.js:1085:14)\n    at Module._compile (E:\\CFP_BZ\\book_store\\node_modules\\pirates\\lib\\index.js:136:24)\n    at Module._extensions..js (internal/modules/cjs/loader.js:1114:10)\n    at Object.newLoader [as .js] (E:\\CFP_BZ\\book_store\\node_modules\\pirates\\lib\\index.js:141:7)\n    at Module.load (internal/modules/cjs/loader.js:950:32)\n    at Function.Module._load (internal/modules/cjs/loader.js:790:14)\n    at Module.require (internal/modules/cjs/loader.js:974:19)\n    at require (internal/modules/cjs/helpers.js:92:18)\n    at Object.<anonymous> (E:\\CFP_BZ\\book_store\\src\\routes\\/index.js:5:1)","timestamp":"2022-02-16T10:36:56.492Z","trace":[{"column":1,"file":"E:\\CFP_BZ\\book_store\\src\\routes\\/book.route.js","function":null,"line":26,"method":null,"native":false},{"column":14,"file":"internal/modules/cjs/loader.js","function":"Module._compile","line":1085,"method":"_compile","native":false},{"column":24,"file":"E:\\CFP_BZ\\book_store\\node_modules\\pirates\\lib\\index.js","function":"Module._compile","line":136,"method":"_compile","native":false},{"column":10,"file":"internal/modules/cjs/loader.js","function":"Module._extensions..js","line":1114,"method":".js","native":false},{"column":7,"file":"E:\\CFP_BZ\\book_store\\node_modules\\pirates\\lib\\index.js","function":"Object.newLoader [as .js]","line":141,"method":"js]","native":false},{"column":32,"file":"internal/modules/cjs/loader.js","function":"Module.load","line":950,"method":"load","native":false},{"column":14,"file":"internal/modules/cjs/loader.js","function":"Module._load","line":790,"method":"_load","native":false},{"column":19,"file":"internal/modules/cjs/loader.js","function":"Module.require","line":974,"method":"require","native":false},{"column":18,"file":"internal/modules/cjs/helpers.js","function":"require","line":92,"method":null,"native":false},{"column":1,"file":"E:\\CFP_BZ\\book_store\\src\\routes\\/index.js","function":null,"line":5,"method":null,"native":false}]}
error: uncaughtException: descendingOrderRouter is not defined
ReferenceError: descendingOrderRouter is not defined
    at Object.<anonymous> (E:\CFP_BZ\book_store\src\routes\/book.route.js:26:1)
    at Module._compile (internal/modules/cjs/loader.js:1085:14)
    at Module._compile (E:\CFP_BZ\book_store\node_modules\pirates\lib\index.js:136:24)
    at Module._extensions..js (internal/modules/cjs/loader.js:1114:10)
    at Object.newLoader [as .js] (E:\CFP_BZ\book_store\node_modules\pirates\lib\index.js:141:7)
    at Module.load (internal/modules/cjs/loader.js:950:32)
    at Function.Module._load (internal/modules/cjs/loader.js:790:14)
    at Module.require (internal/modules/cjs/loader.js:974:19)
    at require (internal/modules/cjs/helpers.js:92:18)
    at Object.<anonymous> (E:\CFP_BZ\book_store\src\routes\/index.js:5:1) {"date":"Wed Feb 16 2022 16:07:19 GMT+0530 (India Standard Time)","error":{},"exception":true,"os":{"loadavg":[0,0,0],"uptime":61185},"process":{"argv":["node","E:\\CFP_BZ\\book_store\\src\\index.js"],"cwd":"E:\\CFP_BZ\\book_store","execPath":"C:\\Program Files\\nodejs\\node.exe","gid":null,"memoryUsage":{"arrayBuffers":18975317,"external":21198803,"heapTotal":82386944,"heapUsed":52715856,"rss":110600192},"pid":6568,"uid":null,"version":"v14.17.3"},"stack":"ReferenceError: descendingOrderRouter is not defined\n    at Object.<anonymous> (E:\\CFP_BZ\\book_store\\src\\routes\\/book.route.js:26:1)\n    at Module._compile (internal/modules/cjs/loader.js:1085:14)\n    at Module._compile (E:\\CFP_BZ\\book_store\\node_modules\\pirates\\lib\\index.js:136:24)\n    at Module._extensions..js (internal/modules/cjs/loader.js:1114:10)\n    at Object.newLoader [as .js] (E:\\CFP_BZ\\book_store\\node_modules\\pirates\\lib\\index.js:141:7)\n    at Module.load (internal/modules/cjs/loader.js:950:32)\n    at Function.Module._load (internal/modules/cjs/loader.js:790:14)\n    at Module.require (internal/modules/cjs/loader.js:974:19)\n    at require (internal/modules/cjs/helpers.js:92:18)\n    at Object.<anonymous> (E:\\CFP_BZ\\book_store\\src\\routes\\/index.js:5:1)","timestamp":"2022-02-16T10:37:19.869Z","trace":[{"column":1,"file":"E:\\CFP_BZ\\book_store\\src\\routes\\/book.route.js","function":null,"line":26,"method":null,"native":false},{"column":14,"file":"internal/modules/cjs/loader.js","function":"Module._compile","line":1085,"method":"_compile","native":false},{"column":24,"file":"E:\\CFP_BZ\\book_store\\node_modules\\pirates\\lib\\index.js","function":"Module._compile","line":136,"method":"_compile","native":false},{"column":10,"file":"internal/modules/cjs/loader.js","function":"Module._extensions..js","line":1114,"method":".js","native":false},{"column":7,"file":"E:\\CFP_BZ\\book_store\\node_modules\\pirates\\lib\\index.js","function":"Object.newLoader [as .js]","line":141,"method":"js]","native":false},{"column":32,"file":"internal/modules/cjs/loader.js","function":"Module.load","line":950,"method":"load","native":false},{"column":14,"file":"internal/modules/cjs/loader.js","function":"Module._load","line":790,"method":"_load","native":false},{"column":19,"file":"internal/modules/cjs/loader.js","function":"Module.require","line":974,"method":"require","native":false},{"column":18,"file":"internal/modules/cjs/helpers.js","function":"require","line":92,"method":null,"native":false},{"column":1,"file":"E:\\CFP_BZ\\book_store\\src\\routes\\/index.js","function":null,"line":5,"method":null,"native":false}]}
error: 
      status - 400
      message - Authorization token is required 
      url - /api/v1/books/descendingOrder 
      method - GET 
      IP - ::1
     {"timestamp":"2022-02-16T10:45:03.475Z"}
error: 
    status - 500 
    message - Error: ENOENT: no such file or directory, open 'E:\CFP_BZ\book_store\uploads\2022-02-16T10:56:21.268ZScreenshot (12).png' 
    url - /api/v1/books 
    method - POST 
    IP - ::1
   {"timestamp":"2022-02-16T10:56:21.292Z"}
error: 
    status - 500 
    message - Error: ENOENT: no such file or directory, open 'E:\CFP_BZ\book_store\uploads\2022-02-16T10:59:49.237ZScreenshot (12).png' 
    url - /api/v1/books 
    method - POST 
    IP - ::1
   {"timestamp":"2022-02-16T10:59:49.266Z"}
error: 
    status - 500 
    message - Error: ENOENT: no such file or directory, open 'E:\CFP_BZ\book_store\uploads\2022-02-16T11:00:57.563Zimg411.jpg' 
    url - /api/v1/books 
    method - POST 
    IP - ::1
   {"timestamp":"2022-02-16T11:00:57.570Z"}
error: 
    status - 500 
    message - Error: ENOENT: no such file or directory, open 'E:\CFP_BZ\book_store\uploads\2022-02-16T11:08:31.913Zimg411.jpg' 
    url - /api/v1/books 
    method - POST 
    IP - ::1
   {"timestamp":"2022-02-16T11:08:31.939Z"}
error: 
    status - 500 
    message - Error: ENOENT: no such file or directory, open 'E:\CFP_BZ\book_store\uploads\2022-02-16T11:09:55.812Zimg411.jpg' 
    url - /api/v1/books 
    method - POST 
    IP - ::1
   {"timestamp":"2022-02-16T11:09:55.828Z"}
error: 
    status - 500 
    message - Error: ENOENT: no such file or directory, open 'E:\CFP_BZ\book_store\uploads\2022-02-16T11:10:57.082Zimg411.jpg' 
    url - /api/v1/books 
    method - POST 
    IP - ::1
   {"timestamp":"2022-02-16T11:10:57.140Z"}
error: 
    status - 500 
    message - Error: ENOENT: no such file or directory, open 'E:\CFP_BZ\book_store\uploads\2022-02-16T11:12:07.514Zimg411.jpg' 
    url - /api/v1/books 
    method - POST 
    IP - ::1
   {"timestamp":"2022-02-16T11:12:07.533Z"}
error: 
    status - 500 
    message - Error: ENOENT: no such file or directory, open 'E:\CFP_BZ\book_store\uploads\2022-02-16T11:13:03.064Zimg411.jpg' 
    url - /api/v1/books 
    method - POST 
    IP - ::1
   {"timestamp":"2022-02-16T11:13:03.081Z"}
error: 
    status - 500 
    message - Error: ENOENT: no such file or directory, open 'E:\CFP_BZ\book_store\upload\2022-02-16T11:15:40.627Zimg411.jpg' 
    url - /api/v1/books 
    method - POST 
    IP - ::1
   {"timestamp":"2022-02-16T11:15:40.643Z"}
error: 
    status - 500 
    message - Error: ENOENT: no such file or directory, open 'E:\CFP_BZ\upload\2022-02-16T11:16:49.408Zimg411.jpg' 
    url - /api/v1/books 
    method - POST 
    IP - ::1
   {"timestamp":"2022-02-16T11:16:49.426Z"}
error: 
    status - 500 
    message - Error: ENOENT: no such file or directory, open 'E:\CFP_BZ\book_store\upload\2022-02-16T11:18:33.058Zimg411.jpg' 
    url - /api/v1/books 
    method - POST 
    IP - ::1
   {"timestamp":"2022-02-16T11:18:33.076Z"}
error: 
    status - 500 
    message - Error: ENOENT: no such file or directory, open 'E:\CFP_BZ\upload\2022-02-16T11:19:31.441Zimg411.jpg' 
    url - /api/v1/books 
    method - POST 
    IP - ::1
   {"timestamp":"2022-02-16T11:19:31.460Z"}
error: uncaughtException: E:\CFP_BZ\book_store\src\routes\book.route.js: Bad character escape sequence. (9:40)

[0m [90m  7 |[39m [90m        //cb(null, 'upload');[39m[0m
[0m [90m  8 |[39m [90m    }, */[39m[0m
[0m[31m[1m>[22m[39m[90m  9 |[39m     destination[33m:[39m [32m'E:\CFP_BZ\book_store\upload'[39m[33m,[39m[0m
[0m [90m    |[39m                                         [31m[1m^[22m[39m[0m
[0m [90m 10 |[39m     filename[33m:[39m [36mfunction[39m (req[33m,[39m file[33m,[39m cb) {[0m
[0m [90m 11 |[39m         cb([36mnull[39m[33m,[39m [36mnew[39m [33mDate[39m()[33m.[39mtoISOString() [33m+[39m file[33m.[39moriginalname)[33m;[39m[0m
[0m [90m 12 |[39m     }[0m
SyntaxError: Bad character escape sequence. (9:40)
    at Parser._raise (E:\CFP_BZ\book_store\node_modules\@babel\parser\src\parser\error.js:150:45)
    at Parser.raiseWithData (E:\CFP_BZ\book_store\node_modules\@babel\parser\src\parser\error.js:145:17)
    at Parser.raise (E:\CFP_BZ\book_store\node_modules\@babel\parser\src\parser\error.js:89:17)
    at Parser.readHexChar (E:\CFP_BZ\book_store\node_modules\@babel\parser\src\tokenizer\index.js:1656:14)
    at Parser.readCodePoint (E:\CFP_BZ\book_store\node_modules\@babel\parser\src\tokenizer\index.js:1431:19)
    at Parser.readEscapedChar (E:\CFP_BZ\book_store\node_modules\@babel\parser\src\tokenizer\index.js:1567:27)
    at Parser.readString (E:\CFP_BZ\book_store\node_modules\@babel\parser\src\tokenizer\index.js:1450:21)
    at Parser.getTokenFromCode (E:\CFP_BZ\book_store\node_modules\@babel\parser\src\tokenizer\index.js:1007:14) {"date":"Wed Feb 16 2022 16:50:14 GMT+0530 (India Standard Time)","error":{"code":"BABEL_PARSE_ERROR","loc":{"column":40,"index":358,"line":9},"pos":358,"reasonCode":"InvalidEscapeSequence"},"exception":true,"os":{"loadavg":[0,0,0],"uptime":63760},"process":{"argv":["node","E:\\CFP_BZ\\book_store\\src\\index.js"],"cwd":"E:\\CFP_BZ\\book_store","execPath":"C:\\Program Files\\nodejs\\node.exe","gid":null,"memoryUsage":{"arrayBuffers":18272326,"external":22159491,"heapTotal":88453120,"heapUsed":60716600,"rss":116244480},"pid":10056,"uid":null,"version":"v14.17.3"},"stack":"SyntaxError: Bad character escape sequence. (9:40)\n    at Parser._raise (E:\\CFP_BZ\\book_store\\node_modules\\@babel\\parser\\src\\parser\\error.js:150:45)\n    at Parser.raiseWithData (E:\\CFP_BZ\\book_store\\node_modules\\@babel\\parser\\src\\parser\\error.js:145:17)\n    at Parser.raise (E:\\CFP_BZ\\book_store\\node_modules\\@babel\\parser\\src\\parser\\error.js:89:17)\n    at Parser.readHexChar (E:\\CFP_BZ\\book_store\\node_modules\\@babel\\parser\\src\\tokenizer\\index.js:1656:14)\n    at Parser.readCodePoint (E:\\CFP_BZ\\book_store\\node_modules\\@babel\\parser\\src\\tokenizer\\index.js:1431:19)\n    at Parser.readEscapedChar (E:\\CFP_BZ\\book_store\\node_modules\\@babel\\parser\\src\\tokenizer\\index.js:1567:27)\n    at Parser.readString (E:\\CFP_BZ\\book_store\\node_modules\\@babel\\parser\\src\\tokenizer\\index.js:1450:21)\n    at Parser.getTokenFromCode (E:\\CFP_BZ\\book_store\\node_modules\\@babel\\parser\\src\\tokenizer\\index.js:1007:14)","timestamp":"2022-02-16T11:20:15.045Z","trace":[{"column":45,"file":"E:\\CFP_BZ\\book_store\\node_modules\\@babel\\parser\\src\\parser\\error.js","function":"Parser._raise","line":150,"method":"_raise","native":false},{"column":17,"file":"E:\\CFP_BZ\\book_store\\node_modules\\@babel\\parser\\src\\parser\\error.js","function":"Parser.raiseWithData","line":145,"method":"raiseWithData","native":false},{"column":17,"file":"E:\\CFP_BZ\\book_store\\node_modules\\@babel\\parser\\src\\parser\\error.js","function":"Parser.raise","line":89,"method":"raise","native":false},{"column":14,"file":"E:\\CFP_BZ\\book_store\\node_modules\\@babel\\parser\\src\\tokenizer\\index.js","function":"Parser.readHexChar","line":1656,"method":"readHexChar","native":false},{"column":19,"file":"E:\\CFP_BZ\\book_store\\node_modules\\@babel\\parser\\src\\tokenizer\\index.js","function":"Parser.readCodePoint","line":1431,"method":"readCodePoint","native":false},{"column":27,"file":"E:\\CFP_BZ\\book_store\\node_modules\\@babel\\parser\\src\\tokenizer\\index.js","function":"Parser.readEscapedChar","line":1567,"method":"readEscapedChar","native":false},{"column":21,"file":"E:\\CFP_BZ\\book_store\\node_modules\\@babel\\parser\\src\\tokenizer\\index.js","function":"Parser.readString","line":1450,"method":"readString","native":false},{"column":14,"file":"E:\\CFP_BZ\\book_store\\node_modules\\@babel\\parser\\src\\tokenizer\\index.js","function":"Parser.getTokenFromCode","line":1007,"method":"getTokenFromCode","native":false}]}
error: 
    status - 500 
    message - Error: Invalid sort() argument, must be array of arrays
    at model.Query.Query.sort (E:\CFP_BZ\book_store\node_modules\mquery\lib\mquery.js:1255:15)
    at model.Query.sort (E:\CFP_BZ\book_store\node_modules\mongoose\lib\query.js:2685:26)
    at _callee3$ (E:\CFP_BZ\book_store\src\services\/book.service.js:26:36)
    at tryCatch (E:\CFP_BZ\book_store\node_modules\regenerator-runtime\runtime.js:63:40)
    at Generator.invoke [as _invoke] (E:\CFP_BZ\book_store\node_modules\regenerator-runtime\runtime.js:294:22)
    at Generator.next (E:\CFP_BZ\book_store\node_modules\regenerator-runtime\runtime.js:119:21)
    at asyncGeneratorStep (E:\CFP_BZ\book_store\node_modules\@babel\runtime\helpers\asyncToGenerator.js:3:24)
    at _next (E:\CFP_BZ\book_store\node_modules\@babel\runtime\helpers\asyncToGenerator.js:25:9) 
    url - /api/v1/books/newArr 
    method - GET 
    IP - ::ffff:127.0.0.1
   {"timestamp":"2022-02-17T05:23:44.440Z"}
error: uncaughtException: searchRouter is not defined
ReferenceError: searchRouter is not defined
    at Object.<anonymous> (E:\CFP_BZ\book_store\src\routes\/book.route.js:35:1)
    at Module._compile (internal/modules/cjs/loader.js:1085:14)
    at Module._compile (E:\CFP_BZ\book_store\node_modules\pirates\lib\index.js:136:24)
    at Module._extensions..js (internal/modules/cjs/loader.js:1114:10)
    at Object.newLoader [as .js] (E:\CFP_BZ\book_store\node_modules\pirates\lib\index.js:141:7)
    at Module.load (internal/modules/cjs/loader.js:950:32)
    at Function.Module._load (internal/modules/cjs/loader.js:790:14)
    at Module.require (internal/modules/cjs/loader.js:974:19)
    at require (internal/modules/cjs/helpers.js:92:18)
    at Object.<anonymous> (E:\CFP_BZ\book_store\src\routes\/index.js:5:1) {"date":"Thu Feb 17 2022 11:55:41 GMT+0530 (India Standard Time)","error":{},"exception":true,"os":{"loadavg":[0,0,0],"uptime":63321},"process":{"argv":["node","E:\\CFP_BZ\\book_store\\src\\index.js"],"cwd":"E:\\CFP_BZ\\book_store","execPath":"C:\\Program Files\\nodejs\\node.exe","gid":null,"memoryUsage":{"arrayBuffers":18977153,"external":21200639,"heapTotal":81600512,"heapUsed":56616488,"rss":110432256},"pid":3308,"uid":null,"version":"v14.17.3"},"stack":"ReferenceError: searchRouter is not defined\n    at Object.<anonymous> (E:\\CFP_BZ\\book_store\\src\\routes\\/book.route.js:35:1)\n    at Module._compile (internal/modules/cjs/loader.js:1085:14)\n    at Module._compile (E:\\CFP_BZ\\book_store\\node_modules\\pirates\\lib\\index.js:136:24)\n    at Module._extensions..js (internal/modules/cjs/loader.js:1114:10)\n    at Object.newLoader [as .js] (E:\\CFP_BZ\\book_store\\node_modules\\pirates\\lib\\index.js:141:7)\n    at Module.load (internal/modules/cjs/loader.js:950:32)\n    at Function.Module._load (internal/modules/cjs/loader.js:790:14)\n    at Module.require (internal/modules/cjs/loader.js:974:19)\n    at require (internal/modules/cjs/helpers.js:92:18)\n    at Object.<anonymous> (E:\\CFP_BZ\\book_store\\src\\routes\\/index.js:5:1)","timestamp":"2022-02-17T06:25:41.265Z","trace":[{"column":1,"file":"E:\\CFP_BZ\\book_store\\src\\routes\\/book.route.js","function":null,"line":35,"method":null,"native":false},{"column":14,"file":"internal/modules/cjs/loader.js","function":"Module._compile","line":1085,"method":"_compile","native":false},{"column":24,"file":"E:\\CFP_BZ\\book_store\\node_modules\\pirates\\lib\\index.js","function":"Module._compile","line":136,"method":"_compile","native":false},{"column":10,"file":"internal/modules/cjs/loader.js","function":"Module._extensions..js","line":1114,"method":".js","native":false},{"column":7,"file":"E:\\CFP_BZ\\book_store\\node_modules\\pirates\\lib\\index.js","function":"Object.newLoader [as .js]","line":141,"method":"js]","native":false},{"column":32,"file":"internal/modules/cjs/loader.js","function":"Module.load","line":950,"method":"load","native":false},{"column":14,"file":"internal/modules/cjs/loader.js","function":"Module._load","line":790,"method":"_load","native":false},{"column":19,"file":"internal/modules/cjs/loader.js","function":"Module.require","line":974,"method":"require","native":false},{"column":18,"file":"internal/modules/cjs/helpers.js","function":"require","line":92,"method":null,"native":false},{"column":1,"file":"E:\\CFP_BZ\\book_store\\src\\routes\\/index.js","function":null,"line":5,"method":null,"native":false}]}
error: 
      status - 400
      message - Authorization token is required 
      url - /api/v1/books/ 
      method - GET 
      IP - ::ffff:127.0.0.1
     {"timestamp":"2022-02-17T10:15:10.162Z"}
error: 
    status - 500 
    message - JsonWebTokenError: jwt must be provided
    at Object.verify (E:\CFP_BZ\book_store\node_modules\jsonwebtoken\verify.js:53:17)
    at _callee$ (E:\CFP_BZ\book_store\src\middlewares\/auth.middleware.js:22:28)
    at tryCatch (E:\CFP_BZ\book_store\node_modules\regenerator-runtime\runtime.js:63:40)
    at Generator.invoke [as _invoke] (E:\CFP_BZ\book_store\node_modules\regenerator-runtime\runtime.js:294:22)
    at Generator.next (E:\CFP_BZ\book_store\node_modules\regenerator-runtime\runtime.js:119:21)
    at asyncGeneratorStep (E:\CFP_BZ\book_store\node_modules\@babel\runtime\helpers\asyncToGenerator.js:3:24)
    at _next (E:\CFP_BZ\book_store\node_modules\@babel\runtime\helpers\asyncToGenerator.js:25:9)
    at E:\CFP_BZ\book_store\node_modules\@babel\runtime\helpers\asyncToGenerator.js:32:7
    at new Promise (<anonymous>)
    at E:\CFP_BZ\book_store\node_modules\@babel\runtime\helpers\asyncToGenerator.js:21:12 
    url - /api/v1/books/ 
    method - GET 
    IP - ::ffff:127.0.0.1
   {"timestamp":"2022-02-17T10:24:11.738Z"}
error: 
    status - 500 
    message - ReferenceError: bearerToken is not defined
    at _callee$ (E:\CFP_BZ\book_store\src\middlewares\/auth.middleware.js:22:36)
    at tryCatch (E:\CFP_BZ\book_store\node_modules\regenerator-runtime\runtime.js:63:40)
    at Generator.invoke [as _invoke] (E:\CFP_BZ\book_store\node_modules\regenerator-runtime\runtime.js:294:22)
    at Generator.next (E:\CFP_BZ\book_store\node_modules\regenerator-runtime\runtime.js:119:21)
    at asyncGeneratorStep (E:\CFP_BZ\book_store\node_modules\@babel\runtime\helpers\asyncToGenerator.js:3:24)
    at _next (E:\CFP_BZ\book_store\node_modules\@babel\runtime\helpers\asyncToGenerator.js:25:9)
    at E:\CFP_BZ\book_store\node_modules\@babel\runtime\helpers\asyncToGenerator.js:32:7
    at new Promise (<anonymous>)
    at E:\CFP_BZ\book_store\node_modules\@babel\runtime\helpers\asyncToGenerator.js:21:12
    at userAuth (E:\CFP_BZ\book_store\src\middlewares\/auth.middleware.js:12:22) 
    url - /api/v1/books/ 
    method - GET 
    IP - ::ffff:127.0.0.1
   {"timestamp":"2022-02-17T10:27:32.100Z"}
